#
# A fatal error has been detected by the Java Runtime Environment:
#
#  SIGSEGV (0xb) at pc=0x00007f32288e526e, pid=28319, tid=0x00007f327fe9a700
#
# JRE version: Java(TM) SE Runtime Environment (8.0_191-b12) (build 1.8.0_191-b12)
# Java VM: Java HotSpot(TM) 64-Bit Server VM (25.191-b12 mixed mode linux-amd64 compressed oops)
# Problematic frame:
# C  [libz3.so+0xbff26e]  pb_util::get_k(func_decl*) const+0x1e
#
# Failed to write core dump. Core dumps have been disabled. To enable core dumping, try "ulimit -c unlimited" before starting Java again
#
# If you would like to submit a bug report, please visit:
#   http://bugreport.java.com/bugreport/crash.jsp
# The crash happened outside the Java Virtual Machine in native code.
# See problematic frame for where to report the bug.
#

---------------  T H R E A D  ---------------

Current thread (0x00007f327800d800):  JavaThread "main" [_thread_in_native, id=28323, stack(0x00007f327fd9b000,0x00007f327fe9b000)]

siginfo: si_signo: 11 (SIGSEGV), si_code: 1 (SEGV_MAPERR), si_addr: 0x0000000000000000

Registers:
RAX=0x00007f3278978d28, RBX=0x00007f327fe98b00, RCX=0x000000000000000c, RDX=0x00007f3278b91ab8
RSP=0x00007f327fe98970, RBP=0x0000000000000000, RSI=0x00007f3278bb6ca8, RDI=0x00007f327fe98b00
R8 =0x00007f3278bb6a48, R9 =0x00007f3278bb6a58, R10=0x00007f32787ae018, R11=0x0000000000000000
R12=0x00007f3278b91ab8, R13=0x0000000000000000, R14=0x0000000000000000, R15=0x000000000000000c
RIP=0x00007f32288e526e, EFLAGS=0x0000000000010202, CSGSFS=0x002b000000000033, ERR=0x0000000000000004
  TRAPNO=0x000000000000000e

Top of Stack: (sp=0x00007f327fe98970)
0x00007f327fe98970:   0000000000000000 00007f3278bb6a48
0x00007f327fe98980:   00007f3278b91ab8 0000000000000000
0x00007f327fe98990:   0000000000000000 00007f3228840c2f
0x00007f327fe989a0:   00007f32787aca68 0000000000000000
0x00007f327fe989b0:   00007f3278bb6ca8 00007f3200000000
0x00007f327fe989c0:   00007f3278503aa8 00007f3278b91ab8
0x00007f327fe989d0:   00007f32787aca68 00007f327fe98aa0
0x00007f327fe989e0:   00007f327fe98a50 00007f327fe98a60
0x00007f327fe989f0:   00007f327fe98a80 00007f327fe98a60
0x00007f327fe98a00:   00007f327fe98b00 00007f3278bb6a48
0x00007f327fe98a10:   0000000000000001 0000000100000000
0x00007f327fe98a20:   00007f3200000001 0000000000000000
0x00007f327fe98a30:   0000000000000001 0000000000000000
0x00007f327fe98a40:   0000000000000001 da4a6104f0064700
0x00007f327fe98a50:   0000000000000001 00007f3278503aa8
0x00007f327fe98a60:   00007f3200000000 0000000000000000
0x00007f327fe98a70:   00007f3200000001 0000000000000000
0x00007f327fe98a80:   0000000000000000 0000000000000000
0x00007f327fe98a90:   0000000000000001 0000000000000000
0x00007f327fe98aa0:   00007f3200000000 0000000000000000
0x00007f327fe98ab0:   00007f3200000001 0000000000000000
0x00007f327fe98ac0:   00007f3200000000 0000000000000000
0x00007f327fe98ad0:   00007f3200000001 0000000000000000
0x00007f327fe98ae0:   00007f3200000000 0000000000000000
0x00007f327fe98af0:   00007f3200000001 0000000000000000
0x00007f327fe98b00:   00007f3200000000 0000000000000000
0x00007f327fe98b10:   0000000000000001 0000000000000000
0x00007f327fe98b20:   00007f32787aca68 00007f3278bb6a80
0x00007f327fe98b30:   00007f3278bb6a48 00007f32787cb648
0x00007f327fe98b40:   00007f3278890da0 0000000000000002
0x00007f327fe98b50:   0000000000000005 00007f32287cc68d
0x00007f327fe98b60:   00007f32787aca68 da4a6104f0064700 

Instructions: (pc=0x00007f32288e526e)
0x00007f32288e524e:   00 00 41 56 41 55 41 54 55 53 48 8b 42 18 48 89
0x00007f32288e525e:   fb 8b 08 39 4e 08 48 8b 68 08 0f 84 e2 00 00 00
0x00007f32288e526e:   8b 45 00 85 c0 0f 84 a7 00 00 00 c7 03 00 00 00
0x00007f32288e527e:   00 48 c7 43 08 00 00 00 00 4c 8d 75 08 c7 43 10 

Register to memory mapping:

RAX=0x00007f3278978d28 is an unknown value
RBX=0x00007f327fe98b00 is pointing into the stack for thread: 0x00007f327800d800
RCX=0x000000000000000c is an unknown value
RDX=0x00007f3278b91ab8 is an unknown value
RSP=0x00007f327fe98970 is pointing into the stack for thread: 0x00007f327800d800
RBP=0x0000000000000000 is an unknown value
RSI=0x00007f3278bb6ca8 is an unknown value
RDI=0x00007f327fe98b00 is pointing into the stack for thread: 0x00007f327800d800
R8 =0x00007f3278bb6a48 is an unknown value
R9 =0x00007f3278bb6a58 is an unknown value
R10=0x00007f32787ae018 is an unknown value
R11=0x0000000000000000 is an unknown value
R12=0x00007f3278b91ab8 is an unknown value
R13=0x0000000000000000 is an unknown value
R14=0x0000000000000000 is an unknown value
R15=0x000000000000000c is an unknown value


Stack: [0x00007f327fd9b000,0x00007f327fe9b000],  sp=0x00007f327fe98970,  free space=1014k
Native frames: (J=compiled Java code, j=interpreted, Vv=VM code, C=native code)
C  [libz3.so+0xbff26e]  pb_util::get_k(func_decl*) const+0x1e

Java frames: (J=compiled Java code, j=interpreted, Vv=VM code)
j  com.microsoft.z3.Native.INTERNALoptimizeCheck(JJ)I+0
j  com.microsoft.z3.Native.optimizeCheck(JJ)I+2
j  com.microsoft.z3.Optimize.Check()Lcom/microsoft/z3/Status;+11
j  it.polito.verigraph.mcnet.components.Checker.propertyCheck()Lit/polito/verigraph/mcnet/components/IsolationResult;+57
j  it.polito.verifoo.rest.common.VerifooProxy.checkNFFGProperty()Lit/polito/verigraph/mcnet/components/IsolationResult;+65
j  it.polito.verifoo.rest.common.VerifooSerializer.<init>(Lit/polito/verifoo/rest/jaxb/NFV;)V+282
j  it.polito.verifoo.rest.main.Main.main([Ljava/lang/String;)V+165
v  ~StubRoutines::call_stub

---------------  P R O C E S S  ---------------

Java Threads: ( => current thread )
  0x00007f32780f7800 JavaThread "Service Thread" daemon [_thread_blocked, id=28337, stack(0x00007f325611c000,0x00007f325621d000)]
  0x00007f32780c2000 JavaThread "C1 CompilerThread2" daemon [_thread_blocked, id=28336, stack(0x00007f325621e000,0x00007f325631e000)]
  0x00007f32780c0800 JavaThread "C2 CompilerThread1" daemon [_thread_blocked, id=28335, stack(0x00007f325631f000,0x00007f325641f000)]
  0x00007f32780bd800 JavaThread "C2 CompilerThread0" daemon [_thread_blocked, id=28334, stack(0x00007f3256420000,0x00007f3256520000)]
  0x00007f32780bc000 JavaThread "Signal Dispatcher" daemon [_thread_blocked, id=28333, stack(0x00007f3256520000,0x00007f3256621000)]
  0x00007f3278088000 JavaThread "Finalizer" daemon [_thread_blocked, id=28332, stack(0x00007f3256ff0000,0x00007f32570f1000)]
  0x00007f3278085800 JavaThread "Reference Handler" daemon [_thread_blocked, id=28331, stack(0x00007f32570f1000,0x00007f32571f2000)]
=>0x00007f327800d800 JavaThread "main" [_thread_in_native, id=28323, stack(0x00007f327fd9b000,0x00007f327fe9b000)]

Other Threads:
  0x00007f327807b800 VMThread [stack: 0x00007f32571f3000,0x00007f32572f3000] [id=28330]
  0x00007f32780fc000 WatcherThread [stack: 0x00007f325601c000,0x00007f325611c000] [id=28338]

VM state:not at safepoint (normal execution)

VM Mutex/Monitor currently owned by a thread: None

Heap:
 PSYoungGen      total 37888K, used 16464K [0x00000000d6700000, 0x00000000db100000, 0x0000000100000000)
  eden space 32768K, 34% used [0x00000000d6700000,0x00000000d7219490,0x00000000d8700000)
  from space 5120K, 99% used [0x00000000d8700000,0x00000000d8bfad30,0x00000000d8c00000)
  to   space 5120K, 0% used [0x00000000dac00000,0x00000000dac00000,0x00000000db100000)
 ParOldGen       total 86016K, used 1364K [0x0000000083400000, 0x0000000088800000, 0x00000000d6700000)
  object space 86016K, 1% used [0x0000000083400000,0x0000000083555020,0x0000000088800000)
 Metaspace       used 17646K, capacity 18314K, committed 18560K, reserved 1064960K
  class space    used 2237K, capacity 2368K, committed 2432K, reserved 1048576K

Card table byte_map: [0x00007f327c691000,0x00007f327ca78000] byte_map_base: 0x00007f327c277000

Marking Bits: (ParMarkBitMap*) 0x00007f327f240d40
 Begin Bits: [0x00007f32601a0000, 0x00007f32620d0000)
 End Bits:   [0x00007f32620d0000, 0x00007f3264000000)

Polling page: 0x00007f327feb0000

CodeCache: size=245760Kb used=5257Kb max_used=5271Kb free=240502Kb
 bounds [0x00007f3269000000, 0x00007f3269530000, 0x00007f3278000000]
 total_blobs=2123 nmethods=1693 adapters=343
 compilation: enabled

Compilation events (10 events):
Event: 1,017 Thread 0x00007f32780c2000 nmethod 1686 0x00007f326951f090 code [0x00007f326951f240, 0x00007f326951f608]
Event: 1,019 Thread 0x00007f32780c2000 1692       3       com.microsoft.z3.FuncDecl::apply (18 bytes)
Event: 1,019 Thread 0x00007f32780c0800 1693   !   4       sun.misc.URLClassPath$JarLoader::getResource (85 bytes)
Event: 1,020 Thread 0x00007f32780c2000 nmethod 1692 0x00007f326951ff50 code [0x00007f3269520120, 0x00007f3269520758]
Event: 1,020 Thread 0x00007f32780c2000 1689       3       com.microsoft.z3.Expr::create (26 bytes)
Event: 1,020 Thread 0x00007f32780c2000 nmethod 1689 0x00007f3269520a50 code [0x00007f3269520c00, 0x00007f3269521008]
Event: 1,020 Thread 0x00007f32780c2000 1690       3       com.microsoft.z3.Native::mkApp (48 bytes)
Event: 1,020 Thread 0x00007f32780c2000 nmethod 1690 0x00007f3269521250 code [0x00007f3269521400, 0x00007f32695217c8]
Event: 1,027 Thread 0x00007f32780c0800 nmethod 1693 0x00007f3269524ed0 code [0x00007f3269525100, 0x00007f3269525990]
Event: 1,028 Thread 0x00007f32780bd800 nmethod 1646 0x00007f3269522350 code [0x00007f3269522520, 0x00007f3269523148]

GC Heap History (2 events):
Event: 0,775 GC heap before
{Heap before GC invocations=1 (full 0):
 PSYoungGen      total 37888K, used 32768K [0x00000000d6700000, 0x00000000d9100000, 0x0000000100000000)
  eden space 32768K, 100% used [0x00000000d6700000,0x00000000d8700000,0x00000000d8700000)
  from space 5120K, 0% used [0x00000000d8c00000,0x00000000d8c00000,0x00000000d9100000)
  to   space 5120K, 0% used [0x00000000d8700000,0x00000000d8700000,0x00000000d8c00000)
 ParOldGen       total 86016K, used 0K [0x0000000083400000, 0x0000000088800000, 0x00000000d6700000)
  object space 86016K, 0% used [0x0000000083400000,0x0000000083400000,0x0000000088800000)
 Metaspace       used 15386K, capacity 15584K, committed 15872K, reserved 1062912K
  class space    used 1908K, capacity 1947K, committed 2048K, reserved 1048576K
Event: 0,787 GC heap after
Heap after GC invocations=1 (full 0):
 PSYoungGen      total 37888K, used 5099K [0x00000000d6700000, 0x00000000db100000, 0x0000000100000000)
  eden space 32768K, 0% used [0x00000000d6700000,0x00000000d6700000,0x00000000d8700000)
  from space 5120K, 99% used [0x00000000d8700000,0x00000000d8bfad30,0x00000000d8c00000)
  to   space 5120K, 0% used [0x00000000dac00000,0x00000000dac00000,0x00000000db100000)
 ParOldGen       total 86016K, used 1364K [0x0000000083400000, 0x0000000088800000, 0x00000000d6700000)
  object space 86016K, 1% used [0x0000000083400000,0x0000000083555020,0x0000000088800000)
 Metaspace       used 15386K, capacity 15584K, committed 15872K, reserved 1062912K
  class space    used 1908K, capacity 1947K, committed 2048K, reserved 1048576K
}

Deoptimization events (10 events):
Event: 0,508 Thread 0x00007f327800d800 Uncommon trap: reason=class_check action=maybe_recompile pc=0x00007f3269255338 method=java.util.HashMap.putVal(ILjava/lang/Object;Ljava/lang/Object;ZZ)Ljava/lang/Object; @ 203
Event: 0,575 Thread 0x00007f327800d800 Uncommon trap: reason=unstable_if action=reinterpret pc=0x00007f3269237040 method=sun.net.www.ParseUtil.encodePath(Ljava/lang/String;Z)Ljava/lang/String; @ 109
Event: 0,579 Thread 0x00007f327800d800 Uncommon trap: reason=unstable_if action=reinterpret pc=0x00007f32691e4a90 method=sun.net.www.ParseUtil.encodePath(Ljava/lang/String;Z)Ljava/lang/String; @ 109
Event: 0,637 Thread 0x00007f327800d800 Uncommon trap: reason=unstable_if action=reinterpret pc=0x00007f3269217b64 method=java.lang.AbstractStringBuilder.append(Ljava/lang/String;)Ljava/lang/AbstractStringBuilder; @ 1
Event: 0,661 Thread 0x00007f327800d800 Uncommon trap: reason=bimorphic action=maybe_recompile pc=0x00007f32692ff58c method=java.util.HashMap.putVal(ILjava/lang/Object;Ljava/lang/Object;ZZ)Ljava/lang/Object; @ 91
Event: 0,661 Thread 0x00007f327800d800 Uncommon trap: reason=bimorphic action=maybe_recompile pc=0x00007f32692ff58c method=java.util.HashMap.putVal(ILjava/lang/Object;Ljava/lang/Object;ZZ)Ljava/lang/Object; @ 91
Event: 0,666 Thread 0x00007f327800d800 Uncommon trap: reason=bimorphic action=maybe_recompile pc=0x00007f32692ff58c method=java.util.HashMap.putVal(ILjava/lang/Object;Ljava/lang/Object;ZZ)Ljava/lang/Object; @ 91
Event: 0,680 Thread 0x00007f327800d800 Uncommon trap: reason=unstable_if action=reinterpret pc=0x00007f32691bfeec method=java.lang.AbstractStringBuilder.append(Ljava/lang/String;)Ljava/lang/AbstractStringBuilder; @ 1
Event: 0,713 Thread 0x00007f327800d800 Uncommon trap: reason=bimorphic action=maybe_recompile pc=0x00007f32692ff4ac method=java.util.HashMap.putVal(ILjava/lang/Object;Ljava/lang/Object;ZZ)Ljava/lang/Object; @ 152
Event: 0,714 Thread 0x00007f327800d800 Uncommon trap: reason=bimorphic action=maybe_recompile pc=0x00007f32692ff4ac method=java.util.HashMap.putVal(ILjava/lang/Object;Ljava/lang/Object;ZZ)Ljava/lang/Object; @ 152

Classes redefined (0 events):
No events

Internal exceptions (10 events):
Event: 0,475 Thread 0x00007f327800d800 Exception <a 'java/lang/NullPointerException'> (0x00000000d7d8e538) thrown at [/HUDSON/workspace/8-2-build-linux-amd64/jdk8u191/11894/hotspot/src/share/vm/interpreter/linkResolver.cpp, line 1287]
Event: 0,483 Thread 0x00007f327800d800 Implicit null exception at 0x00007f3269251b3b to 0x00007f3269252451
Event: 0,637 Thread 0x00007f327800d800 Implicit null exception at 0x00007f32692177b5 to 0x00007f3269217b51
Event: 0,680 Thread 0x00007f327800d800 Implicit null exception at 0x00007f32691bfb36 to 0x00007f32691bfed5
Event: 0,712 Thread 0x00007f327800d800 Exception <a 'java/lang/ClassNotFoundException': com/sun/org/glassfish/hk2/osgiresourcelocator/ServiceLoader> (0x00000000d84756f0) thrown at [/HUDSON/workspace/8-2-build-linux-amd64/jdk8u191/11894/hotspot/src/share/vm/classfile/systemDictionary.cpp, line 
Event: 0,808 Thread 0x00007f327800d800 Exception <a 'java/lang/NoSuchFieldError': method resolution failed> (0x00000000d6785968) thrown at [/HUDSON/workspace/8-2-build-linux-amd64/jdk8u191/11894/hotspot/src/share/vm/prims/methodHandles.cpp, line 1167]
Event: 0,809 Thread 0x00007f327800d800 Exception <a 'java/lang/NoSuchFieldError': method resolution failed> (0x00000000d6793288) thrown at [/HUDSON/workspace/8-2-build-linux-amd64/jdk8u191/11894/hotspot/src/share/vm/prims/methodHandles.cpp, line 1167]
Event: 0,834 Thread 0x00007f327800d800 Exception <a 'java/lang/ClassNotFoundException': com/sun/org/glassfish/hk2/osgiresourcelocator/ServiceLoader> (0x00000000d68befb0) thrown at [/HUDSON/workspace/8-2-build-linux-amd64/jdk8u191/11894/hotspot/src/share/vm/classfile/systemDictionary.cpp, line 
Event: 0,974 Thread 0x00007f327800d800 Exception <a 'java/lang/NoSuchMethodError': java.lang.Object.lambda$comparing$77a9974f$1(Ljava/util/function/Function;Ljava/lang/Object;Ljava/lang/Object;)I> (0x00000000d7013480) thrown at [/HUDSON/workspace/8-2-build-linux-amd64/jdk8u191/11894/hotspot/sr
Event: 0,980 Thread 0x00007f327800d800 Exception <a 'java/lang/NoSuchMethodError': java.lang.Object.lambda$thenComparing$36697e65$1(Ljava/util/Comparator;Ljava/lang/Object;Ljava/lang/Object;)I> (0x00000000d7025e18) thrown at [/HUDSON/workspace/8-2-build-linux-amd64/jdk8u191/11894/hotspot/src/s

Events (10 events):
Event: 1,015 loading class it/polito/verigraph/mcnet/components/Checker$Prop
Event: 1,015 loading class it/polito/verigraph/mcnet/components/Checker$Prop done
Event: 1,016 loading class it/polito/verigraph/mcnet/components/NetworkObject
Event: 1,016 loading class it/polito/verigraph/mcnet/components/NetworkObject done
Event: 1,016 loading class it/polito/verigraph/mcnet/components/NetworkObject
Event: 1,016 loading class it/polito/verigraph/mcnet/components/NetworkObject done
Event: 1,016 loading class it/polito/verigraph/mcnet/components/Checker
Event: 1,016 loading class it/polito/verigraph/mcnet/components/Checker done
Event: 1,018 loading class com/microsoft/z3/Optimize$Handle
Event: 1,018 loading class com/microsoft/z3/Optimize$Handle done


Dynamic libraries:
00400000-00401000 r-xp 00000000 08:01 282504                             /usr/lib/jvm/java-8-oracle/bin/java
00600000-00601000 r--p 00000000 08:01 282504                             /usr/lib/jvm/java-8-oracle/bin/java
00601000-00602000 rw-p 00001000 08:01 282504                             /usr/lib/jvm/java-8-oracle/bin/java
01ace000-01aef000 rw-p 00000000 00:00 0                                  [heap]
83400000-88800000 rw-p 00000000 00:00 0 
88800000-d6700000 ---p 00000000 00:00 0 
d6700000-db100000 rw-p 00000000 00:00 0 
db100000-100000000 ---p 00000000 00:00 0 
100000000-100260000 rw-p 00000000 00:00 0 
100260000-140000000 ---p 00000000 00:00 0 
7f3227ce6000-7f3228dd2000 r-xp 00000000 08:01 927915                     /home/verifoo/git/verifoo/WebContent/WEB-INF/lib/jni/libz3.so
7f3228dd2000-7f3228fd1000 ---p 010ec000 08:01 927915                     /home/verifoo/git/verifoo/WebContent/WEB-INF/lib/jni/libz3.so
7f3228fd1000-7f3228ffa000 r--p 010eb000 08:01 927915                     /home/verifoo/git/verifoo/WebContent/WEB-INF/lib/jni/libz3.so
7f3228ffa000-7f3228ffd000 rw-p 01114000 08:01 927915                     /home/verifoo/git/verifoo/WebContent/WEB-INF/lib/jni/libz3.so
7f3228ffd000-7f322c000000 rw-p 00000000 00:00 0 
7f322c000000-7f322c021000 rw-p 00000000 00:00 0 
7f322c021000-7f3230000000 ---p 00000000 00:00 0 
7f3230000000-7f3230021000 rw-p 00000000 00:00 0 
7f3230021000-7f3234000000 ---p 00000000 00:00 0 
7f3234000000-7f32341ac000 rw-p 00000000 00:00 0 
7f32341ac000-7f3238000000 ---p 00000000 00:00 0 
7f3238000000-7f3238306000 rw-p 00000000 00:00 0 
7f3238306000-7f323c000000 ---p 00000000 00:00 0 
7f323c000000-7f323c021000 rw-p 00000000 00:00 0 
7f323c021000-7f3240000000 ---p 00000000 00:00 0 
7f3240000000-7f32401c6000 rw-p 00000000 00:00 0 
7f32401c6000-7f3244000000 ---p 00000000 00:00 0 
7f3244000000-7f3244021000 rw-p 00000000 00:00 0 
7f3244021000-7f3248000000 ---p 00000000 00:00 0 
7f3248000000-7f3248021000 rw-p 00000000 00:00 0 
7f3248021000-7f324c000000 ---p 00000000 00:00 0 
7f324c000000-7f324c021000 rw-p 00000000 00:00 0 
7f324c021000-7f3250000000 ---p 00000000 00:00 0 
7f3250000000-7f3250021000 rw-p 00000000 00:00 0 
7f3250021000-7f3254000000 ---p 00000000 00:00 0 
7f32544a5000-7f325466d000 rw-p 00000000 00:00 0 
7f325466d000-7f3254684000 r-xp 00000000 08:01 130383                     /lib/x86_64-linux-gnu/libgcc_s.so.1
7f3254684000-7f3254883000 ---p 00017000 08:01 130383                     /lib/x86_64-linux-gnu/libgcc_s.so.1
7f3254883000-7f3254884000 r--p 00016000 08:01 130383                     /lib/x86_64-linux-gnu/libgcc_s.so.1
7f3254884000-7f3254885000 rw-p 00017000 08:01 130383                     /lib/x86_64-linux-gnu/libgcc_s.so.1
7f3254885000-7f32548b3000 r-xp 00000000 08:01 394069                     /usr/lib/x86_64-linux-gnu/libgomp.so.1.0.0
7f32548b3000-7f3254ab2000 ---p 0002e000 08:01 394069                     /usr/lib/x86_64-linux-gnu/libgomp.so.1.0.0
7f3254ab2000-7f3254ab3000 r--p 0002d000 08:01 394069                     /usr/lib/x86_64-linux-gnu/libgomp.so.1.0.0
7f3254ab3000-7f3254ab4000 rw-p 0002e000 08:01 394069                     /usr/lib/x86_64-linux-gnu/libgomp.so.1.0.0
7f3254ab4000-7f3254c2d000 r-xp 00000000 08:01 394070                     /usr/lib/x86_64-linux-gnu/libstdc++.so.6.0.25
7f3254c2d000-7f3254e2d000 ---p 00179000 08:01 394070                     /usr/lib/x86_64-linux-gnu/libstdc++.so.6.0.25
7f3254e2d000-7f3254e37000 r--p 00179000 08:01 394070                     /usr/lib/x86_64-linux-gnu/libstdc++.so.6.0.25
7f3254e37000-7f3254e39000 rw-p 00183000 08:01 394070                     /usr/lib/x86_64-linux-gnu/libstdc++.so.6.0.25
7f3254e39000-7f3254e3d000 rw-p 00000000 00:00 0 
7f3254e4e000-7f3254e4f000 r--p 00000000 00:00 0 
7f3254e4f000-7f3254e77000 r-xp 00000000 08:01 927931                     /home/verifoo/git/verifoo/WebContent/WEB-INF/lib/jni/libz3java.so
7f3254e77000-7f3255076000 ---p 00028000 08:01 927931                     /home/verifoo/git/verifoo/WebContent/WEB-INF/lib/jni/libz3java.so
7f3255076000-7f3255077000 r--p 00027000 08:01 927931                     /home/verifoo/git/verifoo/WebContent/WEB-INF/lib/jni/libz3java.so
7f3255077000-7f3255079000 rw-p 00028000 08:01 927931                     /home/verifoo/git/verifoo/WebContent/WEB-INF/lib/jni/libz3java.so
7f3255079000-7f3255085000 rw-p 0003d000 08:01 927931                     /home/verifoo/git/verifoo/WebContent/WEB-INF/lib/jni/libz3java.so
7f3255085000-7f3255245000 rw-p 00000000 00:00 0 
7f3255245000-7f3255285000 ---p 00000000 00:00 0 
7f3255285000-7f3255485000 rw-p 00000000 00:00 0 
7f3255485000-7f3255498000 r--s 00345000 08:01 282887                     /usr/lib/jvm/java-8-oracle/jre/lib/resources.jar
7f3255498000-7f3255698000 rw-p 00000000 00:00 0 
7f3255698000-7f3255898000 rw-p 00000000 00:00 0 
7f3255898000-7f32558a9000 r-xp 00000000 08:01 282953                     /usr/lib/jvm/java-8-oracle/jre/lib/amd64/libnio.so
7f32558a9000-7f3255aa8000 ---p 00011000 08:01 282953                     /usr/lib/jvm/java-8-oracle/jre/lib/amd64/libnio.so
7f3255aa8000-7f3255aa9000 r--p 00010000 08:01 282953                     /usr/lib/jvm/java-8-oracle/jre/lib/amd64/libnio.so
7f3255aa9000-7f3255aaa000 rw-p 00011000 08:01 282953                     /usr/lib/jvm/java-8-oracle/jre/lib/amd64/libnio.so
7f3255aaa000-7f3255ac5000 r--s 001d4000 08:01 420770                     /usr/lib/jvm/java-8-oracle/jre/lib/ext/nashorn.jar
7f3255ac5000-7f3255adb000 r-xp 00000000 08:01 282950                     /usr/lib/jvm/java-8-oracle/jre/lib/amd64/libnet.so
7f3255adb000-7f3255cda000 ---p 00016000 08:01 282950                     /usr/lib/jvm/java-8-oracle/jre/lib/amd64/libnet.so
7f3255cda000-7f3255cdb000 r--p 00015000 08:01 282950                     /usr/lib/jvm/java-8-oracle/jre/lib/amd64/libnet.so
7f3255cdb000-7f3255cdc000 rw-p 00016000 08:01 282950                     /usr/lib/jvm/java-8-oracle/jre/lib/amd64/libnet.so
7f3255cdc000-7f3255ce4000 r-xp 00000000 08:01 282958                     /usr/lib/jvm/java-8-oracle/jre/lib/amd64/libmanagement.so
7f3255ce4000-7f3255ee4000 ---p 00008000 08:01 282958                     /usr/lib/jvm/java-8-oracle/jre/lib/amd64/libmanagement.so
7f3255ee4000-7f3255ee5000 r--p 00008000 08:01 282958                     /usr/lib/jvm/java-8-oracle/jre/lib/amd64/libmanagement.so
7f3255ee5000-7f3255ee6000 rw-p 00009000 08:01 282958                     /usr/lib/jvm/java-8-oracle/jre/lib/amd64/libmanagement.so
7f3255ee6000-7f3255ee8000 r--s 00006000 08:01 927385                     /home/verifoo/git/verifoo/lib/neo4j/neo4j-kernel-api-3.3.4.jar
7f3255ee8000-7f3255f2d000 r--s 002f9000 08:01 927599                     /home/verifoo/git/verifoo/lib/neo4j/neo4j-kernel-3.3.4.jar
7f3255f2d000-7f3255f63000 r--s 0022c000 08:01 927756                     /home/verifoo/git/verifoo/lib/neo4j/neo4j-java-driver-1.5.1.jar
7f3255f63000-7f3255f6a000 r--s 00029000 08:01 927598                     /home/verifoo/git/verifoo/lib/neo4j/neo4j-graphdb-api-3.3.4.jar
7f3255f6a000-7f3255f6b000 r--s 00005000 08:01 927883                     /home/verifoo/git/verifoo/lib/neo4j/neo4j-3.3.4.jar
7f3255f6b000-7f3255f6c000 r--s 00003000 08:01 928056                     /home/verifoo/git/verifoo/lib/junit/concurrent-junit-1.0.0.jar
7f3255f6c000-7f3255f73000 r--s 00042000 08:01 927319                     /home/verifoo/git/verifoo/WebContent/WEB-INF/lib/yasson-1.0.jar
7f3255f73000-7f3255f77000 r--s 0000c000 08:01 916316                     /home/verifoo/git/verifoo/WebContent/WEB-INF/lib/validation-api-1.1.0.Final.jar
7f3255f77000-7f3255f7a000 r--s 00017000 08:01 927868                     /home/verifoo/git/verifoo/WebContent/WEB-INF/lib/swagger-models-1.5.0.jar
7f3255f7a000-7f3255f7b000 r--s 00001000 08:01 927561                     /home/verifoo/git/verifoo/WebContent/WEB-INF/lib/swagger-jersey2-jaxrs-1.5.0.jar
7f3255f7b000-7f3255f7d000 r--s 00010000 08:01 912977                     /home/verifoo/git/verifoo/WebContent/WEB-INF/lib/swagger-jaxrs-1.5.0.jar
7f3255f7d000-7f3255f7e000 r--s 0000b000 08:01 927473                     /home/verifoo/git/verifoo/WebContent/WEB-INF/lib/swagger-core-1.5.0.jar
7f3255f7e000-7f3255f80000 r--s 00002000 08:01 927448                     /home/verifoo/git/verifoo/WebContent/WEB-INF/lib/swagger-annotations-1.5.0.jar
7f3255f80000-7f3255f81000 r--s 00003000 08:01 927418                     /home/verifoo/git/verifoo/WebContent/WEB-INF/lib/slf4j-simple-1.7.25.jar
7f3255f81000-7f3255f83000 r--s 00009000 08:01 927405                     /home/verifoo/git/verifoo/WebContent/WEB-INF/lib/slf4j-api-1.7.25.jar
7f3255f83000-7f3255f86000 r--s 00020000 08:01 928000                     /home/verifoo/git/verifoo/WebContent/WEB-INF/lib/reflections-0.9.9.jar
7f3255f86000-7f3255f89000 r--s 0000a000 08:01 928019                     /home/verifoo/git/verifoo/WebContent/WEB-INF/lib/persistence-api-1.0.jar
7f3255f89000-7f3255f8a000 r--s 00004000 08:01 927719                     /home/verifoo/git/verifoo/WebContent/WEB-INF/lib/osgi-resource-locator-1.0.1.jar
7f3255f8a000-7f3255f8f000 r--s 00038000 08:01 927671                     /home/verifoo/git/verifoo/WebContent/WEB-INF/lib/org.osgi.core-4.2.0.jar
7f3255f8f000-7f3255f98000 r--s 00093000 08:01 927878                     /home/verifoo/git/verifoo/WebContent/WEB-INF/lib/org.eclipse.persistence.moxy-2.6.0.jar
7f3255f98000-7f3255fb7000 r--s 0015c000 08:01 927179                     /home/verifoo/git/verifoo/WebContent/WEB-INF/lib/log4j-core-2.9.1.jar
7f3255fb7000-7f3255fbc000 r--s 00036000 08:01 927567                     /home/verifoo/git/verifoo/WebContent/WEB-INF/lib/log4j-api-2.9.1.jar
7f3255fbc000-7f3255fbd000 r--s 00001000 08:01 927255                     /home/verifoo/git/verifoo/WebContent/WEB-INF/lib/jsr250-api-1.0.jar
7f3255fbd000-7f3255fd2000 r--s 000d1000 08:01 927220                     /home/verifoo/git/verifoo/WebContent/WEB-INF/lib/jersey-server-2.25.1.jar
7f3255fd2000-7f3255fd4000 r--s 00009000 08:01 927802                     /home/verifoo/git/verifoo/WebContent/WEB-INF/lib/jersey-media-sse-2.25.1.jar
7f3255fd4000-7f3255fd7000 r--s 0000e000 08:01 927005                     /home/verifoo/git/verifoo/WebContent/WEB-INF/lib/jersey-media-multipart-2.25.1.jar
7f3255fd7000-7f3255fd9000 r--s 00005000 08:01 927867                     /home/verifoo/git/verifoo/WebContent/WEB-INF/lib/jersey-media-moxy-2.25.1.jar
7f3255fd9000-7f3255fda000 r--s 00002000 08:01 927167                     /home/verifoo/git/verifoo/WebContent/WEB-INF/lib/jersey-media-json-binding.jar
7f3255fda000-7f3255fdc000 r--s 00010000 08:01 927894                     /home/verifoo/git/verifoo/WebContent/WEB-INF/lib/jersey-media-jaxb-2.25.1.jar
7f3255fdc000-7f3255fdf000 r--s 0000d000 08:01 927611                     /home/verifoo/git/verifoo/WebContent/WEB-INF/lib/jersey-hk2.jar
7f3255fdf000-7f3255ff7000 r--s 000d6000 08:01 927532                     /home/verifoo/git/verifoo/WebContent/WEB-INF/lib/jersey-guava-2.25.1.jar
7f3255ff7000-7f3255ffa000 r--s 0000f000 08:01 927513                     /home/verifoo/git/verifoo/WebContent/WEB-INF/lib/jersey-entity-filtering-2.25.1.jar
7f3255ffa000-7f3256004000 r--s 00061000 08:01 927407                     /home/verifoo/git/verifoo/WebContent/WEB-INF/lib/jersey-core-1.19.1.jar
7f3256004000-7f3256007000 r--s 0000e000 08:01 927888                     /home/verifoo/git/verifoo/WebContent/WEB-INF/lib/jersey-container-servlet-core-2.25.1.jar
7f3256007000-7f3256009000 r--s 00003000 08:01 927945                     /home/verifoo/git/verifoo/WebContent/WEB-INF/lib/jersey-container-servlet-2.25.1.jar
7f3256009000-7f3256017000 r--s 000a1000 08:01 927687                     /home/verifoo/git/verifoo/WebContent/WEB-INF/lib/jersey-common-2.25.1.jar
7f3256017000-7f325601b000 r--s 00026000 08:01 927434                     /home/verifoo/git/verifoo/WebContent/WEB-INF/lib/jersey-client-2.25.1.jar
7f325601b000-7f325601c000 ---p 00000000 00:00 0 
7f325601c000-7f325611c000 rw-p 00000000 00:00 0 
7f325611c000-7f325611f000 ---p 00000000 00:00 0 
7f325611f000-7f325621d000 rw-p 00000000 00:00 0 
7f325621d000-7f325621e000 ---p 00000000 00:00 0 
7f325621e000-7f3256221000 ---p 00000000 00:00 0 
7f3256221000-7f325631e000 rw-p 00000000 00:00 0 
7f325631e000-7f325631f000 ---p 00000000 00:00 0 
7f325631f000-7f3256322000 ---p 00000000 00:00 0 
7f3256322000-7f325641f000 rw-p 00000000 00:00 0 
7f325641f000-7f3256420000 ---p 00000000 00:00 0 
7f3256420000-7f3256423000 ---p 00000000 00:00 0 
7f3256423000-7f3256520000 rw-p 00000000 00:00 0 
7f3256520000-7f3256523000 ---p 00000000 00:00 0 
7f3256523000-7f3256621000 rw-p 00000000 00:00 0 
7f3256621000-7f3256ff0000 r--p 00000000 08:01 397428                     /usr/lib/locale/locale-archive
7f3256ff0000-7f3256ff3000 ---p 00000000 00:00 0 
7f3256ff3000-7f32570f1000 rw-p 00000000 00:00 0 
7f32570f1000-7f32570f4000 ---p 00000000 00:00 0 
7f32570f4000-7f32571f2000 rw-p 00000000 00:00 0 
7f32571f2000-7f32571f3000 ---p 00000000 00:00 0 
7f32571f3000-7f3258000000 rw-p 00000000 00:00 0 
7f3258000000-7f3258021000 rw-p 00000000 00:00 0 
7f3258021000-7f325c000000 ---p 00000000 00:00 0 
7f325c000000-7f325c021000 rw-p 00000000 00:00 0 
7f325c021000-7f3260000000 ---p 00000000 00:00 0 
7f3260000000-7f3260003000 r--s 00016000 08:01 927084                     /home/verifoo/git/verifoo/WebContent/WEB-INF/lib/jaxb-api-2.2.12-b140109.1041.jar
7f3260003000-7f3260007000 r--s 00019000 08:01 927247                     /home/verifoo/git/verifoo/WebContent/WEB-INF/lib/javax.ws.rs-api-2.0.1.jar
7f3260007000-7f326000a000 r--s 00012000 08:01 926987                     /home/verifoo/git/verifoo/WebContent/WEB-INF/lib/javax.servlet-api-3.0.1.jar
7f326000a000-7f3260014000 r--s 000ae000 08:01 912746                     /home/verifoo/git/verifoo/WebContent/WEB-INF/lib/javassist-3.20.0-GA.jar
7f3260014000-7f326003e000 r--s 001e9000 08:01 927666                     /home/verifoo/git/verifoo/WebContent/WEB-INF/lib/guava-15.0.jar
7f326003e000-7f326005d000 r--s 0015c000 08:01 927162                     /home/verifoo/git/verifoo/lib/lib4j/log4j-core-2.9.1.jar
7f326005d000-7f3264000000 rw-p 00000000 00:00 0 
7f3264000000-7f3264021000 rw-p 00000000 00:00 0 
7f3264021000-7f3268000000 ---p 00000000 00:00 0 
7f3268000000-7f3268001000 r--s 00001000 08:01 927183                     /home/verifoo/git/verifoo/WebContent/WEB-INF/lib/jboss-interceptors-api_1.1_spec-1.0.0.Beta1.jar
7f3268001000-7f3268003000 r--s 00004000 08:01 912975                     /home/verifoo/git/verifoo/WebContent/WEB-INF/lib/javax.json.bind-api-1.0.jar
7f3268003000-7f3268004000 r--s 00006000 08:01 912983                     /home/verifoo/git/verifoo/WebContent/WEB-INF/lib/javax.json-api-1.1.jar
7f3268004000-7f3268007000 r--s 0001c000 08:01 927237                     /home/verifoo/git/verifoo/WebContent/WEB-INF/lib/javax.json-1.1.jar
7f3268007000-7f3268008000 r--s 00001000 08:01 928009                     /home/verifoo/git/verifoo/WebContent/WEB-INF/lib/javax.inject-2.5.0-b32.jar
7f3268008000-7f3268019000 r--s 000f6000 08:01 927370                     /home/verifoo/git/verifoo/WebContent/WEB-INF/lib/jackson-databind-2.4.2.jar
7f3268019000-7f326801d000 r--s 00034000 08:01 927417                     /home/verifoo/git/verifoo/WebContent/WEB-INF/lib/jackson-core-2.4.2.jar
7f326801d000-7f326813f000 rw-p 00000000 00:00 0 
7f326813f000-7f3268319000 r--s 03d6c000 08:01 282849                     /usr/lib/jvm/java-8-oracle/jre/lib/rt.jar
7f3268319000-7f3268eff000 rw-p 00000000 00:00 0 
7f3268eff000-7f3268f00000 ---p 00000000 00:00 0 
7f3268f00000-7f3269000000 rw-p 00000000 00:00 0 
7f3269000000-7f3269530000 rwxp 00000000 00:00 0 
7f3269530000-7f3278000000 ---p 00000000 00:00 0 
7f3278000000-7f3278d09000 rw-p 00000000 00:00 0 
7f3278d09000-7f327c000000 ---p 00000000 00:00 0 
7f327c000000-7f327c002000 r--s 00005000 08:01 927401                     /home/verifoo/git/verifoo/WebContent/WEB-INF/lib/javax.annotation-api-1.2.jar
7f327c002000-7f327c005000 r--s 00007000 08:01 927392                     /home/verifoo/git/verifoo/WebContent/WEB-INF/lib/jackson-annotations-2.4.0.jar
7f327c005000-7f327c008000 r--s 0001e000 08:01 927673                     /home/verifoo/git/verifoo/WebContent/WEB-INF/lib/hk2-utils-2.5.0-b32.jar
7f327c008000-7f327c00e000 r--s 00028000 08:01 916288                     /home/verifoo/git/verifoo/WebContent/WEB-INF/lib/hk2-api-2.5.0-b32.jar
7f327c00e000-7f327c0f4000 rw-p 00000000 00:00 0 
7f327c0f4000-7f327c0f5000 ---p 00000000 00:00 0 
7f327c0f5000-7f327c1f5000 rw-p 00000000 00:00 0 
7f327c1f5000-7f327c1f6000 ---p 00000000 00:00 0 
7f327c1f6000-7f327c2f6000 rw-p 00000000 00:00 0 
7f327c2f6000-7f327c2f7000 ---p 00000000 00:00 0 
7f327c2f7000-7f327c421000 rw-p 00000000 00:00 0 
7f327c421000-7f327c691000 ---p 00000000 00:00 0 
7f327c691000-7f327c6bb000 rw-p 00000000 00:00 0 
7f327c6bb000-7f327c92a000 ---p 00000000 00:00 0 
7f327c92a000-7f327c950000 rw-p 00000000 00:00 0 
7f327c950000-7f327ca77000 ---p 00000000 00:00 0 
7f327ca77000-7f327ca8d000 rw-p 00000000 00:00 0 
7f327ca8d000-7f327ce38000 ---p 00000000 00:00 0 
7f327ce38000-7f327ce52000 r-xp 00000000 08:01 282946                     /usr/lib/jvm/java-8-oracle/jre/lib/amd64/libzip.so
7f327ce52000-7f327d052000 ---p 0001a000 08:01 282946                     /usr/lib/jvm/java-8-oracle/jre/lib/amd64/libzip.so
7f327d052000-7f327d053000 r--p 0001a000 08:01 282946                     /usr/lib/jvm/java-8-oracle/jre/lib/amd64/libzip.so
7f327d053000-7f327d054000 rw-p 0001b000 08:01 282946                     /usr/lib/jvm/java-8-oracle/jre/lib/amd64/libzip.so
7f327d054000-7f327d05f000 r-xp 00000000 08:01 137054                     /lib/x86_64-linux-gnu/libnss_files-2.27.so
7f327d05f000-7f327d25e000 ---p 0000b000 08:01 137054                     /lib/x86_64-linux-gnu/libnss_files-2.27.so
7f327d25e000-7f327d25f000 r--p 0000a000 08:01 137054                     /lib/x86_64-linux-gnu/libnss_files-2.27.so
7f327d25f000-7f327d260000 rw-p 0000b000 08:01 137054                     /lib/x86_64-linux-gnu/libnss_files-2.27.so
7f327d260000-7f327d266000 rw-p 00000000 00:00 0 
7f327d266000-7f327d27d000 r-xp 00000000 08:01 137048                     /lib/x86_64-linux-gnu/libnsl-2.27.so
7f327d27d000-7f327d47c000 ---p 00017000 08:01 137048                     /lib/x86_64-linux-gnu/libnsl-2.27.so
7f327d47c000-7f327d47d000 r--p 00016000 08:01 137048                     /lib/x86_64-linux-gnu/libnsl-2.27.so
7f327d47d000-7f327d47e000 rw-p 00017000 08:01 137048                     /lib/x86_64-linux-gnu/libnsl-2.27.so
7f327d47e000-7f327d480000 rw-p 00000000 00:00 0 
7f327d480000-7f327d48b000 r-xp 00000000 08:01 137065                     /lib/x86_64-linux-gnu/libnss_nis-2.27.so
7f327d48b000-7f327d68a000 ---p 0000b000 08:01 137065                     /lib/x86_64-linux-gnu/libnss_nis-2.27.so
7f327d68a000-7f327d68b000 r--p 0000a000 08:01 137065                     /lib/x86_64-linux-gnu/libnss_nis-2.27.so
7f327d68b000-7f327d68c000 rw-p 0000b000 08:01 137065                     /lib/x86_64-linux-gnu/libnss_nis-2.27.so
7f327d68c000-7f327d694000 r-xp 00000000 08:01 137050                     /lib/x86_64-linux-gnu/libnss_compat-2.27.so
7f327d694000-7f327d894000 ---p 00008000 08:01 137050                     /lib/x86_64-linux-gnu/libnss_compat-2.27.so
7f327d894000-7f327d895000 r--p 00008000 08:01 137050                     /lib/x86_64-linux-gnu/libnss_compat-2.27.so
7f327d895000-7f327d896000 rw-p 00009000 08:01 137050                     /lib/x86_64-linux-gnu/libnss_compat-2.27.so
7f327d896000-7f327d8c3000 r-xp 00000000 08:01 282940                     /usr/lib/jvm/java-8-oracle/jre/lib/amd64/libjava.so
7f327d8c3000-7f327dac2000 ---p 0002d000 08:01 282940                     /usr/lib/jvm/java-8-oracle/jre/lib/amd64/libjava.so
7f327dac2000-7f327dac3000 r--p 0002c000 08:01 282940                     /usr/lib/jvm/java-8-oracle/jre/lib/amd64/libjava.so
7f327dac3000-7f327dac5000 rw-p 0002d000 08:01 282940                     /usr/lib/jvm/java-8-oracle/jre/lib/amd64/libjava.so
7f327dac5000-7f327dad2000 r-xp 00000000 08:01 282945                     /usr/lib/jvm/java-8-oracle/jre/lib/amd64/libverify.so
7f327dad2000-7f327dcd1000 ---p 0000d000 08:01 282945                     /usr/lib/jvm/java-8-oracle/jre/lib/amd64/libverify.so
7f327dcd1000-7f327dcd3000 r--p 0000c000 08:01 282945                     /usr/lib/jvm/java-8-oracle/jre/lib/amd64/libverify.so
7f327dcd3000-7f327dcd4000 rw-p 0000e000 08:01 282945                     /usr/lib/jvm/java-8-oracle/jre/lib/amd64/libverify.so
7f327dcd4000-7f327dcdb000 r-xp 00000000 08:01 137105                     /lib/x86_64-linux-gnu/librt-2.27.so
7f327dcdb000-7f327deda000 ---p 00007000 08:01 137105                     /lib/x86_64-linux-gnu/librt-2.27.so
7f327deda000-7f327dedb000 r--p 00006000 08:01 137105                     /lib/x86_64-linux-gnu/librt-2.27.so
7f327dedb000-7f327dedc000 rw-p 00007000 08:01 137105                     /lib/x86_64-linux-gnu/librt-2.27.so
7f327dedc000-7f327e079000 r-xp 00000000 08:01 137027                     /lib/x86_64-linux-gnu/libm-2.27.so
7f327e079000-7f327e278000 ---p 0019d000 08:01 137027                     /lib/x86_64-linux-gnu/libm-2.27.so
7f327e278000-7f327e279000 r--p 0019c000 08:01 137027                     /lib/x86_64-linux-gnu/libm-2.27.so
7f327e279000-7f327e27a000 rw-p 0019d000 08:01 137027                     /lib/x86_64-linux-gnu/libm-2.27.so
7f327e27a000-7f327ef5c000 r-xp 00000000 08:01 282922                     /usr/lib/jvm/java-8-oracle/jre/lib/amd64/server/libjvm.so
7f327ef5c000-7f327f15c000 ---p 00ce2000 08:01 282922                     /usr/lib/jvm/java-8-oracle/jre/lib/amd64/server/libjvm.so
7f327f15c000-7f327f1f2000 r--p 00ce2000 08:01 282922                     /usr/lib/jvm/java-8-oracle/jre/lib/amd64/server/libjvm.so
7f327f1f2000-7f327f223000 rw-p 00d78000 08:01 282922                     /usr/lib/jvm/java-8-oracle/jre/lib/amd64/server/libjvm.so
7f327f223000-7f327f25e000 rw-p 00000000 00:00 0 
7f327f25e000-7f327f445000 r-xp 00000000 08:01 136964                     /lib/x86_64-linux-gnu/libc-2.27.so
7f327f445000-7f327f645000 ---p 001e7000 08:01 136964                     /lib/x86_64-linux-gnu/libc-2.27.so
7f327f645000-7f327f649000 r--p 001e7000 08:01 136964                     /lib/x86_64-linux-gnu/libc-2.27.so
7f327f649000-7f327f64b000 rw-p 001eb000 08:01 136964                     /lib/x86_64-linux-gnu/libc-2.27.so
7f327f64b000-7f327f64f000 rw-p 00000000 00:00 0 
7f327f64f000-7f327f652000 r-xp 00000000 08:01 136987                     /lib/x86_64-linux-gnu/libdl-2.27.so
7f327f652000-7f327f851000 ---p 00003000 08:01 136987                     /lib/x86_64-linux-gnu/libdl-2.27.so
7f327f851000-7f327f852000 r--p 00002000 08:01 136987                     /lib/x86_64-linux-gnu/libdl-2.27.so
7f327f852000-7f327f853000 rw-p 00003000 08:01 136987                     /lib/x86_64-linux-gnu/libdl-2.27.so
7f327f853000-7f327f86a000 r-xp 00000000 08:01 282764                     /usr/lib/jvm/java-8-oracle/lib/amd64/jli/libjli.so
7f327f86a000-7f327fa69000 ---p 00017000 08:01 282764                     /usr/lib/jvm/java-8-oracle/lib/amd64/jli/libjli.so
7f327fa69000-7f327fa6a000 r--p 00016000 08:01 282764                     /usr/lib/jvm/java-8-oracle/lib/amd64/jli/libjli.so
7f327fa6a000-7f327fa6b000 rw-p 00017000 08:01 282764                     /usr/lib/jvm/java-8-oracle/lib/amd64/jli/libjli.so
7f327fa6b000-7f327fa85000 r-xp 00000000 08:01 137097                     /lib/x86_64-linux-gnu/libpthread-2.27.so
7f327fa85000-7f327fc84000 ---p 0001a000 08:01 137097                     /lib/x86_64-linux-gnu/libpthread-2.27.so
7f327fc84000-7f327fc85000 r--p 00019000 08:01 137097                     /lib/x86_64-linux-gnu/libpthread-2.27.so
7f327fc85000-7f327fc86000 rw-p 0001a000 08:01 137097                     /lib/x86_64-linux-gnu/libpthread-2.27.so
7f327fc86000-7f327fc8a000 rw-p 00000000 00:00 0 
7f327fc8a000-7f327fcb1000 r-xp 00000000 08:01 136936                     /lib/x86_64-linux-gnu/ld-2.27.so
7f327fcb1000-7f327fcb2000 r--s 00000000 08:01 927899                     /home/verifoo/git/verifoo/WebContent/WEB-INF/lib/javax.inject-1.jar
7f327fcb2000-7f327fcb5000 r--s 0002b000 08:01 927974                     /home/verifoo/git/verifoo/WebContent/WEB-INF/lib/hk2-locator-2.5.0-b32.jar
7f327fcb5000-7f327fcb7000 r--s 00007000 08:01 916296                     /home/verifoo/git/verifoo/WebContent/WEB-INF/lib/el-api-2.2.jar
7f327fcb7000-7f327fcbe000 r--s 00058000 08:01 927887                     /home/verifoo/git/verifoo/WebContent/WEB-INF/lib/commons-lang3-3.2.1.jar
7f327fcbe000-7f327fcc2000 r--s 00027000 08:01 927769                     /home/verifoo/git/verifoo/WebContent/WEB-INF/lib/com.microsoft.z3.jar
7f327fcc2000-7f327fcc6000 r--s 0000e000 08:01 927786                     /home/verifoo/git/verifoo/WebContent/WEB-INF/lib/cdi-api-1.1.jar
7f327fcc6000-7f327fcc8000 r--s 00002000 08:01 927721                     /home/verifoo/git/verifoo/WebContent/WEB-INF/lib/aopalliance-repackaged-2.5.0-b32.jar
7f327fcc8000-7f327fccd000 r--s 00036000 08:01 927833                     /home/verifoo/git/verifoo/lib/lib4j/log4j-api-2.9.1.jar
7f327fccd000-7f327fccf000 r--s 0000c000 08:01 927866                     /home/verifoo/git/verifoo/lib/junit/org.hamcrest.core_1.3.0.v201303031735.jar
7f327fccf000-7f327fd9a000 rw-p 00000000 00:00 0 
7f327fd9a000-7f327fd9b000 ---p 00000000 00:00 0 
7f327fd9b000-7f327fd9e000 ---p 00000000 00:00 0 
7f327fd9e000-7f327fe9f000 rw-p 00000000 00:00 0 
7f327fe9f000-7f327fea7000 r--s 00045000 08:01 916293                     /home/verifoo/git/verifoo/lib/junit/junit.jar
7f327fea7000-7f327feaf000 rw-s 00000000 08:01 555008                     /tmp/hsperfdata_verifoo/28319
7f327feaf000-7f327feb0000 rw-p 00000000 00:00 0 
7f327feb0000-7f327feb1000 r--p 00000000 00:00 0 
7f327feb1000-7f327feb2000 r--p 00027000 08:01 136936                     /lib/x86_64-linux-gnu/ld-2.27.so
7f327feb2000-7f327feb3000 rw-p 00028000 08:01 136936                     /lib/x86_64-linux-gnu/ld-2.27.so
7f327feb3000-7f327feb4000 rw-p 00000000 00:00 0 
7ffe55903000-7ffe55925000 rw-p 00000000 00:00 0                          [stack]
7ffe5596b000-7ffe5596e000 r--p 00000000 00:00 0                          [vvar]
7ffe5596e000-7ffe55970000 r-xp 00000000 00:00 0                          [vdso]
ffffffffff600000-ffffffffff601000 r-xp 00000000 00:00 0                  [vsyscall]

VM Arguments:
jvm_args: -Djava.library.path=/home/verifoo/git/verifoo/WebContent/WEB-INF/lib/jni -Dfile.encoding=UTF-8 
java_command: it.polito.verifoo.rest.main.Main
java_class_path (initial): /home/verifoo/git/verifoo/build:/home/verifoo/git/verifoo/lib/junit/junit.jar:/home/verifoo/git/verifoo/lib/junit/org.hamcrest.core_1.3.0.v201303031735.jar:/home/verifoo/git/verifoo/lib/lib4j/log4j-api-2.9.1.jar:/home/verifoo/git/verifoo/lib/lib4j/log4j-core-2.9.1.jar:/home/verifoo/git/verifoo/WebContent/WEB-INF/lib/aopalliance-repackaged-2.5.0-b32.jar:/home/verifoo/git/verifoo/WebContent/WEB-INF/lib/cdi-api-1.1.jar:/home/verifoo/git/verifoo/WebContent/WEB-INF/lib/com.microsoft.z3.jar:/home/verifoo/git/verifoo/WebContent/WEB-INF/lib/commons-lang3-3.2.1.jar:/home/verifoo/git/verifoo/WebContent/WEB-INF/lib/el-api-2.2.jar:/home/verifoo/git/verifoo/WebContent/WEB-INF/lib/guava-15.0.jar:/home/verifoo/git/verifoo/WebContent/WEB-INF/lib/hk2-api-2.5.0-b32.jar:/home/verifoo/git/verifoo/WebContent/WEB-INF/lib/hk2-locator-2.5.0-b32.jar:/home/verifoo/git/verifoo/WebContent/WEB-INF/lib/hk2-utils-2.5.0-b32.jar:/home/verifoo/git/verifoo/WebContent/WEB-INF/lib/jackson-annotations-2.4.0.jar:/home/verifoo/git/verifoo/WebContent/WEB-INF/lib/jackson-core-2.4.2.jar:/home/verifoo/git/verifoo/WebContent/WEB-INF/lib/jackson-databind-2.4.2.jar:/home/verifoo/git/verifoo/WebContent/WEB-INF/lib/javassist-3.20.0-GA.jar:/home/verifoo/git/verifoo/WebContent/WEB-INF/lib/javax.annotation-api-1.2.jar:/home/verifoo/git/verifoo/WebContent/WEB-INF/lib/javax.inject-1.jar:/home/verifoo/git/verifoo/WebContent/WEB-INF/lib/javax.inject-2.5.0-b32.jar:/home/verifoo/git/verifoo/WebContent/WEB-INF/lib/javax.json-1.1.jar:/home/verifoo/git/verifoo/WebContent/WEB-INF/lib/javax.json-api-1.1.jar:/home/verifoo/git/verifoo/WebContent/WEB-INF/lib/javax.json.bind-api-1.0.jar:/home/verifoo/git/verifoo/WebContent/WEB-INF/lib/javax.servlet-api-3.0.1.jar:/home/verifoo/git/verifoo/WebContent/WEB-INF/lib/javax.ws.rs-api-2.0.1.jar:/home/verifoo/git/verifoo/WebContent/WEB-INF/lib/jaxb-api-2.2.12-b140109.1041.jar:/home/verifoo/git/verifoo/WebContent/WEB-INF/lib/jboss-interceptors-api_1.1_spec-1.0.0.B
Launcher Type: SUN_STANDARD

Environment Variables:
JAVA_HOME=/usr/lib/jvm/java-8-oracle
JRE_HOME=/usr/lib/jvm/java-8-oracle/jre
PATH=/usr/local/sbin:/usr/local/bin:/usr/sbin:/usr/bin:/sbin:/bin:/usr/games:/usr/local/games:/snap/bin:/usr/lib/jvm/java-8-oracle/bin:/usr/lib/jvm/java-8-oracle/db/bin:/usr/lib/jvm/java-8-oracle/jre/bin
USERNAME=verifoo
SHELL=/bin/bash
DISPLAY=:0

Signal Handlers:
SIGSEGV: [libjvm.so+0xaced60], sa_mask[0]=11111111011111111101111111111110, sa_flags=SA_RESTART|SA_SIGINFO
SIGBUS: [libjvm.so+0xaced60], sa_mask[0]=11111111011111111101111111111110, sa_flags=SA_RESTART|SA_SIGINFO
SIGFPE: [libjvm.so+0x907ca0], sa_mask[0]=11111111011111111101111111111110, sa_flags=SA_RESTART|SA_SIGINFO
SIGPIPE: [libjvm.so+0x907ca0], sa_mask[0]=11111111011111111101111111111110, sa_flags=SA_RESTART|SA_SIGINFO
SIGXFSZ: [libjvm.so+0x907ca0], sa_mask[0]=11111111011111111101111111111110, sa_flags=SA_RESTART|SA_SIGINFO
SIGILL: [libjvm.so+0x907ca0], sa_mask[0]=11111111011111111101111111111110, sa_flags=SA_RESTART|SA_SIGINFO
SIGUSR1: SIG_DFL, sa_mask[0]=00000000000000000000000000000000, sa_flags=none
SIGUSR2: [libjvm.so+0x907b70], sa_mask[0]=00100000000000000000000000000000, sa_flags=SA_RESTART|SA_SIGINFO
SIGHUP: [libjvm.so+0x908190], sa_mask[0]=11111111011111111101111111111110, sa_flags=SA_RESTART|SA_SIGINFO
SIGINT: [libjvm.so+0x908190], sa_mask[0]=11111111011111111101111111111110, sa_flags=SA_RESTART|SA_SIGINFO
SIGTERM: [libjvm.so+0x908190], sa_mask[0]=11111111011111111101111111111110, sa_flags=SA_RESTART|SA_SIGINFO
SIGQUIT: [libjvm.so+0x908190], sa_mask[0]=11111111011111111101111111111110, sa_flags=SA_RESTART|SA_SIGINFO


---------------  S Y S T E M  ---------------

OS:DISTRIB_ID=Ubuntu
DISTRIB_RELEASE=18.04
DISTRIB_CODENAME=bionic
DISTRIB_DESCRIPTION="Ubuntu 18.04.1 LTS"

uname:Linux 4.15.0-39-generic #42-Ubuntu SMP Tue Oct 23 15:48:01 UTC 2018 x86_64
libc:glibc 2.27 NPTL 2.27 
rlimit: STACK infinity, CORE 0k, NPROC 31669, NOFILE 1048576, AS infinity
load average:0,29 1,15 2,96

/proc/meminfo:
MemTotal:        8167940 kB
MemFree:         4941460 kB
MemAvailable:    4954708 kB
Buffers:           10120 kB
Cached:           254208 kB
SwapCached:        51732 kB
Active:          1997676 kB
Inactive:        1065984 kB
Active(anon):    1968208 kB
Inactive(anon):   878104 kB
Active(file):      29468 kB
Inactive(file):   187880 kB
Unevictable:          64 kB
Mlocked:              64 kB
SwapTotal:        771684 kB
SwapFree:           2016 kB
Dirty:               104 kB
Writeback:             0 kB
AnonPages:       2747840 kB
Mapped:           189628 kB
Shmem:             46976 kB
Slab:              68756 kB
SReclaimable:      30496 kB
SUnreclaim:        38260 kB
KernelStack:       10720 kB
PageTables:        41644 kB
NFS_Unstable:          0 kB
Bounce:                0 kB
WritebackTmp:          0 kB
CommitLimit:     4855652 kB
Committed_AS:    7205108 kB
VmallocTotal:   34359738367 kB
VmallocUsed:           0 kB
VmallocChunk:          0 kB
HardwareCorrupted:     0 kB
AnonHugePages:         0 kB
ShmemHugePages:        0 kB
ShmemPmdMapped:        0 kB
CmaTotal:              0 kB
CmaFree:               0 kB
HugePages_Total:       0
HugePages_Free:        0
HugePages_Rsvd:        0
HugePages_Surp:        0
Hugepagesize:       2048 kB
DirectMap4k:      137152 kB
DirectMap2M:     8251392 kB

container (cgroup) information:
container_type: cgroupv1
cpu_cpuset_cpus: 0-3
cpu_memory_nodes: 0
active_processor_count: 4
cpu_quota: -1
cpu_period: 100000
cpu_shares: -1
memory_limit_in_bytes: -1
memory_and_swap_limit_in_bytes: -2
memory_soft_limit_in_bytes: -1
memory_usage_in_bytes: 3089354752
memory_max_usage_in_bytes: 0


CPU:total 4 (initial active 4) (4 cores per cpu, 1 threads per core) family 6 model 94 stepping 3, cmov, cx8, fxsr, mmx, sse, sse2, sse3, ssse3, sse4.1, sse4.2, popcnt, avx, avx2, aes, clmul, 3dnowpref, lzcnt, tsc, tscinvbit

/proc/cpuinfo:
processor	: 0
vendor_id	: GenuineIntel
cpu family	: 6
model		: 94
model name	: Intel(R) Core(TM) i7-6700 CPU @ 3.40GHz
stepping	: 3
cpu MHz		: 3408.006
cache size	: 8192 KB
physical id	: 0
siblings	: 4
core id		: 0
cpu cores	: 4
apicid		: 0
initial apicid	: 0
fpu		: yes
fpu_exception	: yes
cpuid level	: 22
wp		: yes
flags		: fpu vme de pse tsc msr pae mce cx8 apic sep mtrr pge mca cmov pat pse36 clflush mmx fxsr sse sse2 ht syscall nx rdtscp lm constant_tsc rep_good nopl xtopology nonstop_tsc cpuid pni pclmulqdq ssse3 cx16 pcid sse4_1 sse4_2 x2apic movbe popcnt aes xsave avx rdrand hypervisor lahf_lm abm 3dnowprefetch invpcid_single pti fsgsbase avx2 invpcid rdseed clflushopt
bugs		: cpu_meltdown spectre_v1 spectre_v2 spec_store_bypass l1tf
bogomips	: 6816.01
clflush size	: 64
cache_alignment	: 64
address sizes	: 39 bits physical, 48 bits virtual
power management:

processor	: 1
vendor_id	: GenuineIntel
cpu family	: 6
model		: 94
model name	: Intel(R) Core(TM) i7-6700 CPU @ 3.40GHz
stepping	: 3
cpu MHz		: 3408.006
cache size	: 8192 KB
physical id	: 0
siblings	: 4
core id		: 1
cpu cores	: 4
apicid		: 1
initial apicid	: 1
fpu		: yes
fpu_exception	: yes
cpuid level	: 22
wp		: yes
flags		: fpu vme de pse tsc msr pae mce cx8 apic sep mtrr pge mca cmov pat pse36 clflush mmx fxsr sse sse2 ht syscall nx rdtscp lm constant_tsc rep_good nopl xtopology nonstop_tsc cpuid pni pclmulqdq ssse3 cx16 pcid sse4_1 sse4_2 x2apic movbe popcnt aes xsave avx rdrand hypervisor lahf_lm abm 3dnowprefetch invpcid_single pti fsgsbase avx2 invpcid rdseed clflushopt
bugs		: cpu_meltdown spectre_v1 spectre_v2 spec_store_bypass l1tf
bogomips	: 6816.01
clflush size	: 64
cache_alignment	: 64
address sizes	: 39 bits physical, 48 bits virtual
power management:

processor	: 2
vendor_id	: GenuineIntel
cpu family	: 6
model		: 94
model name	: Intel(R) Core(TM) i7-6700 CPU @ 3.40GHz
stepping	: 3
cpu MHz		: 3408.006
cache size	: 8192 KB
physical id	: 0
siblings	: 4
core id		: 2
cpu cores	: 4
apicid		: 2
initial apicid	: 2
fpu		: yes
fpu_exception	: yes
cpuid level	: 22
wp		: yes
flags		: fpu vme de pse tsc msr pae mce cx8 apic sep mtrr pge mca cmov pat pse36 clflush mmx fxsr sse sse2 ht syscall nx rdtscp lm constant_tsc rep_good nopl xtopology nonstop_tsc cpuid pni pclmulqdq ssse3 cx16 pcid sse4_1 sse4_2 x2apic movbe popcnt aes xsave avx rdrand hypervisor lahf_lm abm 3dnowprefetch invpcid_single pti fsgsbase avx2 invpcid rdseed clflushopt
bugs		: cpu_meltdown spectre_v1 spectre_v2 spec_store_bypass l1tf
bogomips	: 6816.01
clflush size	: 64
cache_alignment	: 64
address sizes	: 39 bits physical, 48 bits virtual
power management:

processor	: 3
vendor_id	: GenuineIntel
cpu family	: 6
model		: 94
model name	: Intel(R) Core(TM) i7-6700 CPU @ 3.40GHz
stepping	: 3
cpu MHz		: 3408.006
cache size	: 8192 KB
physical id	: 0
siblings	: 4
core id		: 3
cpu cores	: 4
apicid		: 3
initial apicid	: 3
fpu		: yes
fpu_exception	: yes
cpuid level	: 22
wp		: yes
flags		: fpu vme de pse tsc msr pae mce cx8 apic sep mtrr pge mca cmov pat pse36 clflush mmx fxsr sse sse2 ht syscall nx rdtscp lm constant_tsc rep_good nopl xtopology nonstop_tsc cpuid pni pclmulqdq ssse3 cx16 pcid sse4_1 sse4_2 x2apic movbe popcnt aes xsave avx rdrand hypervisor lahf_lm abm 3dnowprefetch invpcid_single pti fsgsbase avx2 invpcid rdseed clflushopt
bugs		: cpu_meltdown spectre_v1 spectre_v2 spec_store_bypass l1tf
bogomips	: 6816.01
clflush size	: 64
cache_alignment	: 64
address sizes	: 39 bits physical, 48 bits virtual
power management:



Memory: 4k page, physical 8167940k(4941460k free), swap 771684k(2016k free)

vm_info: Java HotSpot(TM) 64-Bit Server VM (25.191-b12) for linux-amd64 JRE (1.8.0_191-b12), built on Oct  6 2018 05:43:09 by "java_re" with gcc 7.3.0

time: Wed Nov 21 17:13:01 2018
elapsed time: 1 seconds (0d 0h 0m 1s)

