#
# A fatal error has been detected by the Java Runtime Environment:
#
#  SIGSEGV (0xb) at pc=0x00007f5def8e626e, pid=20993, tid=0x00007f5e4c697700
#
# JRE version: Java(TM) SE Runtime Environment (8.0_191-b12) (build 1.8.0_191-b12)
# Java VM: Java HotSpot(TM) 64-Bit Server VM (25.191-b12 mixed mode linux-amd64 compressed oops)
# Problematic frame:
# C  [libz3.so+0xbff26e]  pb_util::get_k(func_decl*) const+0x1e
#
# Failed to write core dump. Core dumps have been disabled. To enable core dumping, try "ulimit -c unlimited" before starting Java again
#
# If you would like to submit a bug report, please visit:
#   http://bugreport.java.com/bugreport/crash.jsp
# The crash happened outside the Java Virtual Machine in native code.
# See problematic frame for where to report the bug.
#

---------------  T H R E A D  ---------------

Current thread (0x00007f5e4400d800):  JavaThread "main" [_thread_in_native, id=20995, stack(0x00007f5e4c598000,0x00007f5e4c698000)]

siginfo: si_signo: 11 (SIGSEGV), si_code: 1 (SEGV_MAPERR), si_addr: 0x0000000000000000

Registers:
RAX=0x00007f5e47b1f838, RBX=0x00007f5e4c694b00, RCX=0x000000000000000c, RDX=0x00007f5e47e145a8
RSP=0x00007f5e4c694970, RBP=0x0000000000000000, RSI=0x00007f5e47f3bee8, RDI=0x00007f5e4c694b00
R8 =0x00007f5e47f3bc88, R9 =0x00007f5e47f3bc98, R10=0x0000000000000002, R11=0x0000000000000000
R12=0x00007f5e47e145a8, R13=0x0000000000000000, R14=0x0000000000000000, R15=0x000000000000000c
RIP=0x00007f5def8e626e, EFLAGS=0x0000000000010202, CSGSFS=0x002b000000000033, ERR=0x0000000000000004
  TRAPNO=0x000000000000000e

Top of Stack: (sp=0x00007f5e4c694970)
0x00007f5e4c694970:   0000000000000000 00007f5e47f3bc88
0x00007f5e4c694980:   00007f5e47e145a8 0000000000000000
0x00007f5e4c694990:   0000000000000000 00007f5def841c2f
0x00007f5e4c6949a0:   00007f5e47d4e408 0000000000000000
0x00007f5e4c6949b0:   00007f5e47f3bee8 0000001000000000
0x00007f5e4c6949c0:   00007f5e47c9cc48 00007f5e47e145a8
0x00007f5e4c6949d0:   00007f5e47f3bc88 00007f5de82ff2c8
0x00007f5e4c6949e0:   00007f5e47d539d8 00007f5e47c9cc48
0x00007f5e4c6949f0:   00007f5e4c694a80 00007f5e4c694a60
0x00007f5e4c694a00:   00007f5e4c694b00 00007f5e47f3bc88
0x00007f5e4c694a10:   0000000000000000 000000014c694a30
0x00007f5e4c694a20:   00007f5e4c694a60 00007f5e47f85fb8
0x00007f5e4c694a30:   00007f5e47f3bdf8 00007f5def880a00
0x00007f5e4c694a40:   0000000000001401 5b90077831fef500
0x00007f5e4c694a50:   0000000000000000 00007f5e47f3baf8
0x00007f5e4c694a60:   00007f5d00000000 0000000000000000
0x00007f5e4c694a70:   0000000000000001 0000000000000000
0x00007f5e4c694a80:   00007f5e00000000 0000000000000000
0x00007f5e4c694a90:   0000000000000001 0000000000000000
0x00007f5e4c694aa0:   00007f5e00000000 00007f5e47f3bcc8
0x00007f5e4c694ab0:   0000000247f3bc88 00007f5de83a7970
0x00007f5e4c694ac0:   00007f5e47f3bc88 0000000000000000
0x00007f5e4c694ad0:   00007f5e4c694bf0 00007f5def7cd592
0x00007f5e4c694ae0:   00007f5e00000000 0000000000000000
0x00007f5e4c694af0:   00007f5e00000001 0000000000000000
0x00007f5e4c694b00:   00007f5e47f3baf8 00007f5e47d4ef08
0x00007f5e4c694b10:   0000000000000000 00007f5e47f3baf8
0x00007f5e4c694b20:   00007f5e47d4ef08 00007f5def7c8ff3
0x00007f5e4c694b30:   00007f5e47f3bc88 0000000347d52088
0x00007f5e4c694b40:   00007f5de83a7970 0000000000000002
0x00007f5e4c694b50:   0000000000000000 00007f5def7cd196
0x00007f5e4c694b60:   00007f5e47d4da28 5b90077831fef500 

Instructions: (pc=0x00007f5def8e626e)
0x00007f5def8e624e:   00 00 41 56 41 55 41 54 55 53 48 8b 42 18 48 89
0x00007f5def8e625e:   fb 8b 08 39 4e 08 48 8b 68 08 0f 84 e2 00 00 00
0x00007f5def8e626e:   8b 45 00 85 c0 0f 84 a7 00 00 00 c7 03 00 00 00
0x00007f5def8e627e:   00 48 c7 43 08 00 00 00 00 4c 8d 75 08 c7 43 10 

Register to memory mapping:

RAX=0x00007f5e47b1f838 is an unknown value
RBX=0x00007f5e4c694b00 is pointing into the stack for thread: 0x00007f5e4400d800
RCX=0x000000000000000c is an unknown value
RDX=0x00007f5e47e145a8 is an unknown value
RSP=0x00007f5e4c694970 is pointing into the stack for thread: 0x00007f5e4400d800
RBP=0x0000000000000000 is an unknown value
RSI=0x00007f5e47f3bee8 is an unknown value
RDI=0x00007f5e4c694b00 is pointing into the stack for thread: 0x00007f5e4400d800
R8 =0x00007f5e47f3bc88 is an unknown value
R9 =0x00007f5e47f3bc98 is an unknown value
R10=0x0000000000000002 is an unknown value
R11=0x0000000000000000 is an unknown value
R12=0x00007f5e47e145a8 is an unknown value
R13=0x0000000000000000 is an unknown value
R14=0x0000000000000000 is an unknown value
R15=0x000000000000000c is an unknown value


Stack: [0x00007f5e4c598000,0x00007f5e4c698000],  sp=0x00007f5e4c694970,  free space=1010k
Native frames: (J=compiled Java code, j=interpreted, Vv=VM code, C=native code)
C  [libz3.so+0xbff26e]  pb_util::get_k(func_decl*) const+0x1e

Java frames: (J=compiled Java code, j=interpreted, Vv=VM code)
j  com.microsoft.z3.Native.INTERNALoptimizeCheck(JJ)I+0
j  com.microsoft.z3.Native.optimizeCheck(JJ)I+2
j  com.microsoft.z3.Optimize.Check()Lcom/microsoft/z3/Status;+11
j  it.polito.verigraph.mcnet.components.Checker.propertyCheck()Lit/polito/verigraph/mcnet/components/IsolationResult;+57
j  it.polito.verifoo.rest.common.VerifooProxy.checkNFFGProperty()Lit/polito/verigraph/mcnet/components/IsolationResult;+65
j  it.polito.verifoo.rest.common.VerifooSerializer.<init>(Lit/polito/verifoo/rest/jaxb/NFV;)V+282
j  it.polito.verifoo.rest.test.TestSG.init(Ljava/lang/String;)Lit/polito/verifoo/rest/jaxb/NFV;+67
j  it.polito.verifoo.rest.test.TestSG.testOptimalPlacement()V+3
v  ~StubRoutines::call_stub
j  sun.reflect.NativeMethodAccessorImpl.invoke0(Ljava/lang/reflect/Method;Ljava/lang/Object;[Ljava/lang/Object;)Ljava/lang/Object;+0
j  sun.reflect.NativeMethodAccessorImpl.invoke(Ljava/lang/Object;[Ljava/lang/Object;)Ljava/lang/Object;+100
J 3237 C2 java.lang.reflect.Method.invoke(Ljava/lang/Object;[Ljava/lang/Object;)Ljava/lang/Object; (62 bytes) @ 0x00007f5e35a9c820 [0x00007f5e35a9c780+0xa0]
j  org.junit.runners.model.FrameworkMethod$1.runReflectiveCall()Ljava/lang/Object;+15
j  org.junit.internal.runners.model.ReflectiveCallable.run()Ljava/lang/Object;+1
j  org.junit.runners.model.FrameworkMethod.invokeExplosively(Ljava/lang/Object;[Ljava/lang/Object;)Ljava/lang/Object;+10
j  org.junit.internal.runners.statements.InvokeMethod.evaluate()V+12
j  org.junit.internal.runners.statements.RunBefores.evaluate()V+49
j  org.junit.internal.runners.statements.RunAfters.evaluate()V+12
j  org.junit.runners.ParentRunner.runLeaf(Lorg/junit/runners/model/Statement;Lorg/junit/runner/Description;Lorg/junit/runner/notification/RunNotifier;)V+17
j  org.junit.runners.BlockJUnit4ClassRunner.runChild(Lorg/junit/runners/model/FrameworkMethod;Lorg/junit/runner/notification/RunNotifier;)V+30
j  org.junit.runners.BlockJUnit4ClassRunner.runChild(Ljava/lang/Object;Lorg/junit/runner/notification/RunNotifier;)V+6
j  org.junit.runners.ParentRunner$3.run()V+12
j  org.junit.runners.ParentRunner$1.schedule(Ljava/lang/Runnable;)V+1
j  org.junit.runners.ParentRunner.runChildren(Lorg/junit/runner/notification/RunNotifier;)V+44
j  org.junit.runners.ParentRunner.access$000(Lorg/junit/runners/ParentRunner;Lorg/junit/runner/notification/RunNotifier;)V+2
j  org.junit.runners.ParentRunner$2.evaluate()V+8
j  org.junit.internal.runners.statements.RunBefores.evaluate()V+49
j  org.junit.internal.runners.statements.RunAfters.evaluate()V+12
j  org.junit.runners.ParentRunner.run(Lorg/junit/runner/notification/RunNotifier;)V+20
j  org.eclipse.jdt.internal.junit4.runner.JUnit4TestReference.run(Lorg/eclipse/jdt/internal/junit/runner/TestExecution;)V+72
j  org.eclipse.jdt.internal.junit.runner.TestExecution.run([Lorg/eclipse/jdt/internal/junit/runner/ITestReference;)V+17
j  org.eclipse.jdt.internal.junit.runner.RemoteTestRunner.runTests([Ljava/lang/String;Ljava/lang/String;Lorg/eclipse/jdt/internal/junit/runner/TestExecution;)V+62
j  org.eclipse.jdt.internal.junit.runner.RemoteTestRunner.runTests(Lorg/eclipse/jdt/internal/junit/runner/TestExecution;)V+10
j  org.eclipse.jdt.internal.junit.runner.RemoteTestRunner.run()V+70
j  org.eclipse.jdt.internal.junit.runner.RemoteTestRunner.main([Ljava/lang/String;)V+14
v  ~StubRoutines::call_stub

---------------  P R O C E S S  ---------------

Java Threads: ( => current thread )
  0x00007f5e443dd000 JavaThread "ReaderThread" [_thread_in_native, id=21017, stack(0x00007f5e223cb000,0x00007f5e224cc000)]
  0x00007f5e440c5800 JavaThread "Service Thread" daemon [_thread_blocked, id=21015, stack(0x00007f5e22924000,0x00007f5e22a25000)]
  0x00007f5e440c2800 JavaThread "C1 CompilerThread2" daemon [_thread_blocked, id=21014, stack(0x00007f5e22a26000,0x00007f5e22b26000)]
  0x00007f5e440c0800 JavaThread "C2 CompilerThread1" daemon [_thread_blocked, id=21013, stack(0x00007f5e22b27000,0x00007f5e22c27000)]
  0x00007f5e440bd800 JavaThread "C2 CompilerThread0" daemon [_thread_blocked, id=21011, stack(0x00007f5e22c28000,0x00007f5e22d28000)]
  0x00007f5e440bc000 JavaThread "Signal Dispatcher" daemon [_thread_blocked, id=21010, stack(0x00007f5e22d28000,0x00007f5e22e29000)]
  0x00007f5e44088000 JavaThread "Finalizer" daemon [_thread_blocked, id=21002, stack(0x00007f5e237f8000,0x00007f5e238f9000)]
  0x00007f5e44085800 JavaThread "Reference Handler" daemon [_thread_blocked, id=21001, stack(0x00007f5e238f9000,0x00007f5e239fa000)]
=>0x00007f5e4400d800 JavaThread "main" [_thread_in_native, id=20995, stack(0x00007f5e4c598000,0x00007f5e4c698000)]

Other Threads:
  0x00007f5e4407c000 VMThread [stack: 0x00007f5e239fb000,0x00007f5e23afb000] [id=21000]
  0x00007f5e440ca800 WatcherThread [stack: 0x00007f5e22824000,0x00007f5e22924000] [id=21016]

VM state:not at safepoint (normal execution)

VM Mutex/Monitor currently owned by a thread: None

Heap:
 PSYoungGen      total 117760K, used 95363K [0x00000000d6700000, 0x00000000def80000, 0x0000000100000000)
  eden space 114176K, 80% used [0x00000000d6700000,0x00000000dc0c4548,0x00000000dd680000)
  from space 3584K, 96% used [0x00000000dec00000,0x00000000def5c9a8,0x00000000def80000)
  to   space 5120K, 0% used [0x00000000de580000,0x00000000de580000,0x00000000dea80000)
 ParOldGen       total 48640K, used 5141K [0x0000000083400000, 0x0000000086380000, 0x00000000d6700000)
  object space 48640K, 10% used [0x0000000083400000,0x0000000083905480,0x0000000086380000)
 Metaspace       used 25801K, capacity 26928K, committed 27008K, reserved 1073152K
  class space    used 3166K, capacity 3405K, committed 3456K, reserved 1048576K

Card table byte_map: [0x00007f5e48e8e000,0x00007f5e49275000] byte_map_base: 0x00007f5e48a74000

Marking Bits: (ParMarkBitMap*) 0x00007f5e4ba3dd40
 Begin Bits: [0x00007f5e311a0000, 0x00007f5e330d0000)
 End Bits:   [0x00007f5e330d0000, 0x00007f5e35000000)

Polling page: 0x00007f5e4c6ad000

CodeCache: size=245760Kb used=13504Kb max_used=13518Kb free=232255Kb
 bounds [0x00007f5e35000000, 0x00007f5e35d40000, 0x00007f5e44000000]
 total_blobs=4347 nmethods=3875 adapters=385
 compilation: enabled

Compilation events (10 events):
Event: 13,423 Thread 0x00007f5e440c0800 nmethod 3868 0x00007f5e35d2f190 code [0x00007f5e35d2f340, 0x00007f5e35d2f710]
Event: 13,423 Thread 0x00007f5e440c0800 3872       4       java.util.regex.Matcher::reset (83 bytes)
Event: 13,424 Thread 0x00007f5e440c2800 3874       3       com.microsoft.z3.Context::mkIntSort (9 bytes)
Event: 13,424 Thread 0x00007f5e440c2800 nmethod 3874 0x00007f5e35d29a10 code [0x00007f5e35d29bc0, 0x00007f5e35d29ff8]
Event: 13,424 Thread 0x00007f5e440c0800 nmethod 3872 0x00007f5e35d2d7d0 code [0x00007f5e35d2d940, 0x00007f5e35d2dad8]
Event: 13,424 Thread 0x00007f5e440c0800 3871       4       com.microsoft.z3.Context::mkEq (34 bytes)
Event: 13,430 Thread 0x00007f5e440bd800 nmethod 3803 0x00007f5e35d36290 code [0x00007f5e35d367c0, 0x00007f5e35d39d68]
Event: 13,430 Thread 0x00007f5e440bd800 3856  s    4       java.io.ByteArrayOutputStream::write (66 bytes)
Event: 13,435 Thread 0x00007f5e440bd800 nmethod 3856 0x00007f5e35d28d50 code [0x00007f5e35d28ec0, 0x00007f5e35d29608]
Event: 13,438 Thread 0x00007f5e440c0800 nmethod 3871 0x00007f5e35d31ed0 code [0x00007f5e35d32140, 0x00007f5e35d32bc8]

GC Heap History (10 events):
Event: 1,234 GC heap before
{Heap before GC invocations=1 (full 0):
 PSYoungGen      total 37888K, used 32768K [0x00000000d6700000, 0x00000000d9100000, 0x0000000100000000)
  eden space 32768K, 100% used [0x00000000d6700000,0x00000000d8700000,0x00000000d8700000)
  from space 5120K, 0% used [0x00000000d8c00000,0x00000000d8c00000,0x00000000d9100000)
  to   space 5120K, 0% used [0x00000000d8700000,0x00000000d8700000,0x00000000d8c00000)
 ParOldGen       total 86016K, used 0K [0x0000000083400000, 0x0000000088800000, 0x00000000d6700000)
  object space 86016K, 0% used [0x0000000083400000,0x0000000083400000,0x0000000088800000)
 Metaspace       used 10965K, capacity 11130K, committed 11392K, reserved 1058816K
  class space    used 1285K, capacity 1345K, committed 1408K, reserved 1048576K
Event: 1,247 GC heap after
Heap after GC invocations=1 (full 0):
 PSYoungGen      total 37888K, used 5117K [0x00000000d6700000, 0x00000000db100000, 0x0000000100000000)
  eden space 32768K, 0% used [0x00000000d6700000,0x00000000d6700000,0x00000000d8700000)
  from space 5120K, 99% used [0x00000000d8700000,0x00000000d8bff4a8,0x00000000d8c00000)
  to   space 5120K, 0% used [0x00000000dac00000,0x00000000dac00000,0x00000000db100000)
 ParOldGen       total 86016K, used 399K [0x0000000083400000, 0x0000000088800000, 0x00000000d6700000)
  object space 86016K, 0% used [0x0000000083400000,0x0000000083463e60,0x0000000088800000)
 Metaspace       used 10965K, capacity 11130K, committed 11392K, reserved 1058816K
  class space    used 1285K, capacity 1345K, committed 1408K, reserved 1048576K
}
Event: 1,778 GC heap before
{Heap before GC invocations=2 (full 0):
 PSYoungGen      total 37888K, used 37885K [0x00000000d6700000, 0x00000000db100000, 0x0000000100000000)
  eden space 32768K, 100% used [0x00000000d6700000,0x00000000d8700000,0x00000000d8700000)
  from space 5120K, 99% used [0x00000000d8700000,0x00000000d8bff4a8,0x00000000d8c00000)
  to   space 5120K, 0% used [0x00000000dac00000,0x00000000dac00000,0x00000000db100000)
 ParOldGen       total 86016K, used 399K [0x0000000083400000, 0x0000000088800000, 0x00000000d6700000)
  object space 86016K, 0% used [0x0000000083400000,0x0000000083463e60,0x0000000088800000)
 Metaspace       used 19795K, capacity 20044K, committed 20352K, reserved 1067008K
  class space    used 2500K, capacity 2586K, committed 2688K, reserved 1048576K
Event: 1,789 GC heap after
Heap after GC invocations=2 (full 0):
 PSYoungGen      total 70656K, used 5104K [0x00000000d6700000, 0x00000000db100000, 0x0000000100000000)
  eden space 65536K, 0% used [0x00000000d6700000,0x00000000d6700000,0x00000000da700000)
  from space 5120K, 99% used [0x00000000dac00000,0x00000000db0fc100,0x00000000db100000)
  to   space 5120K, 0% used [0x00000000da700000,0x00000000da700000,0x00000000dac00000)
 ParOldGen       total 86016K, used 3270K [0x0000000083400000, 0x0000000088800000, 0x00000000d6700000)
  object space 86016K, 3% used [0x0000000083400000,0x00000000837319a8,0x0000000088800000)
 Metaspace       used 19795K, capacity 20044K, committed 20352K, reserved 1067008K
  class space    used 2500K, capacity 2586K, committed 2688K, reserved 1048576K
}
Event: 1,839 GC heap before
{Heap before GC invocations=3 (full 0):
 PSYoungGen      total 70656K, used 12025K [0x00000000d6700000, 0x00000000db100000, 0x0000000100000000)
  eden space 65536K, 10% used [0x00000000d6700000,0x00000000d6dc2300,0x00000000da700000)
  from space 5120K, 99% used [0x00000000dac00000,0x00000000db0fc100,0x00000000db100000)
  to   space 5120K, 0% used [0x00000000da700000,0x00000000da700000,0x00000000dac00000)
 ParOldGen       total 86016K, used 3270K [0x0000000083400000, 0x0000000088800000, 0x00000000d6700000)
  object space 86016K, 3% used [0x0000000083400000,0x00000000837319a8,0x0000000088800000)
 Metaspace       used 20795K, capacity 21068K, committed 21296K, reserved 1069056K
  class space    used 2618K, capacity 2687K, committed 2688K, reserved 1048576K
Event: 1,850 GC heap after
Heap after GC invocations=3 (full 0):
 PSYoungGen      total 70656K, used 5088K [0x00000000d6700000, 0x00000000df100000, 0x0000000100000000)
  eden space 65536K, 0% used [0x00000000d6700000,0x00000000d6700000,0x00000000da700000)
  from space 5120K, 99% used [0x00000000da700000,0x00000000dabf8130,0x00000000dac00000)
  to   space 5120K, 0% used [0x00000000dec00000,0x00000000dec00000,0x00000000df100000)
 ParOldGen       total 86016K, used 3463K [0x0000000083400000, 0x0000000088800000, 0x00000000d6700000)
  object space 86016K, 4% used [0x0000000083400000,0x0000000083761dc0,0x0000000088800000)
 Metaspace       used 20795K, capacity 21068K, committed 21296K, reserved 1069056K
  class space    used 2618K, capacity 2687K, committed 2688K, reserved 1048576K
}
Event: 1,850 GC heap before
{Heap before GC invocations=4 (full 1):
 PSYoungGen      total 70656K, used 5088K [0x00000000d6700000, 0x00000000df100000, 0x0000000100000000)
  eden space 65536K, 0% used [0x00000000d6700000,0x00000000d6700000,0x00000000da700000)
  from space 5120K, 99% used [0x00000000da700000,0x00000000dabf8130,0x00000000dac00000)
  to   space 5120K, 0% used [0x00000000dec00000,0x00000000dec00000,0x00000000df100000)
 ParOldGen       total 86016K, used 3463K [0x0000000083400000, 0x0000000088800000, 0x00000000d6700000)
  object space 86016K, 4% used [0x0000000083400000,0x0000000083761dc0,0x0000000088800000)
 Metaspace       used 20795K, capacity 21068K, committed 21296K, reserved 1069056K
  class space    used 2618K, capacity 2687K, committed 2688K, reserved 1048576K
Event: 1,884 GC heap after
Heap after GC invocations=4 (full 1):
 PSYoungGen      total 70656K, used 0K [0x00000000d6700000, 0x00000000df100000, 0x0000000100000000)
  eden space 65536K, 0% used [0x00000000d6700000,0x00000000d6700000,0x00000000da700000)
  from space 5120K, 0% used [0x00000000da700000,0x00000000da700000,0x00000000dac00000)
  to   space 5120K, 0% used [0x00000000dec00000,0x00000000dec00000,0x00000000df100000)
 ParOldGen       total 48640K, used 5133K [0x0000000083400000, 0x0000000086380000, 0x00000000d6700000)
  object space 48640K, 10% used [0x0000000083400000,0x0000000083903480,0x0000000086380000)
 Metaspace       used 20795K, capacity 21068K, committed 21296K, reserved 1069056K
  class space    used 2618K, capacity 2687K, committed 2688K, reserved 1048576K
}
Event: 9,708 GC heap before
{Heap before GC invocations=5 (full 1):
 PSYoungGen      total 70656K, used 65536K [0x00000000d6700000, 0x00000000df100000, 0x0000000100000000)
  eden space 65536K, 100% used [0x00000000d6700000,0x00000000da700000,0x00000000da700000)
  from space 5120K, 0% used [0x00000000da700000,0x00000000da700000,0x00000000dac00000)
  to   space 5120K, 0% used [0x00000000dec00000,0x00000000dec00000,0x00000000df100000)
 ParOldGen       total 48640K, used 5133K [0x0000000083400000, 0x0000000086380000, 0x00000000d6700000)
  object space 48640K, 10% used [0x0000000083400000,0x0000000083903480,0x0000000086380000)
 Metaspace       used 24935K, capacity 25746K, committed 25856K, reserved 1071104K
  class space    used 3095K, capacity 3278K, committed 3328K, reserved 1048576K
Event: 9,718 GC heap after
Heap after GC invocations=5 (full 1):
 PSYoungGen      total 117760K, used 3442K [0x00000000d6700000, 0x00000000def80000, 0x0000000100000000)
  eden space 114176K, 0% used [0x00000000d6700000,0x00000000d6700000,0x00000000dd680000)
  from space 3584K, 96% used [0x00000000dec00000,0x00000000def5c9a8,0x00000000def80000)
  to   space 5120K, 0% used [0x00000000de580000,0x00000000de580000,0x00000000dea80000)
 ParOldGen       total 48640K, used 5141K [0x0000000083400000, 0x0000000086380000, 0x00000000d6700000)
  object space 48640K, 10% used [0x0000000083400000,0x0000000083905480,0x0000000086380000)
 Metaspace       used 24935K, capacity 25746K, committed 25856K, reserved 1071104K
  class space    used 3095K, capacity 3278K, committed 3328K, reserved 1048576K
}

Deoptimization events (10 events):
Event: 1,747 Thread 0x00007f5e4400d800 Uncommon trap: reason=unstable_if action=reinterpret pc=0x00007f5e351b404c method=java.lang.String.replace(CC)Ljava/lang/String; @ 26
Event: 1,827 Thread 0x00007f5e4400d800 Uncommon trap: reason=unstable_if action=reinterpret pc=0x00007f5e354b2df0 method=java.lang.String.regionMatches(ZILjava/lang/String;II)Z @ 123
Event: 1,834 Thread 0x00007f5e4400d800 Uncommon trap: reason=unstable_if action=reinterpret pc=0x00007f5e354be260 method=java.lang.String.regionMatches(ZILjava/lang/String;II)Z @ 123
Event: 4,334 Thread 0x00007f5e4400d800 Uncommon trap: reason=class_check action=maybe_recompile pc=0x00007f5e356f9ac4 method=java.util.regex.Pattern$Slice.match(Ljava/util/regex/Matcher;ILjava/lang/CharSequence;)Z @ 75
Event: 4,335 Thread 0x00007f5e4400d800 Uncommon trap: reason=class_check action=maybe_recompile pc=0x00007f5e356f9ac4 method=java.util.regex.Pattern$Slice.match(Ljava/util/regex/Matcher;ILjava/lang/CharSequence;)Z @ 75
Event: 4,342 Thread 0x00007f5e4400d800 Uncommon trap: reason=class_check action=maybe_recompile pc=0x00007f5e356f9ac4 method=java.util.regex.Pattern$Slice.match(Ljava/util/regex/Matcher;ILjava/lang/CharSequence;)Z @ 75
Event: 4,343 Thread 0x00007f5e4400d800 Uncommon trap: reason=class_check action=maybe_recompile pc=0x00007f5e356f9ac4 method=java.util.regex.Pattern$Slice.match(Ljava/util/regex/Matcher;ILjava/lang/CharSequence;)Z @ 75
Event: 7,744 Thread 0x00007f5e4400d800 Uncommon trap: reason=predicate action=maybe_recompile pc=0x00007f5e3575c8ac method=java.util.regex.Pattern$Curly.match0(Ljava/util/regex/Matcher;IILjava/lang/CharSequence;)Z @ 69
Event: 7,744 Thread 0x00007f5e4400d800 Uncommon trap: reason=predicate action=maybe_recompile pc=0x00007f5e35743068 method=java.util.regex.Pattern$Curly.match0(Ljava/util/regex/Matcher;IILjava/lang/CharSequence;)Z @ 69
Event: 7,747 Thread 0x00007f5e4400d800 Uncommon trap: reason=predicate action=maybe_recompile pc=0x00007f5e3576d288 method=java.util.regex.Pattern$Curly.match0(Ljava/util/regex/Matcher;IILjava/lang/CharSequence;)Z @ 69

Classes redefined (0 events):
No events

Internal exceptions (10 events):
Event: 12,919 Thread 0x00007f5e4400d800 Exception <a 'java/lang/ClassNotFoundException': com/sun/org/glassfish/hk2/osgiresourcelocator/ServiceLoader> (0x00000000d87e7230) thrown at [/HUDSON/workspace/8-2-build-linux-amd64/jdk8u191/11894/hotspot/src/share/vm/classfile/systemDictionary.cpp, line 
Event: 12,969 Thread 0x00007f5e4400d800 Exception <a 'java/lang/ClassNotFoundException': com/sun/org/glassfish/hk2/osgiresourcelocator/ServiceLoader> (0x00000000d8e0b878) thrown at [/HUDSON/workspace/8-2-build-linux-amd64/jdk8u191/11894/hotspot/src/share/vm/classfile/systemDictionary.cpp, line 
Event: 13,019 Thread 0x00007f5e4400d800 Exception <a 'java/lang/ClassNotFoundException': com/sun/org/glassfish/hk2/osgiresourcelocator/ServiceLoader> (0x00000000d94fea88) thrown at [/HUDSON/workspace/8-2-build-linux-amd64/jdk8u191/11894/hotspot/src/share/vm/classfile/systemDictionary.cpp, line 
Event: 13,048 Thread 0x00007f5e4400d800 Exception <a 'java/lang/ClassNotFoundException': com/sun/org/glassfish/hk2/osgiresourcelocator/ServiceLoader> (0x00000000d99bc758) thrown at [/HUDSON/workspace/8-2-build-linux-amd64/jdk8u191/11894/hotspot/src/share/vm/classfile/systemDictionary.cpp, line 
Event: 13,105 Thread 0x00007f5e4400d800 Exception <a 'java/lang/ClassNotFoundException': com/sun/org/glassfish/hk2/osgiresourcelocator/ServiceLoader> (0x00000000d9fe0b70) thrown at [/HUDSON/workspace/8-2-build-linux-amd64/jdk8u191/11894/hotspot/src/share/vm/classfile/systemDictionary.cpp, line 
Event: 13,181 Thread 0x00007f5e4400d800 Exception <a 'java/lang/ClassNotFoundException': com/sun/org/glassfish/hk2/osgiresourcelocator/ServiceLoader> (0x00000000da498c60) thrown at [/HUDSON/workspace/8-2-build-linux-amd64/jdk8u191/11894/hotspot/src/share/vm/classfile/systemDictionary.cpp, line 
Event: 13,214 Thread 0x00007f5e4400d800 Exception <a 'java/lang/ClassNotFoundException': com/sun/org/glassfish/hk2/osgiresourcelocator/ServiceLoader> (0x00000000da96cfc8) thrown at [/HUDSON/workspace/8-2-build-linux-amd64/jdk8u191/11894/hotspot/src/share/vm/classfile/systemDictionary.cpp, line 
Event: 13,276 Thread 0x00007f5e4400d800 Exception <a 'java/lang/ClassNotFoundException': com/sun/org/glassfish/hk2/osgiresourcelocator/ServiceLoader> (0x00000000daf92830) thrown at [/HUDSON/workspace/8-2-build-linux-amd64/jdk8u191/11894/hotspot/src/share/vm/classfile/systemDictionary.cpp, line 
Event: 13,315 Thread 0x00007f5e4400d800 Exception <a 'java/lang/ClassNotFoundException': com/sun/org/glassfish/hk2/osgiresourcelocator/ServiceLoader> (0x00000000db448188) thrown at [/HUDSON/workspace/8-2-build-linux-amd64/jdk8u191/11894/hotspot/src/share/vm/classfile/systemDictionary.cpp, line 
Event: 13,378 Thread 0x00007f5e4400d800 Exception <a 'java/lang/ClassNotFoundException': com/sun/org/glassfish/hk2/osgiresourcelocator/ServiceLoader> (0x00000000db9bbf98) thrown at [/HUDSON/workspace/8-2-build-linux-amd64/jdk8u191/11894/hotspot/src/share/vm/classfile/systemDictionary.cpp, line 

Events (10 events):
Event: 13,214 loading class com/sun/org/glassfish/hk2/osgiresourcelocator/ServiceLoader
Event: 13,214 loading class com/sun/org/glassfish/hk2/osgiresourcelocator/ServiceLoader done
Event: 13,276 loading class com/sun/org/glassfish/hk2/osgiresourcelocator/ServiceLoader
Event: 13,276 loading class com/sun/org/glassfish/hk2/osgiresourcelocator/ServiceLoader done
Event: 13,315 loading class com/sun/org/glassfish/hk2/osgiresourcelocator/ServiceLoader
Event: 13,315 loading class com/sun/org/glassfish/hk2/osgiresourcelocator/ServiceLoader done
Event: 13,378 loading class com/sun/org/glassfish/hk2/osgiresourcelocator/ServiceLoader
Event: 13,378 loading class com/sun/org/glassfish/hk2/osgiresourcelocator/ServiceLoader done
Event: 13,412 Thread 0x00007f5e4400d800 DEOPT PACKING pc=0x00007f5e35cb8200 sp=0x00007f5e4c6951c0
Event: 13,412 Thread 0x00007f5e4400d800 DEOPT UNPACKING pc=0x00007f5e35047784 sp=0x00007f5e4c694f20 mode 0


Dynamic libraries:
00400000-00401000 r-xp 00000000 08:01 282504                             /usr/lib/jvm/java-8-oracle/bin/java
00600000-00601000 r--p 00000000 08:01 282504                             /usr/lib/jvm/java-8-oracle/bin/java
00601000-00602000 rw-p 00001000 08:01 282504                             /usr/lib/jvm/java-8-oracle/bin/java
0061f000-00640000 rw-p 00000000 00:00 0                                  [heap]
83400000-86380000 rw-p 00000000 00:00 0 
86380000-d6700000 ---p 00000000 00:00 0 
d6700000-def80000 rw-p 00000000 00:00 0 
def80000-100000000 ---p 00000000 00:00 0 
100000000-100360000 rw-p 00000000 00:00 0 
100360000-140000000 ---p 00000000 00:00 0 
7f5de8000000-7f5de84fe000 rw-p 00000000 00:00 0 
7f5de84fe000-7f5dec000000 ---p 00000000 00:00 0 
7f5deece7000-7f5defdd3000 r-xp 00000000 08:01 927915                     /home/verifoo/git/verifoo/WebContent/WEB-INF/lib/jni/libz3.so
7f5defdd3000-7f5deffd2000 ---p 010ec000 08:01 927915                     /home/verifoo/git/verifoo/WebContent/WEB-INF/lib/jni/libz3.so
7f5deffd2000-7f5defffb000 r--p 010eb000 08:01 927915                     /home/verifoo/git/verifoo/WebContent/WEB-INF/lib/jni/libz3.so
7f5defffb000-7f5defffe000 rw-p 01114000 08:01 927915                     /home/verifoo/git/verifoo/WebContent/WEB-INF/lib/jni/libz3.so
7f5defffe000-7f5df0000000 rw-p 00000000 00:00 0 
7f5df0000000-7f5df0021000 rw-p 00000000 00:00 0 
7f5df0021000-7f5df4000000 ---p 00000000 00:00 0 
7f5df4fff000-7f5df8000000 rw-p 00000000 00:00 0 
7f5df8000000-7f5df8021000 rw-p 00000000 00:00 0 
7f5df8021000-7f5dfc000000 ---p 00000000 00:00 0 
7f5dfc000000-7f5dfc021000 rw-p 00000000 00:00 0 
7f5dfc021000-7f5e00000000 ---p 00000000 00:00 0 
7f5e00000000-7f5e00bf6000 rw-p 00000000 00:00 0 
7f5e00bf6000-7f5e04000000 ---p 00000000 00:00 0 
7f5e04000000-7f5e04bd9000 rw-p 00000000 00:00 0 
7f5e04bd9000-7f5e08000000 ---p 00000000 00:00 0 
7f5e08000000-7f5e08021000 rw-p 00000000 00:00 0 
7f5e08021000-7f5e0c000000 ---p 00000000 00:00 0 
7f5e0c000000-7f5e0c77e000 rw-p 00000000 00:00 0 
7f5e0c77e000-7f5e10000000 ---p 00000000 00:00 0 
7f5e10000000-7f5e10021000 rw-p 00000000 00:00 0 
7f5e10021000-7f5e14000000 ---p 00000000 00:00 0 
7f5e14000000-7f5e14021000 rw-p 00000000 00:00 0 
7f5e14021000-7f5e18000000 ---p 00000000 00:00 0 
7f5e18000000-7f5e18021000 rw-p 00000000 00:00 0 
7f5e18021000-7f5e1c000000 ---p 00000000 00:00 0 
7f5e1c000000-7f5e1c021000 rw-p 00000000 00:00 0 
7f5e1c021000-7f5e20000000 ---p 00000000 00:00 0 
7f5e20373000-7f5e2063b000 rw-p 00000000 00:00 0 
7f5e2063b000-7f5e2073b000 ---p 00000000 00:00 0 
7f5e2073b000-7f5e2093b000 rw-p 00000000 00:00 0 
7f5e2093b000-7f5e20952000 r-xp 00000000 08:01 130383                     /lib/x86_64-linux-gnu/libgcc_s.so.1
7f5e20952000-7f5e20b51000 ---p 00017000 08:01 130383                     /lib/x86_64-linux-gnu/libgcc_s.so.1
7f5e20b51000-7f5e20b52000 r--p 00016000 08:01 130383                     /lib/x86_64-linux-gnu/libgcc_s.so.1
7f5e20b52000-7f5e20b53000 rw-p 00017000 08:01 130383                     /lib/x86_64-linux-gnu/libgcc_s.so.1
7f5e20b53000-7f5e20b81000 r-xp 00000000 08:01 394069                     /usr/lib/x86_64-linux-gnu/libgomp.so.1.0.0
7f5e20b81000-7f5e20d80000 ---p 0002e000 08:01 394069                     /usr/lib/x86_64-linux-gnu/libgomp.so.1.0.0
7f5e20d80000-7f5e20d81000 r--p 0002d000 08:01 394069                     /usr/lib/x86_64-linux-gnu/libgomp.so.1.0.0
7f5e20d81000-7f5e20d82000 rw-p 0002e000 08:01 394069                     /usr/lib/x86_64-linux-gnu/libgomp.so.1.0.0
7f5e20d82000-7f5e20efb000 r-xp 00000000 08:01 394070                     /usr/lib/x86_64-linux-gnu/libstdc++.so.6.0.25
7f5e20efb000-7f5e210fb000 ---p 00179000 08:01 394070                     /usr/lib/x86_64-linux-gnu/libstdc++.so.6.0.25
7f5e210fb000-7f5e21105000 r--p 00179000 08:01 394070                     /usr/lib/x86_64-linux-gnu/libstdc++.so.6.0.25
7f5e21105000-7f5e21107000 rw-p 00183000 08:01 394070                     /usr/lib/x86_64-linux-gnu/libstdc++.so.6.0.25
7f5e21107000-7f5e2110b000 rw-p 00000000 00:00 0 
7f5e2111c000-7f5e2111d000 r--p 00000000 00:00 0 
7f5e2111d000-7f5e21145000 r-xp 00000000 08:01 927931                     /home/verifoo/git/verifoo/WebContent/WEB-INF/lib/jni/libz3java.so
7f5e21145000-7f5e21344000 ---p 00028000 08:01 927931                     /home/verifoo/git/verifoo/WebContent/WEB-INF/lib/jni/libz3java.so
7f5e21344000-7f5e21345000 r--p 00027000 08:01 927931                     /home/verifoo/git/verifoo/WebContent/WEB-INF/lib/jni/libz3java.so
7f5e21345000-7f5e21347000 rw-p 00028000 08:01 927931                     /home/verifoo/git/verifoo/WebContent/WEB-INF/lib/jni/libz3java.so
7f5e21347000-7f5e21353000 rw-p 0003d000 08:01 927931                     /home/verifoo/git/verifoo/WebContent/WEB-INF/lib/jni/libz3java.so
7f5e21353000-7f5e21553000 rw-p 00000000 00:00 0 
7f5e21553000-7f5e2156e000 r--s 001d4000 08:01 420770                     /usr/lib/jvm/java-8-oracle/jre/lib/ext/nashorn.jar
7f5e2156e000-7f5e2176e000 rw-p 00000000 00:00 0 
7f5e2176e000-7f5e21776000 r-xp 00000000 08:01 282958                     /usr/lib/jvm/java-8-oracle/jre/lib/amd64/libmanagement.so
7f5e21776000-7f5e21976000 ---p 00008000 08:01 282958                     /usr/lib/jvm/java-8-oracle/jre/lib/amd64/libmanagement.so
7f5e21976000-7f5e21977000 r--p 00008000 08:01 282958                     /usr/lib/jvm/java-8-oracle/jre/lib/amd64/libmanagement.so
7f5e21977000-7f5e21978000 rw-p 00009000 08:01 282958                     /usr/lib/jvm/java-8-oracle/jre/lib/amd64/libmanagement.so
7f5e21978000-7f5e21b78000 rw-p 00000000 00:00 0 
7f5e21b78000-7f5e21d78000 rw-p 00000000 00:00 0 
7f5e21d78000-7f5e21d8b000 r--s 00345000 08:01 282887                     /usr/lib/jvm/java-8-oracle/jre/lib/resources.jar
7f5e21d8b000-7f5e21da7000 r--s 00393000 08:01 420767                     /usr/lib/jvm/java-8-oracle/jre/lib/ext/cldrdata.jar
7f5e21da7000-7f5e21db1000 r--s 00116000 08:01 420774                     /usr/lib/jvm/java-8-oracle/jre/lib/ext/localedata.jar
7f5e21db1000-7f5e21fb1000 rw-p 00000000 00:00 0 
7f5e21fb1000-7f5e221b1000 rw-p 00000000 00:00 0 
7f5e221b1000-7f5e221c2000 r-xp 00000000 08:01 282953                     /usr/lib/jvm/java-8-oracle/jre/lib/amd64/libnio.so
7f5e221c2000-7f5e223c1000 ---p 00011000 08:01 282953                     /usr/lib/jvm/java-8-oracle/jre/lib/amd64/libnio.so
7f5e223c1000-7f5e223c2000 r--p 00010000 08:01 282953                     /usr/lib/jvm/java-8-oracle/jre/lib/amd64/libnio.so
7f5e223c2000-7f5e223c3000 rw-p 00011000 08:01 282953                     /usr/lib/jvm/java-8-oracle/jre/lib/amd64/libnio.so
7f5e223c3000-7f5e223c6000 r--s 0001a000 08:01 282966                     /usr/lib/jvm/java-8-oracle/jre/lib/jce.jar
7f5e223c6000-7f5e223cb000 r--s 000a0000 08:01 282888                     /usr/lib/jvm/java-8-oracle/jre/lib/jsse.jar
7f5e223cb000-7f5e223ce000 ---p 00000000 00:00 0 
7f5e223ce000-7f5e224cc000 rw-p 00000000 00:00 0 
7f5e224cc000-7f5e224e2000 r-xp 00000000 08:01 282950                     /usr/lib/jvm/java-8-oracle/jre/lib/amd64/libnet.so
7f5e224e2000-7f5e226e1000 ---p 00016000 08:01 282950                     /usr/lib/jvm/java-8-oracle/jre/lib/amd64/libnet.so
7f5e226e1000-7f5e226e2000 r--p 00015000 08:01 282950                     /usr/lib/jvm/java-8-oracle/jre/lib/amd64/libnet.so
7f5e226e2000-7f5e226e3000 rw-p 00016000 08:01 282950                     /usr/lib/jvm/java-8-oracle/jre/lib/amd64/libnet.so
7f5e226e3000-7f5e226e5000 r--s 00006000 08:01 927385                     /home/verifoo/git/verifoo/lib/neo4j/neo4j-kernel-api-3.3.4.jar
7f5e226e5000-7f5e2272a000 r--s 002f9000 08:01 927599                     /home/verifoo/git/verifoo/lib/neo4j/neo4j-kernel-3.3.4.jar
7f5e2272a000-7f5e22760000 r--s 0022c000 08:01 927756                     /home/verifoo/git/verifoo/lib/neo4j/neo4j-java-driver-1.5.1.jar
7f5e22760000-7f5e22767000 r--s 00029000 08:01 927598                     /home/verifoo/git/verifoo/lib/neo4j/neo4j-graphdb-api-3.3.4.jar
7f5e22767000-7f5e22768000 r--s 00005000 08:01 927883                     /home/verifoo/git/verifoo/lib/neo4j/neo4j-3.3.4.jar
7f5e22768000-7f5e22769000 r--s 00003000 08:01 928056                     /home/verifoo/git/verifoo/lib/junit/concurrent-junit-1.0.0.jar
7f5e22769000-7f5e22770000 r--s 00042000 08:01 927319                     /home/verifoo/git/verifoo/WebContent/WEB-INF/lib/yasson-1.0.jar
7f5e22770000-7f5e22774000 r--s 0000c000 08:01 916316                     /home/verifoo/git/verifoo/WebContent/WEB-INF/lib/validation-api-1.1.0.Final.jar
7f5e22774000-7f5e22777000 r--s 00017000 08:01 927868                     /home/verifoo/git/verifoo/WebContent/WEB-INF/lib/swagger-models-1.5.0.jar
7f5e22777000-7f5e22778000 r--s 00001000 08:01 927561                     /home/verifoo/git/verifoo/WebContent/WEB-INF/lib/swagger-jersey2-jaxrs-1.5.0.jar
7f5e22778000-7f5e2277a000 r--s 00010000 08:01 912977                     /home/verifoo/git/verifoo/WebContent/WEB-INF/lib/swagger-jaxrs-1.5.0.jar
7f5e2277a000-7f5e2277b000 r--s 0000b000 08:01 927473                     /home/verifoo/git/verifoo/WebContent/WEB-INF/lib/swagger-core-1.5.0.jar
7f5e2277b000-7f5e2277d000 r--s 00002000 08:01 927448                     /home/verifoo/git/verifoo/WebContent/WEB-INF/lib/swagger-annotations-1.5.0.jar
7f5e2277d000-7f5e2277e000 r--s 00003000 08:01 927418                     /home/verifoo/git/verifoo/WebContent/WEB-INF/lib/slf4j-simple-1.7.25.jar
7f5e2277e000-7f5e22780000 r--s 00009000 08:01 927405                     /home/verifoo/git/verifoo/WebContent/WEB-INF/lib/slf4j-api-1.7.25.jar
7f5e22780000-7f5e22783000 r--s 00020000 08:01 928000                     /home/verifoo/git/verifoo/WebContent/WEB-INF/lib/reflections-0.9.9.jar
7f5e22783000-7f5e22786000 r--s 0000a000 08:01 928019                     /home/verifoo/git/verifoo/WebContent/WEB-INF/lib/persistence-api-1.0.jar
7f5e22786000-7f5e22787000 r--s 00004000 08:01 927719                     /home/verifoo/git/verifoo/WebContent/WEB-INF/lib/osgi-resource-locator-1.0.1.jar
7f5e22787000-7f5e2278c000 r--s 00038000 08:01 927671                     /home/verifoo/git/verifoo/WebContent/WEB-INF/lib/org.osgi.core-4.2.0.jar
7f5e2278c000-7f5e22795000 r--s 00093000 08:01 927878                     /home/verifoo/git/verifoo/WebContent/WEB-INF/lib/org.eclipse.persistence.moxy-2.6.0.jar
7f5e22795000-7f5e227b4000 r--s 0015c000 08:01 927179                     /home/verifoo/git/verifoo/WebContent/WEB-INF/lib/log4j-core-2.9.1.jar
7f5e227b4000-7f5e227b9000 r--s 00036000 08:01 927567                     /home/verifoo/git/verifoo/WebContent/WEB-INF/lib/log4j-api-2.9.1.jar
7f5e227b9000-7f5e227ba000 r--s 00001000 08:01 927255                     /home/verifoo/git/verifoo/WebContent/WEB-INF/lib/jsr250-api-1.0.jar
7f5e227ba000-7f5e227cf000 r--s 000d1000 08:01 927220                     /home/verifoo/git/verifoo/WebContent/WEB-INF/lib/jersey-server-2.25.1.jar
7f5e227cf000-7f5e227d1000 r--s 00009000 08:01 927802                     /home/verifoo/git/verifoo/WebContent/WEB-INF/lib/jersey-media-sse-2.25.1.jar
7f5e227d1000-7f5e227d4000 r--s 0000e000 08:01 927005                     /home/verifoo/git/verifoo/WebContent/WEB-INF/lib/jersey-media-multipart-2.25.1.jar
7f5e227d4000-7f5e227d6000 r--s 00005000 08:01 927867                     /home/verifoo/git/verifoo/WebContent/WEB-INF/lib/jersey-media-moxy-2.25.1.jar
7f5e227d6000-7f5e227d7000 r--s 00002000 08:01 927167                     /home/verifoo/git/verifoo/WebContent/WEB-INF/lib/jersey-media-json-binding.jar
7f5e227d7000-7f5e227d9000 r--s 00010000 08:01 927894                     /home/verifoo/git/verifoo/WebContent/WEB-INF/lib/jersey-media-jaxb-2.25.1.jar
7f5e227d9000-7f5e227dc000 r--s 0000d000 08:01 927611                     /home/verifoo/git/verifoo/WebContent/WEB-INF/lib/jersey-hk2.jar
7f5e227dc000-7f5e227f4000 r--s 000d6000 08:01 927532                     /home/verifoo/git/verifoo/WebContent/WEB-INF/lib/jersey-guava-2.25.1.jar
7f5e227f4000-7f5e227f7000 r--s 0000f000 08:01 927513                     /home/verifoo/git/verifoo/WebContent/WEB-INF/lib/jersey-entity-filtering-2.25.1.jar
7f5e227f7000-7f5e22801000 r--s 00061000 08:01 927407                     /home/verifoo/git/verifoo/WebContent/WEB-INF/lib/jersey-core-1.19.1.jar
7f5e22801000-7f5e22804000 r--s 0000e000 08:01 927888                     /home/verifoo/git/verifoo/WebContent/WEB-INF/lib/jersey-container-servlet-core-2.25.1.jar
7f5e22804000-7f5e22806000 r--s 00003000 08:01 927945                     /home/verifoo/git/verifoo/WebContent/WEB-INF/lib/jersey-container-servlet-2.25.1.jar
7f5e22806000-7f5e22814000 r--s 000a1000 08:01 927687                     /home/verifoo/git/verifoo/WebContent/WEB-INF/lib/jersey-common-2.25.1.jar
7f5e22814000-7f5e22818000 r--s 00026000 08:01 927434                     /home/verifoo/git/verifoo/WebContent/WEB-INF/lib/jersey-client-2.25.1.jar
7f5e22818000-7f5e22819000 r--s 00001000 08:01 927183                     /home/verifoo/git/verifoo/WebContent/WEB-INF/lib/jboss-interceptors-api_1.1_spec-1.0.0.Beta1.jar
7f5e22819000-7f5e2281c000 r--s 00016000 08:01 927084                     /home/verifoo/git/verifoo/WebContent/WEB-INF/lib/jaxb-api-2.2.12-b140109.1041.jar
7f5e2281c000-7f5e22820000 r--s 00019000 08:01 927247                     /home/verifoo/git/verifoo/WebContent/WEB-INF/lib/javax.ws.rs-api-2.0.1.jar
7f5e22820000-7f5e22823000 r--s 00012000 08:01 926987                     /home/verifoo/git/verifoo/WebContent/WEB-INF/lib/javax.servlet-api-3.0.1.jar
7f5e22823000-7f5e22824000 ---p 00000000 00:00 0 
7f5e22824000-7f5e22924000 rw-p 00000000 00:00 0 
7f5e22924000-7f5e22927000 ---p 00000000 00:00 0 
7f5e22927000-7f5e22a25000 rw-p 00000000 00:00 0 
7f5e22a25000-7f5e22a26000 ---p 00000000 00:00 0 
7f5e22a26000-7f5e22a29000 ---p 00000000 00:00 0 
7f5e22a29000-7f5e22b26000 rw-p 00000000 00:00 0 
7f5e22b26000-7f5e22b27000 ---p 00000000 00:00 0 
7f5e22b27000-7f5e22b2a000 ---p 00000000 00:00 0 
7f5e22b2a000-7f5e22c27000 rw-p 00000000 00:00 0 
7f5e22c27000-7f5e22c28000 ---p 00000000 00:00 0 
7f5e22c28000-7f5e22c2b000 ---p 00000000 00:00 0 
7f5e22c2b000-7f5e22d28000 rw-p 00000000 00:00 0 
7f5e22d28000-7f5e22d2b000 ---p 00000000 00:00 0 
7f5e22d2b000-7f5e22e29000 rw-p 00000000 00:00 0 
7f5e22e29000-7f5e237f8000 r--p 00000000 08:01 397428                     /usr/lib/locale/locale-archive
7f5e237f8000-7f5e237fb000 ---p 00000000 00:00 0 
7f5e237fb000-7f5e238f9000 rw-p 00000000 00:00 0 
7f5e238f9000-7f5e238fc000 ---p 00000000 00:00 0 
7f5e238fc000-7f5e239fa000 rw-p 00000000 00:00 0 
7f5e239fa000-7f5e239fb000 ---p 00000000 00:00 0 
7f5e239fb000-7f5e24000000 rw-p 00000000 00:00 0 
7f5e24000000-7f5e24021000 rw-p 00000000 00:00 0 
7f5e24021000-7f5e28000000 ---p 00000000 00:00 0 
7f5e28000000-7f5e28021000 rw-p 00000000 00:00 0 
7f5e28021000-7f5e2c000000 ---p 00000000 00:00 0 
7f5e2c000000-7f5e2c021000 rw-p 00000000 00:00 0 
7f5e2c021000-7f5e30000000 ---p 00000000 00:00 0 
7f5e30000000-7f5e30002000 r--s 00004000 08:01 912975                     /home/verifoo/git/verifoo/WebContent/WEB-INF/lib/javax.json.bind-api-1.0.jar
7f5e30002000-7f5e30003000 r--s 00006000 08:01 912983                     /home/verifoo/git/verifoo/WebContent/WEB-INF/lib/javax.json-api-1.1.jar
7f5e30003000-7f5e30006000 r--s 0001c000 08:01 927237                     /home/verifoo/git/verifoo/WebContent/WEB-INF/lib/javax.json-1.1.jar
7f5e30006000-7f5e30008000 r--s 00005000 08:01 927401                     /home/verifoo/git/verifoo/WebContent/WEB-INF/lib/javax.annotation-api-1.2.jar
7f5e30008000-7f5e30012000 r--s 000ae000 08:01 912746                     /home/verifoo/git/verifoo/WebContent/WEB-INF/lib/javassist-3.20.0-GA.jar
7f5e30012000-7f5e30023000 r--s 000f6000 08:01 927370                     /home/verifoo/git/verifoo/WebContent/WEB-INF/lib/jackson-databind-2.4.2.jar
7f5e30023000-7f5e30027000 r--s 00034000 08:01 927417                     /home/verifoo/git/verifoo/WebContent/WEB-INF/lib/jackson-core-2.4.2.jar
7f5e30027000-7f5e3002a000 r--s 00007000 08:01 927392                     /home/verifoo/git/verifoo/WebContent/WEB-INF/lib/jackson-annotations-2.4.0.jar
7f5e3002a000-7f5e3002d000 r--s 0001e000 08:01 927673                     /home/verifoo/git/verifoo/WebContent/WEB-INF/lib/hk2-utils-2.5.0-b32.jar
7f5e3002d000-7f5e30057000 r--s 001e9000 08:01 927666                     /home/verifoo/git/verifoo/WebContent/WEB-INF/lib/guava-15.0.jar
7f5e30057000-7f5e30076000 r--s 0015c000 08:01 927162                     /home/verifoo/git/verifoo/lib/lib4j/log4j-core-2.9.1.jar
7f5e30076000-7f5e35000000 rw-p 00000000 00:00 0 
7f5e35000000-7f5e35d40000 rwxp 00000000 00:00 0 
7f5e35d40000-7f5e44000000 ---p 00000000 00:00 0 
7f5e44000000-7f5e48000000 rw-p 00000000 00:00 0 
7f5e48000000-7f5e48001000 r--s 00001000 08:01 928009                     /home/verifoo/git/verifoo/WebContent/WEB-INF/lib/javax.inject-2.5.0-b32.jar
7f5e48001000-7f5e48007000 r--s 00028000 08:01 916288                     /home/verifoo/git/verifoo/WebContent/WEB-INF/lib/hk2-api-2.5.0-b32.jar
7f5e48007000-7f5e481ba000 rw-p 00000000 00:00 0 
7f5e481ba000-7f5e48394000 r--s 03d6c000 08:01 282849                     /usr/lib/jvm/java-8-oracle/jre/lib/rt.jar
7f5e48394000-7f5e487f0000 rw-p 00000000 00:00 0 
7f5e487f0000-7f5e487f1000 ---p 00000000 00:00 0 
7f5e487f1000-7f5e488f1000 rw-p 00000000 00:00 0 
7f5e488f1000-7f5e488f2000 ---p 00000000 00:00 0 
7f5e488f2000-7f5e489f2000 rw-p 00000000 00:00 0 
7f5e489f2000-7f5e489f3000 ---p 00000000 00:00 0 
7f5e489f3000-7f5e48af3000 rw-p 00000000 00:00 0 
7f5e48af3000-7f5e48af4000 ---p 00000000 00:00 0 
7f5e48af4000-7f5e48c0c000 rw-p 00000000 00:00 0 
7f5e48c0c000-7f5e48e8e000 ---p 00000000 00:00 0 
7f5e48e8e000-7f5e48ea6000 rw-p 00000000 00:00 0 
7f5e48ea6000-7f5e49127000 ---p 00000000 00:00 0 
7f5e49127000-7f5e4916c000 rw-p 00000000 00:00 0 
7f5e4916c000-7f5e49274000 ---p 00000000 00:00 0 
7f5e49274000-7f5e492aa000 rw-p 00000000 00:00 0 
7f5e492aa000-7f5e49635000 ---p 00000000 00:00 0 
7f5e49635000-7f5e4964f000 r-xp 00000000 08:01 282946                     /usr/lib/jvm/java-8-oracle/jre/lib/amd64/libzip.so
7f5e4964f000-7f5e4984f000 ---p 0001a000 08:01 282946                     /usr/lib/jvm/java-8-oracle/jre/lib/amd64/libzip.so
7f5e4984f000-7f5e49850000 r--p 0001a000 08:01 282946                     /usr/lib/jvm/java-8-oracle/jre/lib/amd64/libzip.so
7f5e49850000-7f5e49851000 rw-p 0001b000 08:01 282946                     /usr/lib/jvm/java-8-oracle/jre/lib/amd64/libzip.so
7f5e49851000-7f5e4985c000 r-xp 00000000 08:01 137054                     /lib/x86_64-linux-gnu/libnss_files-2.27.so
7f5e4985c000-7f5e49a5b000 ---p 0000b000 08:01 137054                     /lib/x86_64-linux-gnu/libnss_files-2.27.so
7f5e49a5b000-7f5e49a5c000 r--p 0000a000 08:01 137054                     /lib/x86_64-linux-gnu/libnss_files-2.27.so
7f5e49a5c000-7f5e49a5d000 rw-p 0000b000 08:01 137054                     /lib/x86_64-linux-gnu/libnss_files-2.27.so
7f5e49a5d000-7f5e49a63000 rw-p 00000000 00:00 0 
7f5e49a63000-7f5e49a7a000 r-xp 00000000 08:01 137048                     /lib/x86_64-linux-gnu/libnsl-2.27.so
7f5e49a7a000-7f5e49c79000 ---p 00017000 08:01 137048                     /lib/x86_64-linux-gnu/libnsl-2.27.so
7f5e49c79000-7f5e49c7a000 r--p 00016000 08:01 137048                     /lib/x86_64-linux-gnu/libnsl-2.27.so
7f5e49c7a000-7f5e49c7b000 rw-p 00017000 08:01 137048                     /lib/x86_64-linux-gnu/libnsl-2.27.so
7f5e49c7b000-7f5e49c7d000 rw-p 00000000 00:00 0 
7f5e49c7d000-7f5e49c88000 r-xp 00000000 08:01 137065                     /lib/x86_64-linux-gnu/libnss_nis-2.27.so
7f5e49c88000-7f5e49e87000 ---p 0000b000 08:01 137065                     /lib/x86_64-linux-gnu/libnss_nis-2.27.so
7f5e49e87000-7f5e49e88000 r--p 0000a000 08:01 137065                     /lib/x86_64-linux-gnu/libnss_nis-2.27.so
7f5e49e88000-7f5e49e89000 rw-p 0000b000 08:01 137065                     /lib/x86_64-linux-gnu/libnss_nis-2.27.so
7f5e49e89000-7f5e49e91000 r-xp 00000000 08:01 137050                     /lib/x86_64-linux-gnu/libnss_compat-2.27.so
7f5e49e91000-7f5e4a091000 ---p 00008000 08:01 137050                     /lib/x86_64-linux-gnu/libnss_compat-2.27.so
7f5e4a091000-7f5e4a092000 r--p 00008000 08:01 137050                     /lib/x86_64-linux-gnu/libnss_compat-2.27.so
7f5e4a092000-7f5e4a093000 rw-p 00009000 08:01 137050                     /lib/x86_64-linux-gnu/libnss_compat-2.27.so
7f5e4a093000-7f5e4a0c0000 r-xp 00000000 08:01 282940                     /usr/lib/jvm/java-8-oracle/jre/lib/amd64/libjava.so
7f5e4a0c0000-7f5e4a2bf000 ---p 0002d000 08:01 282940                     /usr/lib/jvm/java-8-oracle/jre/lib/amd64/libjava.so
7f5e4a2bf000-7f5e4a2c0000 r--p 0002c000 08:01 282940                     /usr/lib/jvm/java-8-oracle/jre/lib/amd64/libjava.so
7f5e4a2c0000-7f5e4a2c2000 rw-p 0002d000 08:01 282940                     /usr/lib/jvm/java-8-oracle/jre/lib/amd64/libjava.so
7f5e4a2c2000-7f5e4a2cf000 r-xp 00000000 08:01 282945                     /usr/lib/jvm/java-8-oracle/jre/lib/amd64/libverify.so
7f5e4a2cf000-7f5e4a4ce000 ---p 0000d000 08:01 282945                     /usr/lib/jvm/java-8-oracle/jre/lib/amd64/libverify.so
7f5e4a4ce000-7f5e4a4d0000 r--p 0000c000 08:01 282945                     /usr/lib/jvm/java-8-oracle/jre/lib/amd64/libverify.so
7f5e4a4d0000-7f5e4a4d1000 rw-p 0000e000 08:01 282945                     /usr/lib/jvm/java-8-oracle/jre/lib/amd64/libverify.so
7f5e4a4d1000-7f5e4a4d8000 r-xp 00000000 08:01 137105                     /lib/x86_64-linux-gnu/librt-2.27.so
7f5e4a4d8000-7f5e4a6d7000 ---p 00007000 08:01 137105                     /lib/x86_64-linux-gnu/librt-2.27.so
7f5e4a6d7000-7f5e4a6d8000 r--p 00006000 08:01 137105                     /lib/x86_64-linux-gnu/librt-2.27.so
7f5e4a6d8000-7f5e4a6d9000 rw-p 00007000 08:01 137105                     /lib/x86_64-linux-gnu/librt-2.27.so
7f5e4a6d9000-7f5e4a876000 r-xp 00000000 08:01 137027                     /lib/x86_64-linux-gnu/libm-2.27.so
7f5e4a876000-7f5e4aa75000 ---p 0019d000 08:01 137027                     /lib/x86_64-linux-gnu/libm-2.27.so
7f5e4aa75000-7f5e4aa76000 r--p 0019c000 08:01 137027                     /lib/x86_64-linux-gnu/libm-2.27.so
7f5e4aa76000-7f5e4aa77000 rw-p 0019d000 08:01 137027                     /lib/x86_64-linux-gnu/libm-2.27.so
7f5e4aa77000-7f5e4b759000 r-xp 00000000 08:01 282922                     /usr/lib/jvm/java-8-oracle/jre/lib/amd64/server/libjvm.so
7f5e4b759000-7f5e4b959000 ---p 00ce2000 08:01 282922                     /usr/lib/jvm/java-8-oracle/jre/lib/amd64/server/libjvm.so
7f5e4b959000-7f5e4b9ef000 r--p 00ce2000 08:01 282922                     /usr/lib/jvm/java-8-oracle/jre/lib/amd64/server/libjvm.so
7f5e4b9ef000-7f5e4ba20000 rw-p 00d78000 08:01 282922                     /usr/lib/jvm/java-8-oracle/jre/lib/amd64/server/libjvm.so
7f5e4ba20000-7f5e4ba5b000 rw-p 00000000 00:00 0 
7f5e4ba5b000-7f5e4bc42000 r-xp 00000000 08:01 136964                     /lib/x86_64-linux-gnu/libc-2.27.so
7f5e4bc42000-7f5e4be42000 ---p 001e7000 08:01 136964                     /lib/x86_64-linux-gnu/libc-2.27.so
7f5e4be42000-7f5e4be46000 r--p 001e7000 08:01 136964                     /lib/x86_64-linux-gnu/libc-2.27.so
7f5e4be46000-7f5e4be48000 rw-p 001eb000 08:01 136964                     /lib/x86_64-linux-gnu/libc-2.27.so
7f5e4be48000-7f5e4be4c000 rw-p 00000000 00:00 0 
7f5e4be4c000-7f5e4be4f000 r-xp 00000000 08:01 136987                     /lib/x86_64-linux-gnu/libdl-2.27.so
7f5e4be4f000-7f5e4c04e000 ---p 00003000 08:01 136987                     /lib/x86_64-linux-gnu/libdl-2.27.so
7f5e4c04e000-7f5e4c04f000 r--p 00002000 08:01 136987                     /lib/x86_64-linux-gnu/libdl-2.27.so
7f5e4c04f000-7f5e4c050000 rw-p 00003000 08:01 136987                     /lib/x86_64-linux-gnu/libdl-2.27.so
7f5e4c050000-7f5e4c067000 r-xp 00000000 08:01 282764                     /usr/lib/jvm/java-8-oracle/lib/amd64/jli/libjli.so
7f5e4c067000-7f5e4c266000 ---p 00017000 08:01 282764                     /usr/lib/jvm/java-8-oracle/lib/amd64/jli/libjli.so
7f5e4c266000-7f5e4c267000 r--p 00016000 08:01 282764                     /usr/lib/jvm/java-8-oracle/lib/amd64/jli/libjli.so
7f5e4c267000-7f5e4c268000 rw-p 00017000 08:01 282764                     /usr/lib/jvm/java-8-oracle/lib/amd64/jli/libjli.so
7f5e4c268000-7f5e4c282000 r-xp 00000000 08:01 137097                     /lib/x86_64-linux-gnu/libpthread-2.27.so
7f5e4c282000-7f5e4c481000 ---p 0001a000 08:01 137097                     /lib/x86_64-linux-gnu/libpthread-2.27.so
7f5e4c481000-7f5e4c482000 r--p 00019000 08:01 137097                     /lib/x86_64-linux-gnu/libpthread-2.27.so
7f5e4c482000-7f5e4c483000 rw-p 0001a000 08:01 137097                     /lib/x86_64-linux-gnu/libpthread-2.27.so
7f5e4c483000-7f5e4c487000 rw-p 00000000 00:00 0 
7f5e4c487000-7f5e4c4ae000 r-xp 00000000 08:01 136936                     /lib/x86_64-linux-gnu/ld-2.27.so
7f5e4c4ae000-7f5e4c4af000 r--s 00000000 08:01 927899                     /home/verifoo/git/verifoo/WebContent/WEB-INF/lib/javax.inject-1.jar
7f5e4c4af000-7f5e4c4b2000 r--s 0002b000 08:01 927974                     /home/verifoo/git/verifoo/WebContent/WEB-INF/lib/hk2-locator-2.5.0-b32.jar
7f5e4c4b2000-7f5e4c4b4000 r--s 00007000 08:01 916296                     /home/verifoo/git/verifoo/WebContent/WEB-INF/lib/el-api-2.2.jar
7f5e4c4b4000-7f5e4c4bb000 r--s 00058000 08:01 927887                     /home/verifoo/git/verifoo/WebContent/WEB-INF/lib/commons-lang3-3.2.1.jar
7f5e4c4bb000-7f5e4c4bf000 r--s 00027000 08:01 927769                     /home/verifoo/git/verifoo/WebContent/WEB-INF/lib/com.microsoft.z3.jar
7f5e4c4bf000-7f5e4c4c3000 r--s 0000e000 08:01 927786                     /home/verifoo/git/verifoo/WebContent/WEB-INF/lib/cdi-api-1.1.jar
7f5e4c4c3000-7f5e4c4c5000 r--s 00002000 08:01 927721                     /home/verifoo/git/verifoo/WebContent/WEB-INF/lib/aopalliance-repackaged-2.5.0-b32.jar
7f5e4c4c5000-7f5e4c4ca000 r--s 00036000 08:01 927833                     /home/verifoo/git/verifoo/lib/lib4j/log4j-api-2.9.1.jar
7f5e4c4ca000-7f5e4c4cc000 r--s 0000c000 08:01 927866                     /home/verifoo/git/verifoo/lib/junit/org.hamcrest.core_1.3.0.v201303031735.jar
7f5e4c4cc000-7f5e4c597000 rw-p 00000000 00:00 0 
7f5e4c597000-7f5e4c598000 ---p 00000000 00:00 0 
7f5e4c598000-7f5e4c59b000 ---p 00000000 00:00 0 
7f5e4c59b000-7f5e4c69c000 rw-p 00000000 00:00 0 
7f5e4c69c000-7f5e4c6a4000 r--s 00045000 08:01 916293                     /home/verifoo/git/verifoo/lib/junit/junit.jar
7f5e4c6a4000-7f5e4c6ac000 rw-s 00000000 08:01 522518                     /tmp/hsperfdata_verifoo/20993
7f5e4c6ac000-7f5e4c6ad000 rw-p 00000000 00:00 0 
7f5e4c6ad000-7f5e4c6ae000 r--p 00000000 00:00 0 
7f5e4c6ae000-7f5e4c6af000 r--p 00027000 08:01 136936                     /lib/x86_64-linux-gnu/ld-2.27.so
7f5e4c6af000-7f5e4c6b0000 rw-p 00028000 08:01 136936                     /lib/x86_64-linux-gnu/ld-2.27.so
7f5e4c6b0000-7f5e4c6b1000 rw-p 00000000 00:00 0 
7ffc6a4cc000-7ffc6a4ee000 rw-p 00000000 00:00 0                          [stack]
7ffc6a4fc000-7ffc6a4ff000 r--p 00000000 00:00 0                          [vvar]
7ffc6a4ff000-7ffc6a501000 r-xp 00000000 00:00 0                          [vdso]
ffffffffff600000-ffffffffff601000 r-xp 00000000 00:00 0                  [vsyscall]

VM Arguments:
jvm_args: -ea -Djava.library.path=/home/verifoo/git/verifoo/WebContent/WEB-INF/lib/jni -Dfile.encoding=UTF-8 
java_command: org.eclipse.jdt.internal.junit.runner.RemoteTestRunner -version 3 -port 38349 -testLoaderClass org.eclipse.jdt.internal.junit4.runner.JUnit4TestLoader -loaderpluginname org.eclipse.jdt.junit4.runtime -testNameFile /tmp/testNames3772483311191555692.txt
java_class_path (initial): /home/verifoo/git/verifoo/build:/home/verifoo/git/verifoo/lib/junit/junit.jar:/home/verifoo/git/verifoo/lib/junit/org.hamcrest.core_1.3.0.v201303031735.jar:/home/verifoo/git/verifoo/lib/lib4j/log4j-api-2.9.1.jar:/home/verifoo/git/verifoo/lib/lib4j/log4j-core-2.9.1.jar:/home/verifoo/git/verifoo/WebContent/WEB-INF/lib/aopalliance-repackaged-2.5.0-b32.jar:/home/verifoo/git/verifoo/WebContent/WEB-INF/lib/cdi-api-1.1.jar:/home/verifoo/git/verifoo/WebContent/WEB-INF/lib/com.microsoft.z3.jar:/home/verifoo/git/verifoo/WebContent/WEB-INF/lib/commons-lang3-3.2.1.jar:/home/verifoo/git/verifoo/WebContent/WEB-INF/lib/el-api-2.2.jar:/home/verifoo/git/verifoo/WebContent/WEB-INF/lib/guava-15.0.jar:/home/verifoo/git/verifoo/WebContent/WEB-INF/lib/hk2-api-2.5.0-b32.jar:/home/verifoo/git/verifoo/WebContent/WEB-INF/lib/hk2-locator-2.5.0-b32.jar:/home/verifoo/git/verifoo/WebContent/WEB-INF/lib/hk2-utils-2.5.0-b32.jar:/home/verifoo/git/verifoo/WebContent/WEB-INF/lib/jackson-annotations-2.4.0.jar:/home/verifoo/git/verifoo/WebContent/WEB-INF/lib/jackson-core-2.4.2.jar:/home/verifoo/git/verifoo/WebContent/WEB-INF/lib/jackson-databind-2.4.2.jar:/home/verifoo/git/verifoo/WebContent/WEB-INF/lib/javassist-3.20.0-GA.jar:/home/verifoo/git/verifoo/WebContent/WEB-INF/lib/javax.annotation-api-1.2.jar:/home/verifoo/git/verifoo/WebContent/WEB-INF/lib/javax.inject-1.jar:/home/verifoo/git/verifoo/WebContent/WEB-INF/lib/javax.inject-2.5.0-b32.jar:/home/verifoo/git/verifoo/WebContent/WEB-INF/lib/javax.json-1.1.jar:/home/verifoo/git/verifoo/WebContent/WEB-INF/lib/javax.json-api-1.1.jar:/home/verifoo/git/verifoo/WebContent/WEB-INF/lib/javax.json.bind-api-1.0.jar:/home/verifoo/git/verifoo/WebContent/WEB-INF/lib/javax.servlet-api-3.0.1.jar:/home/verifoo/git/verifoo/WebContent/WEB-INF/lib/javax.ws.rs-api-2.0.1.jar:/home/verifoo/git/verifoo/WebContent/WEB-INF/lib/jaxb-api-2.2.12-b140109.1041.jar:/home/verifoo/git/verifoo/WebContent/WEB-INF/lib/jboss-interceptors-api_1.1_spec-1.0.0.B
Launcher Type: SUN_STANDARD

Environment Variables:
JAVA_HOME=/usr/lib/jvm/java-8-oracle
JRE_HOME=/usr/lib/jvm/java-8-oracle/jre
PATH=/usr/local/sbin:/usr/local/bin:/usr/sbin:/usr/bin:/sbin:/bin:/usr/games:/usr/local/games:/snap/bin:/usr/lib/jvm/java-8-oracle/bin:/usr/lib/jvm/java-8-oracle/db/bin:/usr/lib/jvm/java-8-oracle/jre/bin
USERNAME=verifoo
SHELL=/bin/bash
DISPLAY=:0

Signal Handlers:
SIGSEGV: [libjvm.so+0xaced60], sa_mask[0]=11111111011111111101111111111110, sa_flags=SA_RESTART|SA_SIGINFO
SIGBUS: [libjvm.so+0xaced60], sa_mask[0]=11111111011111111101111111111110, sa_flags=SA_RESTART|SA_SIGINFO
SIGFPE: [libjvm.so+0x907ca0], sa_mask[0]=11111111011111111101111111111110, sa_flags=SA_RESTART|SA_SIGINFO
SIGPIPE: [libjvm.so+0x907ca0], sa_mask[0]=11111111011111111101111111111110, sa_flags=SA_RESTART|SA_SIGINFO
SIGXFSZ: [libjvm.so+0x907ca0], sa_mask[0]=11111111011111111101111111111110, sa_flags=SA_RESTART|SA_SIGINFO
SIGILL: [libjvm.so+0x907ca0], sa_mask[0]=11111111011111111101111111111110, sa_flags=SA_RESTART|SA_SIGINFO
SIGUSR1: SIG_DFL, sa_mask[0]=00000000000000000000000000000000, sa_flags=none
SIGUSR2: [libjvm.so+0x907b70], sa_mask[0]=00100000000000000000000000000000, sa_flags=SA_RESTART|SA_SIGINFO
SIGHUP: [libjvm.so+0x908190], sa_mask[0]=11111111011111111101111111111110, sa_flags=SA_RESTART|SA_SIGINFO
SIGINT: [libjvm.so+0x908190], sa_mask[0]=11111111011111111101111111111110, sa_flags=SA_RESTART|SA_SIGINFO
SIGTERM: [libjvm.so+0x908190], sa_mask[0]=11111111011111111101111111111110, sa_flags=SA_RESTART|SA_SIGINFO
SIGQUIT: [libjvm.so+0x908190], sa_mask[0]=11111111011111111101111111111110, sa_flags=SA_RESTART|SA_SIGINFO


---------------  S Y S T E M  ---------------

OS:DISTRIB_ID=Ubuntu
DISTRIB_RELEASE=18.04
DISTRIB_CODENAME=bionic
DISTRIB_DESCRIPTION="Ubuntu 18.04.1 LTS"

uname:Linux 4.15.0-39-generic #42-Ubuntu SMP Tue Oct 23 15:48:01 UTC 2018 x86_64
libc:glibc 2.27 NPTL 2.27 
rlimit: STACK infinity, CORE 0k, NPROC 31669, NOFILE 1048576, AS infinity
load average:1,43 1,13 1,04

/proc/meminfo:
MemTotal:        8167940 kB
MemFree:         4310452 kB
MemAvailable:    5345160 kB
Buffers:          125832 kB
Cached:          1103256 kB
SwapCached:        83400 kB
Active:          2288156 kB
Inactive:        1340640 kB
Active(anon):    1662272 kB
Inactive(anon):   767396 kB
Active(file):     625884 kB
Inactive(file):   573244 kB
Unevictable:          64 kB
Mlocked:              64 kB
SwapTotal:        771684 kB
SwapFree:         473192 kB
Dirty:              1564 kB
Writeback:             0 kB
AnonPages:       2359176 kB
Mapped:           213892 kB
Shmem:             29980 kB
Slab:             144976 kB
SReclaimable:     109856 kB
SUnreclaim:        35120 kB
KernelStack:        8672 kB
PageTables:        35816 kB
NFS_Unstable:          0 kB
Bounce:                0 kB
WritebackTmp:          0 kB
CommitLimit:     4855652 kB
Committed_AS:    5643696 kB
VmallocTotal:   34359738367 kB
VmallocUsed:           0 kB
VmallocChunk:          0 kB
HardwareCorrupted:     0 kB
AnonHugePages:         0 kB
ShmemHugePages:        0 kB
ShmemPmdMapped:        0 kB
CmaTotal:              0 kB
CmaFree:               0 kB
HugePages_Total:       0
HugePages_Free:        0
HugePages_Rsvd:        0
HugePages_Surp:        0
Hugepagesize:       2048 kB
DirectMap4k:      124864 kB
DirectMap2M:     8263680 kB

container (cgroup) information:
container_type: cgroupv1
cpu_cpuset_cpus: 0-3
cpu_memory_nodes: 0
active_processor_count: 4
cpu_quota: -1
cpu_period: 100000
cpu_shares: -1
memory_limit_in_bytes: -1
memory_and_swap_limit_in_bytes: -2
memory_soft_limit_in_bytes: -1
memory_usage_in_bytes: 3676299264
memory_max_usage_in_bytes: 0


CPU:total 4 (initial active 4) (4 cores per cpu, 1 threads per core) family 6 model 94 stepping 3, cmov, cx8, fxsr, mmx, sse, sse2, sse3, ssse3, sse4.1, sse4.2, popcnt, avx, avx2, aes, clmul, 3dnowpref, lzcnt, tsc, tscinvbit

/proc/cpuinfo:
processor	: 0
vendor_id	: GenuineIntel
cpu family	: 6
model		: 94
model name	: Intel(R) Core(TM) i7-6700 CPU @ 3.40GHz
stepping	: 3
cpu MHz		: 3408.006
cache size	: 8192 KB
physical id	: 0
siblings	: 4
core id		: 0
cpu cores	: 4
apicid		: 0
initial apicid	: 0
fpu		: yes
fpu_exception	: yes
cpuid level	: 22
wp		: yes
flags		: fpu vme de pse tsc msr pae mce cx8 apic sep mtrr pge mca cmov pat pse36 clflush mmx fxsr sse sse2 ht syscall nx rdtscp lm constant_tsc rep_good nopl xtopology nonstop_tsc cpuid pni pclmulqdq ssse3 cx16 pcid sse4_1 sse4_2 x2apic movbe popcnt aes xsave avx rdrand hypervisor lahf_lm abm 3dnowprefetch invpcid_single pti fsgsbase avx2 invpcid rdseed clflushopt
bugs		: cpu_meltdown spectre_v1 spectre_v2 spec_store_bypass l1tf
bogomips	: 6816.01
clflush size	: 64
cache_alignment	: 64
address sizes	: 39 bits physical, 48 bits virtual
power management:

processor	: 1
vendor_id	: GenuineIntel
cpu family	: 6
model		: 94
model name	: Intel(R) Core(TM) i7-6700 CPU @ 3.40GHz
stepping	: 3
cpu MHz		: 3408.006
cache size	: 8192 KB
physical id	: 0
siblings	: 4
core id		: 1
cpu cores	: 4
apicid		: 1
initial apicid	: 1
fpu		: yes
fpu_exception	: yes
cpuid level	: 22
wp		: yes
flags		: fpu vme de pse tsc msr pae mce cx8 apic sep mtrr pge mca cmov pat pse36 clflush mmx fxsr sse sse2 ht syscall nx rdtscp lm constant_tsc rep_good nopl xtopology nonstop_tsc cpuid pni pclmulqdq ssse3 cx16 pcid sse4_1 sse4_2 x2apic movbe popcnt aes xsave avx rdrand hypervisor lahf_lm abm 3dnowprefetch invpcid_single pti fsgsbase avx2 invpcid rdseed clflushopt
bugs		: cpu_meltdown spectre_v1 spectre_v2 spec_store_bypass l1tf
bogomips	: 6816.01
clflush size	: 64
cache_alignment	: 64
address sizes	: 39 bits physical, 48 bits virtual
power management:

processor	: 2
vendor_id	: GenuineIntel
cpu family	: 6
model		: 94
model name	: Intel(R) Core(TM) i7-6700 CPU @ 3.40GHz
stepping	: 3
cpu MHz		: 3408.006
cache size	: 8192 KB
physical id	: 0
siblings	: 4
core id		: 2
cpu cores	: 4
apicid		: 2
initial apicid	: 2
fpu		: yes
fpu_exception	: yes
cpuid level	: 22
wp		: yes
flags		: fpu vme de pse tsc msr pae mce cx8 apic sep mtrr pge mca cmov pat pse36 clflush mmx fxsr sse sse2 ht syscall nx rdtscp lm constant_tsc rep_good nopl xtopology nonstop_tsc cpuid pni pclmulqdq ssse3 cx16 pcid sse4_1 sse4_2 x2apic movbe popcnt aes xsave avx rdrand hypervisor lahf_lm abm 3dnowprefetch invpcid_single pti fsgsbase avx2 invpcid rdseed clflushopt
bugs		: cpu_meltdown spectre_v1 spectre_v2 spec_store_bypass l1tf
bogomips	: 6816.01
clflush size	: 64
cache_alignment	: 64
address sizes	: 39 bits physical, 48 bits virtual
power management:

processor	: 3
vendor_id	: GenuineIntel
cpu family	: 6
model		: 94
model name	: Intel(R) Core(TM) i7-6700 CPU @ 3.40GHz
stepping	: 3
cpu MHz		: 3408.006
cache size	: 8192 KB
physical id	: 0
siblings	: 4
core id		: 3
cpu cores	: 4
apicid		: 3
initial apicid	: 3
fpu		: yes
fpu_exception	: yes
cpuid level	: 22
wp		: yes
flags		: fpu vme de pse tsc msr pae mce cx8 apic sep mtrr pge mca cmov pat pse36 clflush mmx fxsr sse sse2 ht syscall nx rdtscp lm constant_tsc rep_good nopl xtopology nonstop_tsc cpuid pni pclmulqdq ssse3 cx16 pcid sse4_1 sse4_2 x2apic movbe popcnt aes xsave avx rdrand hypervisor lahf_lm abm 3dnowprefetch invpcid_single pti fsgsbase avx2 invpcid rdseed clflushopt
bugs		: cpu_meltdown spectre_v1 spectre_v2 spec_store_bypass l1tf
bogomips	: 6816.01
clflush size	: 64
cache_alignment	: 64
address sizes	: 39 bits physical, 48 bits virtual
power management:



Memory: 4k page, physical 8167940k(4310452k free), swap 771684k(473192k free)

vm_info: Java HotSpot(TM) 64-Bit Server VM (25.191-b12) for linux-amd64 JRE (1.8.0_191-b12), built on Oct  6 2018 05:43:09 by "java_re" with gcc 7.3.0

time: Tue Nov 20 19:05:22 2018
elapsed time: 14 seconds (0d 0h 0m 14s)

