2021-10-11 15:09:34,054 [main] N.0.log 4353	2649	902	270	SAT	
2021-10-11 15:09:38,576 [main] N.0.log 4514	3124	850	288	SAT	
2021-10-11 15:09:42,830 [main] N.0.log 4249	2967	738	322	SAT	
2021-10-11 15:09:46,351 [main] N.0.log 3517	2349	643	319	SAT	
2021-10-11 15:09:50,242 [main] N.0.log 3887	2552	859	339	SAT	
2021-10-11 15:09:53,829 [main] N.0.log 3583	2405	718	324	SAT	
2021-10-11 15:09:57,424 [main] N.0.log 3592	2374	726	264	SAT	
2021-10-11 15:10:00,982 [main] N.0.log 3556	2275	802	322	SAT	
2021-10-11 15:10:03,909 [main] N.0.log 2924	1819	615	248	SAT	
2021-10-11 15:10:07,720 [main] N.0.log 3805	2525	796	268	SAT	
2021-10-11 15:10:10,919 [main] N.0.log 3197	2045	666	260	SAT	
2021-10-11 15:10:14,804 [main] N.0.log 3880	2579	845	331	SAT	
2021-10-11 15:10:18,940 [main] N.0.log 4135	2987	637	308	SAT	
2021-10-11 15:10:22,245 [main] N.0.log 3302	2301	532	244	SAT	
2021-10-11 15:10:26,302 [main] N.0.log 4057	2768	789	339	SAT	
2021-10-11 15:10:29,300 [main] N.0.log 2982	1404	563	234	SAT	
2021-10-11 15:10:32,299 [main] N.0.log 2984	1313	609	337	SAT	
2021-10-11 15:10:35,839 [main] N.0.log 3540	2369	718	325	SAT	
2021-10-11 15:10:38,784 [main] N.0.log 2945	1946	546	260	SAT	
2021-10-11 15:10:41,625 [main] N.0.log 2841	1888	500	214	SAT	
