2021-10-11 15:10:51,860 [main] N.0.log 10157	7773	1337	374	SAT	
2021-10-11 15:11:02,090 [main] N.0.log 10230	7113	2039	468	SAT	
2021-10-11 15:11:17,324 [main] N.0.log 15234	12779	1346	499	SAT	
2021-10-11 15:11:30,507 [main] N.0.log 13183	9350	1717	480	SAT	
2021-10-11 15:11:40,730 [main] N.0.log 10223	7891	1282	368	SAT	
2021-10-11 15:11:54,989 [main] N.0.log 14259	11652	1560	508	SAT	
2021-10-11 15:12:09,352 [main] N.0.log 14347	11186	2120	507	SAT	
2021-10-11 15:12:18,927 [main] N.0.log 9575	6301	1598	495	SAT	
2021-10-11 15:12:32,447 [main] N.0.log 13520	11023	1457	481	SAT	
2021-10-11 15:12:46,169 [main] N.0.log 13722	7797	4894	407	SAT	
2021-10-11 15:12:56,619 [main] N.0.log 10440	6605	1127	401	SAT	
2021-10-11 15:13:05,980 [main] N.0.log 9361	5721	1453	480	SAT	
2021-10-11 15:13:15,508 [main] N.0.log 9528	7211	1239	374	SAT	
2021-10-11 15:13:24,507 [main] N.0.log 8999	6658	1212	370	SAT	
2021-10-11 15:13:37,341 [main] N.0.log 12834	10379	1361	378	SAT	
2021-10-11 15:13:49,946 [main] N.0.log 12605	7275	4283	401	SAT	
2021-10-11 15:14:00,617 [main] N.0.log 10659	8153	1474	471	SAT	
2021-10-11 15:14:16,074 [main] N.0.log 15441	12966	1432	483	SAT	
2021-10-11 15:14:24,726 [main] N.0.log 8652	6232	1389	388	SAT	
2021-10-11 15:15:05,087 [main] N.0.log 40346	7350	31899	490	SAT	
