2021-10-11 15:15:33,792 [main] N.0.log 28596	20730	2621	510	SAT	
2021-10-11 15:16:09,596 [main] N.0.log 35804	30753	3093	658	SAT	
2021-10-11 15:16:52,277 [main] N.0.log 42681	37698	3046	635	SAT	
2021-10-11 15:17:31,675 [main] N.0.log 39398	34556	2796	665	SAT	
2021-10-11 15:18:01,732 [main] N.0.log 30041	23774	2628	518	SAT	
2021-10-11 15:18:25,965 [main] N.0.log 24233	19222	3074	653	SAT	
2021-10-11 15:18:55,438 [main] N.0.log 29473	24550	2955	656	SAT	
2021-10-11 15:19:30,401 [main] N.0.log 34963	27813	3742	683	SAT	
2021-10-11 15:20:05,404 [main] N.0.log 34988	30551	2464	550	SAT	
2021-10-11 15:20:29,168 [main] N.0.log 23764	18142	3656	644	SAT	
2021-10-11 15:20:53,286 [main] N.0.log 24118	20024	2126	498	SAT	
2021-10-11 15:21:20,362 [main] N.0.log 27060	17036	2253	494	SAT	
2021-10-11 15:21:43,687 [main] N.0.log 23325	18986	2386	504	SAT	
2021-10-11 15:22:18,789 [main] N.0.log 35102	30721	2443	500	SAT	
2021-10-11 15:22:44,936 [main] N.0.log 26147	21016	3082	514	SAT	
2021-10-11 15:23:06,155 [main] N.0.log 21219	16992	2264	506	SAT	
2021-10-11 15:23:51,541 [main] N.0.log 45386	40581	2864	653	SAT	
2021-10-11 15:24:18,104 [main] N.0.log 26563	22072	2538	629	SAT	
2021-10-11 15:24:55,995 [main] N.0.log 37891	33257	2662	653	SAT	
2021-10-11 15:25:21,096 [main] N.0.log 25101	20448	2684	626	SAT	
