2021-10-11 15:26:20,784 [main] N.0.log 59610	51889	3205	620	SAT	
2021-10-11 15:27:25,795 [main] N.0.log 65002	57517	4075	626	SAT	
2021-10-11 15:28:41,164 [main] N.0.log 75360	67175	4619	805	SAT	
2021-10-11 15:29:50,384 [main] N.0.log 69212	60845	4745	790	SAT	
2021-10-11 15:31:41,276 [main] N.0.log 110876	102391	5091	814	SAT	
2021-10-11 15:32:50,886 [main] N.0.log 69610	61742	4467	807	SAT	
2021-10-11 15:33:57,912 [main] N.0.log 67026	58609	4962	832	SAT	
2021-10-11 15:34:50,923 [main] N.0.log 52996	44732	4810	817	SAT	
2021-10-11 15:35:57,045 [main] N.0.log 66107	59226	3470	624	SAT	
2021-10-11 15:37:13,479 [main] N.0.log 76425	68342	4653	820	SAT	
2021-10-11 15:38:25,463 [main] N.0.log 71976	63844	4653	826	SAT	
2021-10-11 15:39:11,708 [main] N.0.log 46236	39828	2985	640	SAT	
2021-10-11 15:40:16,606 [main] N.0.log 64883	57921	3521	606	SAT	
2021-10-11 15:41:35,186 [main] N.0.log 78564	71219	3940	614	SAT	
2021-10-11 15:42:33,971 [main] N.0.log 58772	52568	2781	616	SAT	
2021-10-11 15:43:35,616 [main] N.0.log 61645	53683	4550	817	SAT	
2021-10-11 15:44:58,581 [main] N.0.log 82949	73613	5833	814	SAT	
2021-10-11 15:46:27,716 [main] N.0.log 89127	81078	4548	787	SAT	
2021-10-11 15:47:56,955 [main] N.0.log 89224	78445	5044	828	SAT	
2021-10-11 15:48:53,168 [main] N.0.log 56197	49971	2820	622	SAT	
