2021-06-23 07:54:17,870 [main] N.1.log 1802875	2304	406	1800165	UNSAT	
2021-06-23 07:54:29,233 [main] N.1.log 11363	2292	297	8773	SAT	
2021-06-23 08:12:30,995 [main] N.1.log 1081762	3292	485	1077985	SAT	
2021-06-23 08:12:36,733 [main] N.1.log 5738	1237	234	4252	SAT	
2021-06-23 08:12:47,435 [main] N.1.log 10702	2833	478	7391	SAT	
2021-06-23 08:13:45,702 [main] N.1.log 58267	2396	391	55465	SAT	
2021-06-23 08:14:22,616 [main] N.1.log 36914	3065	500	33333	SAT	
2021-06-23 08:14:38,936 [main] N.1.log 16320	3192	437	12691	SAT	
2021-06-23 08:14:43,175 [main] N.1.log 4239	3530	553	156	UNSAT	
2021-06-23 08:14:52,647 [main] N.1.log 9472	3868	554	5034	SAT	
2021-06-23 08:44:56,146 [main] N.1.log 1803499	2871	427	1800185	UNSAT	
2021-06-23 09:14:59,326 [main] N.1.log 1803180	2661	425	1800093	UNSAT	
2021-06-23 09:15:10,747 [main] N.1.log 11421	2954	417	8049	SAT	
2021-06-23 09:15:29,404 [main] N.1.log 18657	2848	310	15499	SAT	
2021-06-23 09:18:07,516 [main] N.1.log 158112	2162	360	155590	SAT	
2021-06-23 09:18:10,655 [main] N.1.log 3139	2542	425	156	UNSAT	
2021-06-23 09:18:16,990 [main] N.1.log 6335	2734	443	3143	SAT	
2021-06-23 09:48:20,689 [main] N.1.log 1803699	3124	453	1800106	UNSAT	
2021-06-23 09:48:39,113 [main] N.1.log 18424	3327	516	14580	SAT	
2021-06-23 09:49:10,859 [main] N.1.log 31746	1709	289	29748	SAT	
2021-06-23 09:49:49,033 [main] N.1.log 38174	2483	421	35254	SAT	
2021-06-23 09:49:58,178 [main] N.1.log 9145	2847	464	5834	SAT	
2021-06-23 09:50:11,317 [main] N.1.log 13139	3180	453	9506	SAT	
2021-06-23 09:50:15,372 [main] N.1.log 4055	3302	516	221	UNSAT	
2021-06-23 09:50:23,647 [main] N.1.log 8275	3222	462	4591	SAT	
2021-06-23 09:50:58,215 [main] N.1.log 34568	2439	375	31754	SAT	
2021-06-23 10:21:02,769 [main] N.1.log 1804554	2843	460	1801236	UNSAT	
2021-06-23 10:51:05,939 [main] N.1.log 1803169	2627	406	1800136	UNSAT	
2021-06-23 10:51:15,812 [main] N.1.log 9873	4009	551	5311	SAT	
2021-06-23 11:21:18,261 [main] N.1.log 1802449	1915	387	1800132	UNSAT	
