2021-06-22 11:06:32,485 [main] N.0.log 440	300	15	110	SAT	
2021-06-22 11:06:32,923 [main] N.0.log 438	330	31	62	SAT	
2021-06-22 11:06:33,376 [main] N.0.log 453	328	32	93	SAT	
2021-06-22 11:06:33,786 [main] N.0.log 410	332	16	62	SAT	
2021-06-22 11:06:34,255 [main] N.0.log 469	359	31	63	SAT	
2021-06-22 11:06:34,634 [main] N.0.log 379	234	34	111	SAT	
2021-06-22 11:06:35,009 [main] N.0.log 375	219	16	125	SAT	
2021-06-22 11:06:35,390 [main] N.0.log 381	272	31	63	SAT	
2021-06-22 11:06:35,784 [main] N.0.log 394	207	31	140	SAT	
2021-06-22 11:06:36,253 [main] N.0.log 469	328	32	109	SAT	
2021-06-22 11:06:36,757 [main] N.0.log 504	347	32	125	SAT	
2021-06-22 11:06:37,131 [main] N.0.log 374	297	31	31	SAT	
2021-06-22 11:06:37,555 [main] N.0.log 424	281	32	95	SAT	
2021-06-22 11:06:37,961 [main] N.0.log 406	265	31	94	SAT	
2021-06-22 11:06:38,447 [main] N.0.log 486	345	31	110	SAT	
2021-06-22 11:06:38,761 [main] N.0.log 314	283	31	0	UNSAT	
2021-06-22 11:06:39,136 [main] N.0.log 375	250	31	78	SAT	
2021-06-22 11:06:39,480 [main] N.0.log 344	203	31	94	SAT	
2021-06-22 11:06:39,857 [main] N.0.log 377	268	31	78	SAT	
2021-06-22 11:06:40,185 [main] N.0.log 328	265	32	15	UNSAT	
2021-06-22 11:06:40,632 [main] N.0.log 447	297	31	119	SAT	
2021-06-22 11:06:41,053 [main] N.0.log 421	266	31	109	SAT	
2021-06-22 11:06:41,604 [main] N.0.log 551	363	31	157	SAT	
2021-06-22 11:06:42,043 [main] N.0.log 439	299	31	94	SAT	
2021-06-22 11:06:42,449 [main] N.0.log 406	282	31	78	SAT	
2021-06-22 11:06:42,873 [main] N.0.log 424	268	31	109	SAT	
2021-06-22 11:06:43,280 [main] N.0.log 407	250	31	110	SAT	
2021-06-22 11:06:43,730 [main] N.0.log 450	312	31	107	SAT	
2021-06-22 11:06:44,027 [main] N.0.log 297	250	15	16	UNSAT	
2021-06-22 11:06:44,464 [main] N.0.log 437	313	31	78	SAT	
