2021-06-22 10:58:25,330 [main] N.0.log 281	140	16	109	SAT	
2021-06-22 10:58:25,690 [main] N.0.log 360	234	32	78	SAT	
2021-06-22 10:58:25,927 [main] N.0.log 237	190	16	16	UNSAT	
2021-06-22 10:58:26,261 [main] N.0.log 334	272	32	15	UNSAT	
2021-06-22 10:58:26,652 [main] N.0.log 391	266	47	78	SAT	
2021-06-22 10:58:27,046 [main] N.0.log 394	239	15	125	SAT	
2021-06-22 10:58:27,234 [main] N.0.log 188	125	16	47	SAT	
2021-06-22 10:58:27,687 [main] N.0.log 453	266	31	141	SAT	
2021-06-22 10:58:27,925 [main] N.0.log 238	203	34	1	UNSAT	
2021-06-22 10:58:28,237 [main] N.0.log 312	266	16	15	UNSAT	
2021-06-22 10:58:28,659 [main] N.0.log 422	265	16	125	SAT	
2021-06-22 10:58:29,024 [main] N.0.log 365	218	36	95	SAT	
2021-06-22 10:58:29,274 [main] N.0.log 250	203	16	16	UNSAT	
2021-06-22 10:58:29,539 [main] N.0.log 265	172	16	62	SAT	
2021-06-22 10:58:29,789 [main] N.0.log 250	187	31	16	UNSAT	
2021-06-22 10:58:30,088 [main] N.0.log 299	221	31	16	UNSAT	
2021-06-22 10:58:30,338 [main] N.0.log 250	203	15	16	UNSAT	
2021-06-22 10:58:30,557 [main] N.0.log 219	172	31	0	UNSAT	
2021-06-22 10:58:30,945 [main] N.0.log 388	250	32	91	SAT	
2021-06-22 10:58:31,242 [main] N.0.log 297	234	32	15	UNSAT	
2021-06-22 10:58:31,477 [main] N.0.log 235	188	31	16	UNSAT	
2021-06-22 10:58:31,914 [main] N.0.log 437	250	31	156	SAT	
2021-06-22 10:58:32,134 [main] N.0.log 220	189	31	0	UNSAT	
2021-06-22 10:58:32,400 [main] N.0.log 266	203	31	16	UNSAT	
2021-06-22 10:58:32,634 [main] N.0.log 234	188	31	15	UNSAT	
2021-06-22 10:58:33,001 [main] N.0.log 367	234	32	85	SAT	
2021-06-22 10:58:33,204 [main] N.0.log 203	156	16	16	UNSAT	
2021-06-22 10:58:33,375 [main] N.0.log 171	125	31	0	UNSAT	
2021-06-22 10:58:33,844 [main] N.0.log 469	219	31	203	SAT	
2021-06-22 10:58:34,127 [main] N.0.log 283	236	16	15	UNSAT	
