2021-06-22 10:57:40,894 [main] N.0.log 187	140	16	15	UNSAT	
2021-06-22 10:57:41,654 [main] N.0.log 760	649	48	47	SAT	
2021-06-22 10:57:42,341 [main] N.0.log 687	594	63	15	SAT	
2021-06-22 10:57:43,047 [main] N.0.log 706	596	63	16	SAT	
2021-06-22 10:57:43,250 [main] N.0.log 203	141	31	16	SAT	
2021-06-22 10:57:43,546 [main] N.0.log 296	219	46	0	UNSAT	
2021-06-22 10:57:43,856 [main] N.0.log 310	247	31	0	UNSAT	
2021-06-22 10:57:44,231 [main] N.0.log 375	296	32	15	UNSAT	
2021-06-22 10:57:44,497 [main] N.0.log 266	219	15	16	UNSAT	
2021-06-22 10:57:44,936 [main] N.0.log 439	377	32	15	UNSAT	
2021-06-22 10:57:45,374 [main] N.0.log 438	359	47	16	SAT	
2021-06-22 10:57:45,893 [main] N.0.log 519	394	47	47	SAT	
2021-06-22 10:57:46,552 [main] N.0.log 659	580	47	16	UNSAT	
2021-06-22 10:57:46,991 [main] N.0.log 439	377	32	15	UNSAT	
2021-06-22 10:57:47,630 [main] N.0.log 639	562	60	1	UNSAT	
2021-06-22 10:57:47,849 [main] N.0.log 219	187	16	0	UNSAT	
2021-06-22 10:57:48,333 [main] N.0.log 484	406	31	16	UNSAT	
2021-06-22 10:57:48,810 [main] N.0.log 477	415	46	0	UNSAT	
2021-06-22 10:57:49,201 [main] N.0.log 391	312	31	16	UNSAT	
2021-06-22 10:57:49,740 [main] N.0.log 539	445	47	31	SAT	
2021-06-22 10:57:50,430 [main] N.0.log 690	580	62	16	UNSAT	
2021-06-22 10:57:51,059 [main] N.0.log 629	550	47	16	SAT	
2021-06-22 10:57:51,702 [main] N.0.log 643	564	32	16	UNSAT	
2021-06-22 10:57:52,124 [main] N.0.log 422	344	31	32	SAT	
2021-06-22 10:57:52,592 [main] N.0.log 468	406	32	15	UNSAT	
2021-06-22 10:57:53,109 [main] N.0.log 517	454	32	15	UNSAT	
2021-06-22 10:57:53,500 [main] N.0.log 391	328	31	16	UNSAT	
2021-06-22 10:57:54,236 [main] N.0.log 736	628	62	31	SAT	
2021-06-22 10:57:54,692 [main] N.0.log 456	375	33	16	UNSAT	
2021-06-22 10:57:55,067 [main] N.0.log 375	296	32	31	SAT	
