2021-06-22 18:49:49,213 [main] N.1.log 2030	1623	250	94	SAT	
2021-06-22 18:49:53,119 [main] N.1.log 3906	3173	375	311	SAT	
2021-06-22 18:50:00,261 [main] N.1.log 7142	5664	492	939	SAT	
2021-06-22 18:50:05,618 [main] N.1.log 5357	4747	452	111	SAT	
2021-06-22 18:50:08,369 [main] N.1.log 2751	1359	187	1159	SAT	
2021-06-22 18:50:10,633 [main] N.1.log 2264	1853	239	110	SAT	
2021-06-22 18:50:13,608 [main] N.1.log 2975	1953	359	616	SAT	
2021-06-22 18:50:39,714 [main] N.1.log 26106	3492	401	22166	SAT	
2021-06-22 18:50:43,485 [main] N.1.log 3771	3082	375	282	SAT	
2021-06-22 18:50:47,339 [main] N.1.log 3854	3261	357	190	SAT	
2021-06-22 18:50:51,466 [main] N.1.log 4127	3502	437	141	SAT	
2021-06-22 18:50:54,034 [main] N.1.log 2568	2190	251	80	SAT	
2021-06-22 18:50:57,013 [main] N.1.log 2979	2494	328	110	SAT	
2021-06-22 18:50:58,178 [main] N.1.log 1157	828	125	171	SAT	
2021-06-22 18:51:04,216 [main] N.1.log 6038	5227	515	250	SAT	
2021-06-22 18:51:11,416 [main] N.1.log 7200	6308	593	252	SAT	
2021-06-22 18:51:15,213 [main] N.1.log 3797	2105	283	1377	SAT	
2021-06-22 18:51:19,521 [main] N.1.log 4308	3337	406	518	SAT	
2021-06-22 18:51:24,730 [main] N.1.log 5209	4410	422	345	SAT	
2021-06-22 18:51:29,757 [main] N.1.log 5027	4383	488	109	SAT	
2021-06-22 18:51:33,239 [main] N.1.log 3482	3037	367	31	UNSAT	
2021-06-22 18:51:36,045 [main] N.1.log 2806	2213	250	296	SAT	
2021-06-22 18:51:40,074 [main] N.1.log 4029	2525	328	1129	SAT	
2021-06-22 18:51:42,400 [main] N.1.log 2326	1887	220	156	SAT	
2021-06-22 18:51:45,152 [main] N.1.log 2752	2204	281	220	SAT	
2021-06-22 18:51:47,338 [main] N.1.log 2186	1503	229	423	SAT	
2021-06-22 18:51:50,985 [main] N.1.log 3647	2893	363	344	SAT	
2021-06-22 18:51:53,217 [main] N.1.log 2232	1814	250	121	SAT	
2021-06-22 18:51:58,091 [main] N.1.log 4874	2988	359	1480	SAT	
2021-06-22 18:52:04,335 [main] N.1.log 6244	4371	437	1390	SAT	
