2021-06-24 03:55:30,650 [main] N.1.log 1802547	2190	266	1800075	UNSAT	
2021-06-24 04:25:32,630 [main] N.1.log 1801980	1701	234	1800043	UNSAT	
2021-06-24 04:55:35,553 [main] N.1.log 1802923	2545	313	1800064	UNSAT	
2021-06-24 05:25:36,645 [main] N.1.log 1801092	827	229	1800033	UNSAT	
2021-06-24 05:55:38,991 [main] N.1.log 1802345	1997	289	1800058	UNSAT	
2021-06-24 05:56:06,224 [main] N.1.log 27233	2033	234	24965	SAT	
2021-06-24 06:26:08,939 [main] N.1.log 1802715	2335	281	1800084	UNSAT	
2021-06-24 06:26:13,730 [main] N.1.log 4791	2405	328	2056	SAT	
2021-06-24 06:26:16,815 [main] N.1.log 3070	2676	332	62	UNSAT	
2021-06-24 06:26:21,492 [main] N.1.log 4677	2723	310	1628	SAT	
2021-06-24 06:56:24,099 [main] N.1.log 1802607	2201	312	1800078	UNSAT	
2021-06-24 07:26:26,790 [main] N.1.log 1802691	2345	297	1800048	UNSAT	
2021-06-24 07:26:31,472 [main] N.1.log 4682	2424	310	1947	SAT	
2021-06-24 07:56:34,314 [main] N.1.log 1802842	2465	328	1800049	UNSAT	
2021-06-24 08:26:36,307 [main] N.1.log 1801993	1702	234	1800056	UNSAT	
2021-06-24 08:26:38,930 [main] N.1.log 2623	2278	282	62	UNSAT	
2021-06-24 08:56:42,255 [main] N.1.log 1803325	2221	297	1800791	UNSAT	
2021-06-24 09:26:44,509 [main] N.1.log 1802254	1931	271	1800051	UNSAT	
2021-06-24 09:27:15,870 [main] N.1.log 31361	2750	365	28245	SAT	
2021-06-24 09:27:18,412 [main] N.1.log 2542	1456	188	883	SAT	
2021-06-24 09:57:20,938 [main] N.1.log 1802526	2154	312	1800060	UNSAT	
2021-06-24 10:27:23,561 [main] N.1.log 1802623	2295	282	1800045	UNSAT	
