2021-06-22 10:57:55,614 [main] N.0.log 500	422	47	0	UNSAT	
2021-06-22 10:57:56,256 [main] N.0.log 642	533	47	31	SAT	
2021-06-22 10:57:56,684 [main] N.0.log 428	312	31	53	SAT	
2021-06-22 10:57:57,403 [main] N.0.log 719	625	63	0	UNSAT	
2021-06-22 10:57:57,912 [main] N.0.log 509	400	47	31	SAT	
2021-06-22 10:57:58,115 [main] N.0.log 203	157	15	0	UNSAT	
2021-06-22 10:57:58,779 [main] N.0.log 664	555	62	16	UNSAT	
2021-06-22 10:57:59,323 [main] N.0.log 544	467	31	15	UNSAT	
2021-06-22 10:57:59,683 [main] N.0.log 360	281	16	31	SAT	
2021-06-22 10:57:59,992 [main] N.0.log 309	216	31	31	SAT	
2021-06-22 10:58:00,602 [main] N.0.log 610	531	31	16	UNSAT	
2021-06-22 10:58:01,043 [main] N.0.log 441	363	32	15	UNSAT	
2021-06-22 10:58:02,083 [main] N.0.log 1040	931	78	0	UNSAT	
2021-06-22 10:58:02,773 [main] N.0.log 690	603	55	1	UNSAT	
2021-06-22 10:58:03,335 [main] N.0.log 562	469	31	31	SAT	
2021-06-22 10:58:03,663 [main] N.0.log 328	250	15	31	SAT	
2021-06-22 10:58:04,135 [main] N.0.log 472	346	31	63	SAT	
2021-06-22 10:58:04,830 [main] N.0.log 695	616	48	0	UNSAT	
2021-06-22 10:58:05,726 [main] N.0.log 896	771	46	32	SAT	
2021-06-22 10:58:06,055 [main] N.0.log 329	236	32	15	SAT	
2021-06-22 10:58:06,539 [main] N.0.log 484	407	31	15	UNSAT	
2021-06-22 10:58:07,012 [main] N.0.log 473	378	31	32	SAT	
2021-06-22 10:58:07,873 [main] N.0.log 861	734	80	16	UNSAT	
2021-06-22 10:58:08,294 [main] N.0.log 421	344	46	0	UNSAT	
2021-06-22 10:58:08,763 [main] N.0.log 469	390	31	16	UNSAT	
2021-06-22 10:58:09,192 [main] N.0.log 429	366	31	16	UNSAT	
2021-06-22 10:58:09,598 [main] N.0.log 406	344	31	0	UNSAT	
2021-06-22 10:58:09,833 [main] N.0.log 235	173	16	15	SAT	
2021-06-22 10:58:10,068 [main] N.0.log 235	171	16	16	UNSAT	
2021-06-22 10:58:10,630 [main] N.0.log 562	484	47	0	UNSAT	
