2021-06-22 11:01:57,328 [main] N.0.log 3323	1004	125	2178	SAT	
2021-06-22 11:02:01,338 [main] N.0.log 4010	968	143	2883	SAT	
2021-06-22 11:02:06,154 [main] N.0.log 4816	765	125	3910	SAT	
2021-06-22 11:02:08,255 [main] N.0.log 2101	1080	125	896	SAT	
2021-06-22 11:02:10,207 [main] N.0.log 1952	827	110	999	SAT	
2021-06-22 11:02:11,114 [main] N.0.log 907	750	94	47	UNSAT	
2021-06-22 11:02:14,215 [main] N.0.log 3101	778	94	2214	SAT	
2021-06-22 11:02:16,287 [main] N.0.log 2072	968	96	992	SAT	
2021-06-22 11:02:22,634 [main] N.0.log 6347	976	144	5211	SAT	
2021-06-22 11:02:28,642 [main] N.0.log 6008	1075	125	4808	SAT	
2021-06-22 11:02:30,243 [main] N.0.log 1601	828	109	664	SAT	
2021-06-22 11:02:32,458 [main] N.0.log 2215	968	129	1102	SAT	
2021-06-22 11:02:34,932 [main] N.0.log 2474	969	112	1378	SAT	
2021-06-22 11:02:38,376 [main] N.0.log 3444	955	128	2345	SAT	
2021-06-22 11:02:42,616 [main] N.0.log 4240	953	127	3144	SAT	
2021-06-22 11:02:44,714 [main] N.0.log 2098	687	110	1285	SAT	
2021-06-22 11:02:46,206 [main] N.0.log 1492	921	115	440	SAT	
2021-06-22 11:02:47,975 [main] N.0.log 1769	944	125	685	SAT	
2021-06-22 11:02:49,962 [main] N.0.log 1987	1003	125	843	SAT	
2021-06-22 11:02:52,636 [main] N.0.log 2674	720	94	1844	SAT	
2021-06-22 11:03:15,869 [main] N.0.log 23233	969	127	22137	SAT	
2021-06-22 11:03:20,176 [main] N.0.log 4307	1031	125	3135	SAT	
2021-06-22 11:03:22,181 [main] N.0.log 2005	1110	141	754	SAT	
2021-06-22 11:03:26,167 [main] N.0.log 3986	938	111	2922	SAT	
2021-06-22 11:03:30,760 [main] N.0.log 4593	982	142	3453	SAT	
2021-06-22 11:03:32,884 [main] N.0.log 2124	812	141	1171	SAT	
2021-06-22 11:03:34,408 [main] N.0.log 1508	781	94	633	SAT	
2021-06-22 11:03:37,691 [main] N.0.log 3283	821	109	2353	SAT	
2021-06-22 11:03:42,337 [main] N.0.log 4646	1064	125	3441	SAT	
2021-06-22 11:03:44,546 [main] N.0.log 2209	750	94	1349	SAT	
