2021-06-23 01:17:00,403 [main] N.1.log 723889	679	140	723039	SAT	
2021-06-23 01:18:06,436 [main] N.1.log 66033	2473	312	63232	SAT	
2021-06-23 01:18:42,854 [main] N.1.log 36418	1615	218	34569	SAT	
2021-06-23 01:32:58,244 [main] N.1.log 855390	1179	156	854040	SAT	
2021-06-23 01:34:21,349 [main] N.1.log 83105	1599	250	81240	SAT	
2021-06-23 02:04:23,614 [main] N.1.log 1802265	1915	266	1800068	UNSAT	
2021-06-23 02:04:25,760 [main] N.1.log 2146	1732	271	78	UNSAT	
2021-06-23 02:34:27,932 [main] N.1.log 1802172	1808	263	1800085	UNSAT	
2021-06-23 02:35:35,499 [main] N.1.log 67566	2317	328	64905	SAT	
2021-06-23 02:36:11,935 [main] N.1.log 36436	1880	250	34291	SAT	
2021-06-23 03:06:14,434 [main] N.1.log 1802499	2123	296	1800048	UNSAT	
2021-06-23 03:06:15,657 [main] N.1.log 1223	1018	125	62	UNSAT	
2021-06-23 03:07:06,662 [main] N.1.log 51005	1507	238	49244	SAT	
2021-06-23 03:37:08,619 [main] N.1.log 1801957	1579	266	1800080	UNSAT	
2021-06-23 03:37:57,635 [main] N.1.log 49016	1655	250	47093	SAT	
2021-06-23 04:07:59,068 [main] N.1.log 1801433	1141	171	1800106	UNSAT	
2021-06-23 04:38:00,476 [main] N.1.log 1801408	1079	187	1800126	UNSAT	
2021-06-23 05:08:02,950 [main] N.1.log 1802474	2055	297	1800105	UNSAT	
2021-06-23 05:21:07,833 [main] N.1.log 784883	1603	235	783028	SAT	
2021-06-23 05:21:21,656 [main] N.1.log 13823	837	158	12813	SAT	
2021-06-23 05:51:24,297 [main] N.1.log 1802641	2145	343	1800137	UNSAT	
2021-06-23 06:21:25,620 [main] N.1.log 1801323	953	252	1800101	UNSAT	
2021-06-23 06:21:46,882 [main] N.1.log 21262	1712	234	19300	SAT	
2021-06-23 06:22:10,905 [main] N.1.log 24023	980	140	22888	SAT	
2021-06-23 06:52:13,504 [main] N.1.log 1802599	2187	312	1800084	UNSAT	
2021-06-23 07:22:15,689 [main] N.1.log 1802185	1796	248	1800124	UNSAT	
2021-06-23 07:22:41,975 [main] N.1.log 26286	2066	266	23937	SAT	
2021-06-23 07:23:06,176 [main] N.1.log 24201	1187	172	22826	SAT	
2021-06-23 07:23:50,897 [main] N.1.log 44721	1553	203	42933	SAT	
2021-06-23 07:24:14,948 [main] N.1.log 24051	2010	296	21713	SAT	
