2021-06-24 10:34:38,932 [main] N.0.log 63	28	6	14	SAT	
2021-06-24 10:34:39,013 [main] N.0.log 81	46	8	15	SAT	
2021-06-24 10:34:39,106 [main] N.0.log 93	57	8	14	SAT	
2021-06-24 10:34:39,198 [main] N.0.log 92	54	9	16	SAT	
2021-06-24 10:34:39,261 [main] N.0.log 63	26	6	16	SAT	
2021-06-24 10:34:39,320 [main] N.0.log 58	21	4	22	SAT	
2021-06-24 10:34:39,387 [main] N.0.log 67	34	6	15	SAT	
2021-06-24 10:34:39,462 [main] N.0.log 75	45	7	11	SAT	
2021-06-24 10:34:39,571 [main] N.0.log 109	75	8	13	SAT	
2021-06-24 10:34:39,695 [main] N.0.log 124	85	9	14	SAT	
2021-06-24 10:34:39,792 [main] N.0.log 95	56	7	17	SAT	
2021-06-24 10:34:39,864 [main] N.0.log 72	36	13	12	SAT	
2021-06-24 10:34:39,929 [main] N.0.log 65	29	5	15	SAT	
2021-06-24 10:34:39,987 [main] N.0.log 58	20	5	21	SAT	
2021-06-24 10:34:40,050 [main] N.0.log 63	34	6	12	SAT	
2021-06-24 10:34:40,090 [main] N.0.log 39	9	3	15	SAT	
2021-06-24 10:34:40,132 [main] N.0.log 41	13	4	13	SAT	
2021-06-24 10:34:40,199 [main] N.0.log 66	33	6	11	SAT	
2021-06-24 10:34:40,286 [main] N.0.log 86	48	8	14	SAT	
2021-06-24 10:34:40,390 [main] N.0.log 103	65	7	18	SAT	
