2021-06-23 15:26:50,230 [main] N.1.log 109344	5786	869	102674	SAT	
2021-06-23 15:30:03,127 [main] N.1.log 192897	8950	1434	182495	SAT	
2021-06-23 16:00:12,212 [main] N.1.log 1809085	7192	1228	1800665	UNSAT	
2021-06-23 16:00:44,122 [main] N.1.log 31909	5426	922	25545	SAT	
2021-06-23 16:02:38,181 [main] N.1.log 114059	6747	1248	106048	SAT	
2021-06-23 16:32:45,637 [main] N.1.log 1807456	5858	1003	1800595	UNSAT	
2021-06-23 17:02:50,842 [main] N.1.log 1805205	4092	799	1800312	UNSAT	
2021-06-23 17:13:21,591 [main] N.1.log 630749	6118	1022	623591	SAT	
2021-06-23 17:16:36,133 [main] N.1.log 194542	6960	1193	186374	SAT	
2021-06-23 17:46:49,597 [main] N.1.log 1813464	8556	1198	1803694	UNSAT	
2021-06-23 17:52:23,582 [main] N.1.log 333984	4320	766	328898	SAT	
2021-06-23 17:53:19,127 [main] N.1.log 55545	6832	1309	47391	SAT	
2021-06-23 18:20:32,212 [main] N.1.log 1633084	8099	925	1624045	SAT	
2021-06-23 18:21:51,618 [main] N.1.log 79406	7839	1200	70367	SAT	
2021-06-23 18:52:00,936 [main] N.1.log 1809318	7542	1201	1800559	UNSAT	
2021-06-23 18:54:04,840 [main] N.1.log 123903	4562	801	118523	SAT	
2021-06-23 18:54:44,026 [main] N.1.log 39186	6899	1202	31069	SAT	
2021-06-23 18:55:15,680 [main] N.1.log 31654	7694	1234	22710	SAT	
2021-06-23 19:00:33,699 [main] N.1.log 318019	7027	1202	309774	SAT	
2021-06-23 19:01:45,478 [main] N.1.log 71763	5754	940	65053	SAT	
2021-06-23 19:31:54,559 [main] N.1.log 1809081	7223	1196	1800662	UNSAT	
2021-06-23 19:39:00,485 [main] N.1.log 425925	7618	1216	417075	SAT	
2021-06-23 19:51:14,916 [main] N.1.log 734431	8390	1127	724898	SAT	
2021-06-23 19:53:09,628 [main] N.1.log 114712	6971	1141	106585	SAT	
2021-06-23 19:58:43,594 [main] N.1.log 333966	8876	1637	323437	SAT	
2021-06-23 20:28:51,551 [main] N.1.log 1807957	6087	1113	1800742	UNSAT	
2021-06-23 20:30:01,185 [main] N.1.log 69633	3903	663	65066	SAT	
2021-06-23 20:31:39,468 [main] N.1.log 98283	6652	1052	90579	SAT	
2021-06-23 20:50:04,198 [main] N.1.log 1104730	7885	1299	1095530	SAT	
2021-06-23 20:52:21,633 [main] N.1.log 137435	5370	944	131105	SAT	
