2021-06-22 22:56:17,879 [main] N.1.log 2234	1854	270	94	UNSAT	
2021-06-22 22:56:20,445 [main] N.1.log 2566	2140	312	99	UNSAT	
2021-06-22 22:56:22,534 [main] N.1.log 2089	1729	250	94	UNSAT	
2021-06-22 22:56:24,207 [main] N.1.log 1673	1361	219	78	UNSAT	
2021-06-22 22:56:25,707 [main] N.1.log 1500	1254	183	47	UNSAT	
2021-06-22 23:26:37,469 [main] N.1.log 1811762	1274	234	1810238	UNSAT	
2021-06-22 23:26:38,793 [main] N.1.log 1324	1120	141	46	UNSAT	
2021-06-22 23:28:25,875 [main] N.1.log 107082	2208	297	104561	SAT	
2021-06-22 23:28:27,254 [main] N.1.log 1379	1082	203	63	UNSAT	
2021-06-22 23:31:10,687 [main] N.1.log 163433	2169	266	160983	SAT	
2021-06-22 23:31:11,946 [main] N.1.log 1259	1025	156	47	UNSAT	
2021-06-22 23:31:13,371 [main] N.1.log 1425	1175	156	63	UNSAT	
2021-06-22 23:31:14,930 [main] N.1.log 1559	1238	212	94	UNSAT	
2021-06-22 23:32:18,857 [main] N.1.log 63927	1849	297	61765	SAT	
2021-06-22 23:32:48,693 [main] N.1.log 29836	2618	356	26846	SAT	
2021-06-23 00:02:50,376 [main] N.1.log 1801683	1370	219	1800078	UNSAT	
2021-06-23 00:03:02,196 [main] N.1.log 11820	515	94	11194	SAT	
2021-06-23 00:03:04,230 [main] N.1.log 2034	1675	250	93	UNSAT	
2021-06-23 00:33:05,888 [main] N.1.log 1801651	1398	187	1800050	UNSAT	
2021-06-23 00:33:08,266 [main] N.1.log 2378	1993	274	94	UNSAT	
2021-06-23 00:33:09,639 [main] N.1.log 1373	1108	203	47	UNSAT	
2021-06-23 00:33:30,664 [main] N.1.log 21009	1472	194	19328	SAT	
2021-06-23 00:33:32,618 [main] N.1.log 1954	1611	250	78	UNSAT	
2021-06-23 00:34:43,295 [main] N.1.log 70667	1895	295	68475	SAT	
2021-06-23 00:34:44,541 [main] N.1.log 1246	1027	157	46	UNSAT	
2021-06-23 00:34:46,574 [main] N.1.log 2033	1657	250	110	UNSAT	
2021-06-23 00:34:48,879 [main] N.1.log 2305	1908	266	116	UNSAT	
2021-06-23 01:04:51,656 [main] N.1.log 1802777	2227	305	1800214	UNSAT	
2021-06-23 01:04:54,258 [main] N.1.log 2602	2195	312	78	UNSAT	
2021-06-23 01:04:56,482 [main] N.1.log 2224	1802	281	125	UNSAT	
