2021-06-22 18:52:11,082 [main] N.1.log 6700	1407	250	5028	SAT	
2021-06-22 19:22:13,293 [main] N.1.log 1802211	1888	253	1800054	UNSAT	
2021-06-22 19:22:18,633 [main] N.1.log 5340	1331	203	3805	SAT	
2021-06-22 19:22:20,754 [main] N.1.log 2121	1758	270	78	UNSAT	
2021-06-22 19:22:22,622 [main] N.1.log 1868	994	156	718	SAT	
2021-06-22 19:22:24,122 [main] N.1.log 1500	1265	172	47	UNSAT	
2021-06-22 19:22:27,345 [main] N.1.log 3207	1159	187	1861	SAT	
2021-06-22 19:22:31,750 [main] N.1.log 4405	1199	172	3018	SAT	
2021-06-22 19:22:33,256 [main] N.1.log 1506	1209	188	93	UNSAT	
2021-06-22 19:22:50,335 [main] N.1.log 17079	1855	188	15020	SAT	
2021-06-22 19:22:59,647 [main] N.1.log 9312	1946	286	7064	SAT	
2021-06-22 19:23:06,610 [main] N.1.log 6963	1201	234	5512	SAT	
2021-06-22 19:23:07,282 [main] N.1.log 672	516	93	47	UNSAT	
2021-06-22 19:23:09,464 [main] N.1.log 2182	1838	265	63	UNSAT	
2021-06-22 19:23:11,666 [main] N.1.log 2202	1843	281	63	UNSAT	
2021-06-22 19:23:13,149 [main] N.1.log 1474	1125	253	94	UNSAT	
2021-06-22 19:23:14,814 [main] N.1.log 1665	1360	227	62	UNSAT	
2021-06-22 19:23:15,872 [main] N.1.log 1058	812	167	63	UNSAT	
2021-06-22 19:23:18,548 [main] N.1.log 2676	1121	156	1383	SAT	
2021-06-22 19:23:20,175 [main] N.1.log 1627	1346	203	78	UNSAT	
2021-06-22 19:23:22,726 [main] N.1.log 2551	2161	327	63	UNSAT	
2021-06-22 19:53:24,579 [main] N.1.log 1801853	1428	171	1800238	UNSAT	
2021-06-22 19:53:26,033 [main] N.1.log 1454	1187	203	63	UNSAT	
2021-06-22 19:53:28,392 [main] N.1.log 2359	1968	281	94	UNSAT	
2021-06-22 19:53:30,682 [main] N.1.log 2290	1946	266	78	UNSAT	
2021-06-22 20:13:31,208 [main] N.1.log 1200513	1731	250	1198531	SAT	
2021-06-22 20:13:32,605 [main] N.1.log 1397	1131	187	63	UNSAT	
2021-06-22 20:13:33,535 [main] N.1.log 930	759	109	47	UNSAT	
2021-06-22 20:13:59,380 [main] N.1.log 25845	2032	281	23532	SAT	
2021-06-22 20:14:01,369 [main] N.1.log 1989	1708	218	63	UNSAT	
