2021-07-02 08:41:14,023 [main] N.2.log 47	16	0	15	SAT	
2021-07-02 08:41:14,133 [main] N.2.log 110	47	0	32	SAT	
2021-07-02 08:41:14,211 [main] N.2.log 78	31	0	32	SAT	
2021-07-02 08:41:14,289 [main] N.2.log 78	31	16	31	SAT	
2021-07-02 08:41:14,336 [main] N.2.log 47	15	0	32	SAT	
2021-07-02 08:41:14,383 [main] N.2.log 47	15	0	32	SAT	
2021-07-02 08:41:14,414 [main] N.2.log 31	15	0	16	SAT	
2021-07-02 08:41:14,461 [main] N.2.log 47	16	0	16	SAT	
2021-07-02 08:41:14,586 [main] N.2.log 125	78	0	32	SAT	
2021-07-02 08:41:14,632 [main] N.2.log 46	0	16	15	SAT	
2021-07-02 08:41:14,687 [main] N.2.log 55	32	0	23	SAT	
2021-07-02 08:41:14,718 [main] N.2.log 31	16	0	15	SAT	
2021-07-02 08:41:14,765 [main] N.2.log 47	16	0	15	SAT	
2021-07-02 08:41:14,828 [main] N.2.log 63	31	0	16	SAT	
2021-07-02 08:41:14,906 [main] N.2.log 78	32	0	31	SAT	
2021-07-02 08:41:14,968 [main] N.2.log 62	16	16	15	SAT	
2021-07-02 08:41:15,015 [main] N.2.log 47	0	16	15	SAT	
2021-07-02 08:41:15,078 [main] N.2.log 63	31	0	16	SAT	
2021-07-02 08:41:15,156 [main] N.2.log 78	31	0	32	SAT	
2021-07-02 08:41:15,218 [main] N.2.log 62	47	0	15	SAT	
2021-07-02 08:41:15,281 [main] N.2.log 63	15	0	32	SAT	
2021-07-02 08:41:15,359 [main] N.2.log 78	47	0	31	SAT	
2021-07-02 08:41:15,499 [main] N.2.log 140	94	0	31	SAT	
2021-07-02 08:41:15,562 [main] N.2.log 63	32	0	31	SAT	
2021-07-02 08:41:15,609 [main] N.2.log 47	31	0	16	SAT	
2021-07-02 08:41:15,671 [main] N.2.log 62	16	0	31	SAT	
2021-07-02 08:41:15,704 [main] N.2.log 33	17	0	16	SAT	
2021-07-02 08:41:15,767 [main] N.2.log 63	31	16	16	SAT	
2021-07-02 08:41:15,829 [main] N.2.log 62	46	0	16	SAT	
2021-07-02 08:41:15,907 [main] N.2.log 78	47	0	15	SAT	
