2021-07-02 08:41:13,115 [main] N.1.log 47	15	0	16	SAT	
2021-07-02 08:41:13,146 [main] N.1.log 31	15	16	0	SAT	
2021-07-02 08:41:13,177 [main] N.1.log 31	0	15	0	SAT	
2021-07-02 08:41:13,209 [main] N.1.log 32	0	0	16	SAT	
2021-07-02 08:41:13,240 [main] N.1.log 31	0	0	16	SAT	
2021-07-02 08:41:13,271 [main] N.1.log 31	0	0	16	SAT	
2021-07-02 08:41:13,302 [main] N.1.log 31	16	15	0	SAT	
2021-07-02 08:41:13,334 [main] N.1.log 32	0	0	16	SAT	
2021-07-02 08:41:13,365 [main] N.1.log 31	0	0	16	SAT	
2021-07-02 08:41:13,396 [main] N.1.log 31	0	0	16	SAT	
2021-07-02 08:41:13,427 [main] N.1.log 31	16	0	15	SAT	
2021-07-02 08:41:13,458 [main] N.1.log 31	16	0	15	SAT	
2021-07-02 08:41:13,474 [main] N.1.log 16	0	0	16	SAT	
2021-07-02 08:41:13,505 [main] N.1.log 31	16	0	15	SAT	
2021-07-02 08:41:13,537 [main] N.1.log 32	16	0	16	SAT	
2021-07-02 08:41:13,552 [main] N.1.log 15	0	15	0	SAT	
2021-07-02 08:41:13,583 [main] N.1.log 31	0	0	15	SAT	
2021-07-02 08:41:13,615 [main] N.1.log 32	16	0	16	SAT	
2021-07-02 08:41:13,646 [main] N.1.log 31	15	0	16	SAT	
2021-07-02 08:41:13,662 [main] N.1.log 16	0	0	16	SAT	
2021-07-02 08:41:13,695 [main] N.1.log 33	18	0	15	SAT	
2021-07-02 08:41:13,711 [main] N.1.log 16	0	0	16	SAT	
2021-07-02 08:41:13,742 [main] N.1.log 31	0	0	16	SAT	
2021-07-02 08:41:13,758 [main] N.1.log 16	16	0	0	SAT	
2021-07-02 08:41:13,789 [main] N.1.log 31	0	0	16	SAT	
2021-07-02 08:41:13,836 [main] N.1.log 47	15	0	16	SAT	
2021-07-02 08:41:13,867 [main] N.1.log 31	15	0	16	SAT	
2021-07-02 08:41:13,898 [main] N.1.log 31	16	0	15	SAT	
2021-07-02 08:41:13,914 [main] N.1.log 16	16	0	0	SAT	
2021-07-02 08:41:13,945 [main] N.1.log 31	16	0	0	SAT	
