2021-06-17 16:36:41,606 [main] N.0.log 659	316	62	281	SAT	
2021-06-17 16:36:42,360 [main] N.0.log 754	344	62	348	SAT	
2021-06-17 16:36:42,953 [main] N.0.log 578	266	62	250	SAT	
2021-06-17 16:36:43,738 [main] N.0.log 785	363	63	359	SAT	
2021-06-17 16:36:44,544 [main] N.0.log 806	368	79	343	SAT	
2021-06-17 16:36:45,250 [main] N.0.log 706	312	63	315	SAT	
2021-06-17 16:36:45,953 [main] N.0.log 703	281	63	359	SAT	
2021-06-17 16:36:46,692 [main] N.0.log 739	318	78	343	SAT	
2021-06-17 16:36:47,559 [main] N.0.log 867	328	63	460	SAT	
2021-06-17 16:36:48,137 [main] N.0.log 578	297	62	219	SAT	
2021-06-17 16:36:48,855 [main] N.0.log 718	303	62	337	SAT	
2021-06-17 16:36:49,589 [main] N.0.log 734	343	63	328	SAT	
2021-06-17 16:36:50,158 [main] N.0.log 569	301	62	190	SAT	
2021-06-17 16:36:50,830 [main] N.0.log 672	281	62	313	SAT	
2021-06-17 16:36:51,467 [main] N.0.log 637	383	66	188	SAT	
2021-06-17 16:36:52,098 [main] N.0.log 631	297	62	257	SAT	
2021-06-17 16:36:52,708 [main] N.0.log 610	328	63	219	SAT	
2021-06-17 16:36:53,391 [main] N.0.log 683	343	72	268	SAT	
2021-06-17 16:36:54,094 [main] N.0.log 703	312	47	344	SAT	
2021-06-17 16:36:54,823 [main] N.0.log 729	339	63	312	SAT	
2021-06-17 16:36:55,588 [main] N.0.log 765	344	46	375	SAT	
2021-06-17 16:36:56,398 [main] N.0.log 810	328	79	403	SAT	
2021-06-17 16:36:57,179 [main] N.0.log 781	360	62	359	SAT	
2021-06-17 16:36:57,936 [main] N.0.log 757	272	47	422	SAT	
2021-06-17 16:36:58,358 [main] N.0.log 422	328	62	32	UNSAT	
2021-06-17 16:36:59,480 [main] N.0.log 1122	313	47	762	SAT	
2021-06-17 16:37:00,431 [main] N.0.log 951	281	47	623	SAT	
2021-06-17 16:37:01,198 [main] N.0.log 767	329	79	343	SAT	
2021-06-17 16:37:01,984 [main] N.0.log 786	333	62	391	SAT	
2021-06-17 16:37:02,683 [main] N.0.log 699	328	62	293	SAT	
