2021-06-22 10:58:10,931 [main] N.0.log 238	144	16	16	SAT	
2021-06-22 10:58:11,327 [main] N.0.log 396	304	31	15	SAT	
2021-06-22 10:58:11,860 [main] N.0.log 533	407	31	48	SAT	
2021-06-22 10:58:12,110 [main] N.0.log 250	156	15	32	SAT	
2021-06-22 10:58:12,469 [main] N.0.log 359	266	16	31	SAT	
2021-06-22 10:58:13,006 [main] N.0.log 537	428	31	31	SAT	
2021-06-22 10:58:13,381 [main] N.0.log 375	281	32	15	SAT	
2021-06-22 10:58:13,931 [main] N.0.log 550	456	31	16	SAT	
2021-06-22 10:58:14,353 [main] N.0.log 406	312	31	32	SAT	
2021-06-22 10:58:14,998 [main] N.0.log 645	535	47	16	SAT	
2021-06-22 10:58:15,404 [main] N.0.log 406	281	32	31	SAT	
2021-06-22 10:58:15,779 [main] N.0.log 375	281	31	32	SAT	
2021-06-22 10:58:16,369 [main] N.0.log 590	480	47	16	SAT	
2021-06-22 10:58:16,966 [main] N.0.log 597	471	47	32	SAT	
2021-06-22 10:58:17,356 [main] N.0.log 390	282	31	31	SAT	
2021-06-22 10:58:18,093 [main] N.0.log 737	596	63	31	SAT	
2021-06-22 10:58:18,927 [main] N.0.log 834	708	48	31	SAT	
2021-06-22 10:58:19,489 [main] N.0.log 562	422	47	31	SAT	
2021-06-22 10:58:19,991 [main] N.0.log 502	393	31	31	SAT	
2021-06-22 10:58:20,373 [main] N.0.log 382	287	31	32	SAT	
2021-06-22 10:58:20,890 [main] N.0.log 517	422	34	15	UNSAT	
2021-06-22 10:58:21,354 [main] N.0.log 464	354	32	31	SAT	
2021-06-22 10:58:22,067 [main] N.0.log 713	587	47	32	SAT	
2021-06-22 10:58:22,410 [main] N.0.log 343	250	32	15	SAT	
2021-06-22 10:58:22,770 [main] N.0.log 360	266	15	32	SAT	
2021-06-22 10:58:23,069 [main] N.0.log 299	190	31	32	SAT	
2021-06-22 10:58:23,601 [main] N.0.log 532	423	31	31	SAT	
2021-06-22 10:58:23,936 [main] N.0.log 335	241	16	31	SAT	
2021-06-22 10:58:24,467 [main] N.0.log 531	422	31	31	SAT	
2021-06-22 10:58:25,018 [main] N.0.log 551	442	31	31	SAT	
