2021-06-23 11:21:44,106 [main] N.1.log 25797	4713	813	20271	SAT	
2021-06-23 11:22:48,608 [main] N.1.log 64502	3723	650	60113	SAT	
2021-06-23 11:23:09,838 [main] N.1.log 21230	5561	871	14783	SAT	
2021-06-23 11:24:30,944 [main] N.1.log 81106	4798	753	75555	SAT	
2021-06-23 11:54:36,646 [main] N.1.log 1805702	4801	698	1800203	UNSAT	
2021-06-23 11:54:48,796 [main] N.1.log 12150	2960	470	8719	SAT	
2021-06-23 12:24:54,978 [main] N.1.log 1806182	5035	808	1800323	UNSAT	
2021-06-23 12:26:02,646 [main] N.1.log 67668	5061	806	61799	SAT	
2021-06-23 12:56:08,521 [main] N.1.log 1805875	4766	777	1800317	UNSAT	
2021-06-23 12:56:19,816 [main] N.1.log 11295	5017	739	5522	SAT	
2021-06-23 12:57:08,022 [main] N.1.log 48206	3399	509	44298	SAT	
2021-06-23 13:27:14,363 [main] N.1.log 1806341	5346	822	1800173	UNSAT	
2021-06-23 13:27:54,438 [main] N.1.log 40075	4313	719	35042	SAT	
2021-06-23 13:57:59,638 [main] N.1.log 1805200	4370	671	1800159	UNSAT	
2021-06-23 13:58:04,773 [main] N.1.log 5135	4096	687	351	UNSAT	
2021-06-23 13:58:35,529 [main] N.1.log 30756	2494	437	27823	SAT	
2021-06-23 13:59:44,882 [main] N.1.log 69353	3063	484	65790	SAT	
2021-06-23 13:59:53,852 [main] N.1.log 8970	3832	662	4460	SAT	
2021-06-23 14:29:58,908 [main] N.1.log 1805056	4114	641	1800285	UNSAT	
2021-06-23 14:38:18,157 [main] N.1.log 499249	4039	667	494527	SAT	
2021-06-23 14:39:57,286 [main] N.1.log 99129	5126	797	93206	SAT	
2021-06-23 14:40:31,775 [main] N.1.log 34489	5555	802	28117	SAT	
2021-06-23 14:41:04,635 [main] N.1.log 32860	3803	601	28456	SAT	
2021-06-23 15:11:10,489 [main] N.1.log 1805854	4634	698	1800506	UNSAT	
2021-06-23 15:11:34,535 [main] N.1.log 24045	4966	771	18307	SAT	
2021-06-23 15:11:59,531 [main] N.1.log 24996	4654	723	19604	SAT	
2021-06-23 15:12:51,231 [main] N.1.log 51700	3810	636	47254	SAT	
2021-06-23 15:15:49,111 [main] N.1.log 177880	4009	687	173169	SAT	
2021-06-23 15:17:31,956 [main] N.1.log 102845	4980	802	97047	SAT	
2021-06-23 15:25:00,854 [main] N.1.log 448898	5876	981	442026	SAT	
