2021-06-22 10:58:47,008 [main] N.0.log 343	266	47	15	UNSAT	
2021-06-22 10:58:47,211 [main] N.0.log 203	156	16	15	UNSAT	
2021-06-22 10:58:47,399 [main] N.0.log 188	141	15	16	UNSAT	
2021-06-22 10:58:47,618 [main] N.0.log 219	172	16	16	UNSAT	
2021-06-22 10:58:47,851 [main] N.0.log 233	187	16	15	UNSAT	
2021-06-22 10:58:48,117 [main] N.0.log 266	203	31	16	UNSAT	
2021-06-22 10:58:48,320 [main] N.0.log 203	157	15	16	UNSAT	
2021-06-22 10:58:48,617 [main] N.0.log 297	250	16	16	UNSAT	
2021-06-22 10:58:48,953 [main] N.0.log 336	258	32	15	UNSAT	
2021-06-22 10:58:49,297 [main] N.0.log 344	297	31	0	UNSAT	
2021-06-22 10:58:49,866 [main] N.0.log 569	296	53	204	SAT	
2021-06-22 10:58:50,100 [main] N.0.log 234	187	16	15	UNSAT	
2021-06-22 10:58:50,260 [main] N.0.log 160	113	15	16	UNSAT	
2021-06-22 10:58:50,619 [main] N.0.log 359	297	31	16	UNSAT	
2021-06-22 10:58:51,153 [main] N.0.log 534	174	32	297	SAT	
2021-06-22 10:58:51,481 [main] N.0.log 328	281	32	0	UNSAT	
2021-06-22 10:58:51,819 [main] N.0.log 338	125	16	182	SAT	
2021-06-22 10:58:52,194 [main] N.0.log 375	172	31	156	SAT	
2021-06-22 10:58:52,647 [main] N.0.log 453	203	31	203	SAT	
2021-06-22 10:58:52,981 [main] N.0.log 334	272	31	15	UNSAT	
2021-06-22 10:58:53,388 [main] N.0.log 407	141	15	235	SAT	
2021-06-22 10:58:53,915 [main] N.0.log 527	188	15	309	SAT	
2021-06-22 10:58:54,431 [main] N.0.log 516	203	31	266	SAT	
2021-06-22 10:58:54,934 [main] N.0.log 503	140	16	316	SAT	
2021-06-22 10:58:55,215 [main] N.0.log 281	218	31	16	UNSAT	
2021-06-22 10:58:55,371 [main] N.0.log 156	109	16	15	UNSAT	
2021-06-22 10:58:55,637 [main] N.0.log 266	203	15	16	UNSAT	
2021-06-22 10:58:56,390 [main] N.0.log 738	253	16	453	SAT	
2021-06-22 10:58:56,656 [main] N.0.log 266	203	31	16	UNSAT	
2021-06-22 10:58:56,937 [main] N.0.log 281	218	16	31	UNSAT	
