2021-06-24 16:21:09,348 [main] N.2.log 608	446	64	82	SAT	
2021-06-24 16:21:09,517 [main] N.2.log 168	87	25	44	SAT	
2021-06-24 16:21:09,978 [main] N.2.log 461	372	54	23	SAT	
2021-06-24 16:21:10,221 [main] N.2.log 243	171	30	28	SAT	
2021-06-24 16:21:10,355 [main] N.2.log 134	73	15	32	SAT	
2021-06-24 16:21:10,495 [main] N.2.log 139	75	24	28	SAT	
2021-06-24 16:21:10,866 [main] N.2.log 370	265	37	55	SAT	
2021-06-24 16:21:11,045 [main] N.2.log 178	116	20	22	SAT	
2021-06-24 16:21:11,243 [main] N.2.log 198	126	27	30	SAT	
2021-06-24 16:21:11,446 [main] N.2.log 203	126	25	36	SAT	
2021-06-24 16:21:12,009 [main] N.2.log 560	412	56	81	SAT	
2021-06-24 16:21:12,239 [main] N.2.log 230	170	23	23	SAT	
2021-06-24 16:21:12,503 [main] N.2.log 264	210	22	18	SAT	
2021-06-24 16:21:12,700 [main] N.2.log 196	132	26	27	SAT	
2021-06-24 16:21:12,946 [main] N.2.log 246	160	33	39	SAT	
2021-06-24 16:21:13,063 [main] N.2.log 117	62	15	27	SAT	
2021-06-24 16:21:13,210 [main] N.2.log 147	85	21	30	SAT	
2021-06-24 16:21:13,533 [main] N.2.log 323	217	42	51	SAT	
2021-06-24 16:21:13,688 [main] N.2.log 154	56	14	72	SAT	
2021-06-24 16:21:14,005 [main] N.2.log 316	244	34	27	SAT	
