2021-06-22 11:00:45,849 [main] N.0.log 864	302	31	516	SAT	
2021-06-22 11:00:46,461 [main] N.0.log 596	455	63	78	SAT	
2021-06-22 11:00:47,678 [main] N.0.log 1217	421	47	733	SAT	
2021-06-22 11:00:48,194 [main] N.0.log 516	250	46	204	SAT	
2021-06-22 11:00:48,810 [main] N.0.log 616	391	47	163	SAT	
2021-06-22 11:00:49,513 [main] N.0.log 703	296	47	344	SAT	
2021-06-22 11:00:50,172 [main] N.0.log 659	315	47	281	SAT	
2021-06-22 11:00:50,857 [main] N.0.log 685	296	47	326	SAT	
2021-06-22 11:00:51,572 [main] N.0.log 715	250	31	418	SAT	
2021-06-22 11:00:52,219 [main] N.0.log 647	351	46	250	SAT	
2021-06-22 11:00:53,066 [main] N.0.log 847	437	47	347	SAT	
2021-06-22 11:00:53,720 [main] N.0.log 654	420	47	172	SAT	
2021-06-22 11:00:54,558 [main] N.0.log 838	447	63	328	SAT	
2021-06-22 11:00:55,249 [main] N.0.log 691	407	46	223	SAT	
2021-06-22 11:00:56,046 [main] N.0.log 797	391	47	344	SAT	
2021-06-22 11:00:56,510 [main] N.0.log 464	386	47	16	UNSAT	
2021-06-22 11:00:57,166 [main] N.0.log 656	344	31	266	SAT	
2021-06-22 11:00:57,591 [main] N.0.log 425	270	31	109	SAT	
2021-06-22 11:00:58,201 [main] N.0.log 610	344	31	219	SAT	
2021-06-22 11:00:58,782 [main] N.0.log 581	316	47	218	SAT	
2021-06-22 11:00:59,430 [main] N.0.log 648	453	52	143	SAT	
2021-06-22 11:00:59,992 [main] N.0.log 562	313	47	187	SAT	
2021-06-22 11:01:00,619 [main] N.0.log 627	471	47	93	SAT	
2021-06-22 11:01:01,348 [main] N.0.log 729	391	46	276	SAT	
2021-06-22 11:01:01,864 [main] N.0.log 516	406	47	47	SAT	
2021-06-22 11:01:03,031 [main] N.0.log 1167	281	47	839	SAT	
2021-06-22 11:01:03,843 [main] N.0.log 812	344	62	375	SAT	
2021-06-22 11:01:05,521 [main] N.0.log 1678	457	47	1159	SAT	
2021-06-22 11:01:05,974 [main] N.0.log 453	312	47	78	SAT	
2021-06-22 11:01:06,538 [main] N.0.log 564	396	47	121	SAT	
