2021-06-22 16:44:15,244 [main] N.1.log 3894	3425	407	62	UNSAT	
2021-06-22 16:44:24,451 [main] N.1.log 9207	4477	406	4308	SAT	
2021-06-22 16:44:27,619 [main] N.1.log 3168	2808	312	48	UNSAT	
2021-06-22 16:44:29,554 [main] N.1.log 1935	1670	218	32	UNSAT	
2021-06-22 16:44:33,893 [main] N.1.log 4339	3066	312	946	SAT	
2021-06-22 16:44:37,879 [main] N.1.log 3986	2096	297	1578	SAT	
2021-06-22 17:14:41,430 [main] N.1.log 1803551	3125	375	1800036	UNSAT	
2021-06-22 17:44:44,481 [main] N.1.log 1803051	2665	335	1800050	UNSAT	
2021-06-22 17:44:46,755 [main] N.1.log 2273	1933	278	62	UNSAT	
2021-06-22 17:44:54,553 [main] N.1.log 7798	2854	344	4584	SAT	
2021-06-22 17:44:58,708 [main] N.1.log 4155	3689	433	33	UNSAT	
2021-06-22 17:45:05,030 [main] N.1.log 6322	2497	328	3482	SAT	
2021-06-22 17:45:09,133 [main] N.1.log 4103	2096	328	1664	SAT	
2021-06-22 17:45:12,224 [main] N.1.log 3091	2680	347	48	UNSAT	
2021-06-22 17:45:14,451 [main] N.1.log 2227	1904	261	62	UNSAT	
2021-06-22 17:45:17,217 [main] N.1.log 2766	1813	235	718	SAT	
2021-06-22 17:45:19,692 [main] N.1.log 2475	2116	312	31	UNSAT	
2021-06-22 17:45:22,508 [main] N.1.log 2816	2411	357	32	UNSAT	
2021-06-22 17:45:26,904 [main] N.1.log 4396	4002	316	62	UNSAT	
2021-06-22 17:45:29,361 [main] N.1.log 2457	2098	296	63	UNSAT	
2021-06-22 17:45:33,393 [main] N.1.log 4032	3517	438	62	UNSAT	
2021-06-22 17:45:41,931 [main] N.1.log 8538	3124	387	5011	SAT	
2021-06-22 17:45:45,501 [main] N.1.log 3570	3164	344	46	UNSAT	
2021-06-22 17:45:50,992 [main] N.1.log 5491	3925	407	1143	SAT	
2021-06-22 17:45:54,340 [main] N.1.log 3348	2951	319	63	UNSAT	
2021-06-22 17:45:57,858 [main] N.1.log 3518	3096	375	47	UNSAT	
2021-06-22 17:46:00,358 [main] N.1.log 2500	1524	187	773	SAT	
2021-06-22 18:16:03,827 [main] N.1.log 1803469	3143	266	1800044	UNSAT	
2021-06-22 18:16:06,571 [main] N.1.log 2744	2383	297	47	UNSAT	
2021-06-22 18:16:08,203 [main] N.1.log 1632	1351	219	47	UNSAT	
