2021-06-17 16:51:14,591 [main] N.0.log 20719	390	536	19793	SAT	
2021-06-17 16:51:42,291 [main] N.0.log 27685	454	558	26673	SAT	
2021-06-17 16:52:15,851 [main] N.0.log 33560	438	521	32586	SAT	
2021-06-17 16:53:00,069 [main] N.0.log 44218	375	576	43252	SAT	
2021-06-17 16:53:01,290 [main] N.0.log 1221	377	625	203	UNSAT	
2021-06-17 16:53:17,950 [main] N.0.log 16645	375	554	15716	SAT	
2021-06-17 16:53:49,933 [main] N.0.log 31983	380	540	31048	SAT	
2021-06-17 16:53:51,142 [main] N.0.log 1209	438	553	203	UNSAT	
2021-06-17 16:54:29,632 [main] N.0.log 38474	404	566	37504	SAT	
2021-06-17 16:55:00,323 [main] N.0.log 30676	375	561	29724	SAT	
2021-06-17 16:55:34,828 [main] N.0.log 34490	391	645	33454	SAT	
2021-06-17 16:55:35,995 [main] N.0.log 1167	391	542	234	UNSAT	
2021-06-17 16:55:37,195 [main] N.0.log 1183	438	527	218	UNSAT	
2021-06-17 16:55:38,449 [main] N.0.log 1238	391	628	219	UNSAT	
2021-06-17 16:55:39,624 [main] N.0.log 1175	375	565	219	UNSAT	
2021-06-17 16:55:59,226 [main] N.0.log 19602	375	551	18661	SAT	
2021-06-17 16:56:18,038 [main] N.0.log 18796	375	610	17811	SAT	
2021-06-17 16:56:19,229 [main] N.0.log 1175	456	516	203	UNSAT	
2021-06-17 16:56:20,422 [main] N.0.log 1177	391	567	219	UNSAT	
2021-06-17 16:56:59,423 [main] N.0.log 38985	390	623	37972	SAT	
2021-06-17 16:57:21,207 [main] N.0.log 21784	375	559	20834	SAT	
2021-06-17 16:57:22,370 [main] N.0.log 1147	390	538	219	UNSAT	
2021-06-17 16:57:55,462 [main] N.0.log 33092	437	584	32055	SAT	
2021-06-17 16:58:18,537 [main] N.0.log 23075	374	582	22103	SAT	
2021-06-17 16:58:56,844 [main] N.0.log 38307	375	570	37346	SAT	
2021-06-17 16:58:58,009 [main] N.0.log 1165	375	555	219	UNSAT	
2021-06-17 16:59:26,612 [main] N.0.log 28603	375	703	27510	SAT	
2021-06-17 16:59:50,017 [main] N.0.log 23405	421	529	22439	SAT	
2021-06-17 17:00:11,314 [main] N.0.log 21297	375	579	20327	SAT	
2021-06-17 17:00:37,568 [main] N.0.log 26254	375	628	25236	SAT	
2021-06-17 23:46:28,071 [main] N.0.log 40496	804	1053	38450	SAT	
2021-06-17 23:47:11,550 [main] N.0.log 43429	778	611	42026	SAT	
2021-06-17 23:47:52,238 [main] N.0.log 40673	531	630	39496	SAT	
2021-06-17 23:48:22,238 [main] N.0.log 30000	422	726	28837	SAT	
2021-06-17 23:48:23,596 [main] N.0.log 1358	391	686	266	UNSAT	
2021-06-17 23:48:40,062 [main] N.0.log 16451	547	621	15267	SAT	
2021-06-17 23:49:11,821 [main] N.0.log 31759	437	661	30645	SAT	
2021-06-17 23:49:13,220 [main] N.0.log 1399	437	634	312	UNSAT	
2021-06-17 23:49:44,347 [main] N.0.log 31127	531	606	29974	SAT	
2021-06-17 23:50:04,556 [main] N.0.log 20193	484	616	19093	SAT	
2021-06-17 23:50:47,175 [main] N.0.log 42619	390	615	41598	SAT	
2021-06-17 23:50:48,427 [main] N.0.log 1252	406	596	250	UNSAT	
2021-06-17 23:50:49,712 [main] N.0.log 1270	406	646	218	UNSAT	
2021-06-17 23:50:50,985 [main] N.0.log 1257	453	538	266	UNSAT	
2021-06-17 23:50:52,222 [main] N.0.log 1237	453	546	222	UNSAT	
2021-06-17 23:51:42,867 [main] N.0.log 50629	437	680	49512	SAT	
2021-06-17 23:52:08,959 [main] N.0.log 26092	391	592	25094	SAT	
2021-06-17 23:52:10,145 [main] N.0.log 1186	394	574	203	UNSAT	
2021-06-17 23:52:11,415 [main] N.0.log 1254	406	614	234	UNSAT	
2021-06-17 23:52:42,247 [main] N.0.log 30832	453	540	29823	SAT	
2021-06-17 23:53:05,505 [main] N.0.log 23258	391	611	22241	SAT	
2021-06-17 23:53:06,788 [main] N.0.log 1267	390	658	219	UNSAT	
2021-06-17 23:53:38,898 [main] N.0.log 32110	391	580	31124	SAT	
2021-06-17 23:54:01,447 [main] N.0.log 22549	397	576	21560	SAT	
2021-06-17 23:54:19,282 [main] N.0.log 17835	453	586	16780	SAT	
2021-06-17 23:54:20,567 [main] N.0.log 1285	500	550	235	UNSAT	
2021-06-17 23:54:43,798 [main] N.0.log 23231	406	612	22213	SAT	
2021-06-17 23:55:09,588 [main] N.0.log 25790	406	643	24741	SAT	
2021-06-17 23:55:36,975 [main] N.0.log 27387	390	573	26408	SAT	
2021-06-17 23:56:18,049 [main] N.0.log 41074	469	522	40083	SAT	
