2021-06-22 11:03:50,477 [main] N.0.log 5868	1157	156	4540	SAT	
2021-06-22 11:03:55,080 [main] N.0.log 4603	1109	156	3322	SAT	
2021-06-22 11:03:57,087 [main] N.0.log 2007	1210	156	625	SAT	
2021-06-22 11:04:00,524 [main] N.0.log 3436	1117	125	2193	SAT	
2021-06-22 11:04:04,652 [main] N.0.log 4128	1241	172	2699	SAT	
2021-06-22 11:04:07,610 [main] N.0.log 2958	1212	140	1606	SAT	
2021-06-22 11:04:15,162 [main] N.0.log 7552	1181	156	6200	SAT	
2021-06-22 11:04:21,784 [main] N.0.log 6622	1251	171	5184	SAT	
2021-06-22 11:04:25,927 [main] N.0.log 4143	1413	172	2542	SAT	
2021-06-22 11:04:29,290 [main] N.0.log 3363	878	142	2327	SAT	
2021-06-22 11:04:32,084 [main] N.0.log 2794	1074	125	1580	SAT	
2021-06-22 11:04:36,002 [main] N.0.log 3918	1167	172	2563	SAT	
2021-06-22 11:04:39,855 [main] N.0.log 3853	1378	172	2287	SAT	
2021-06-22 11:04:44,808 [main] N.0.log 4953	890	127	3920	SAT	
2021-06-22 11:05:02,791 [main] N.0.log 17983	1164	172	16632	SAT	
2021-06-22 11:05:07,089 [main] N.0.log 4298	1392	187	2703	SAT	
2021-06-22 11:05:16,620 [main] N.0.log 9531	1284	156	8075	SAT	
2021-06-22 11:05:20,562 [main] N.0.log 3942	1312	250	2364	SAT	
2021-06-22 11:05:24,506 [main] N.0.log 3944	1359	172	2397	SAT	
2021-06-22 11:05:29,697 [main] N.0.log 5191	1403	172	3600	SAT	
2021-06-22 11:05:39,748 [main] N.0.log 10051	1447	187	8402	SAT	
2021-06-22 11:05:45,987 [main] N.0.log 6239	1068	156	4984	SAT	
2021-06-22 11:05:58,955 [main] N.0.log 12968	989	126	11853	SAT	
2021-06-22 11:06:02,648 [main] N.0.log 3678	1232	156	2275	SAT	
2021-06-22 11:06:09,482 [main] N.0.log 6834	953	144	5737	SAT	
2021-06-22 11:06:15,098 [main] N.0.log 5616	1370	187	4043	SAT	
2021-06-22 11:06:24,233 [main] N.0.log 9135	1261	172	7670	SAT	
2021-06-22 11:06:27,201 [main] N.0.log 2968	1323	156	1473	SAT	
2021-06-22 11:06:30,511 [main] N.0.log 3310	969	142	2184	SAT	
2021-06-22 11:06:32,014 [main] N.0.log 1503	1190	156	141	UNSAT	
