2021-06-22 10:56:58,273 [main] N.0.log 380	74	19	106	SAT	
2021-06-22 10:56:58,668 [main] N.0.log 391	269	38	58	SAT	
2021-06-22 10:56:58,888 [main] N.0.log 219	132	18	49	SAT	
2021-06-22 10:56:59,011 [main] N.0.log 123	50	21	32	SAT	
2021-06-22 10:56:59,142 [main] N.0.log 131	94	15	11	SAT	
2021-06-22 10:56:59,238 [main] N.0.log 95	51	9	18	SAT	
2021-06-22 10:56:59,373 [main] N.0.log 135	87	12	25	SAT	
2021-06-22 10:56:59,520 [main] N.0.log 147	101	10	28	SAT	
2021-06-22 10:56:59,586 [main] N.0.log 65	31	7	18	SAT	
2021-06-22 10:56:59,792 [main] N.0.log 204	149	17	29	SAT	
2021-06-22 10:56:59,980 [main] N.0.log 187	143	8	24	SAT	
2021-06-22 10:57:00,056 [main] N.0.log 76	34	6	26	SAT	
2021-06-22 10:57:00,214 [main] N.0.log 158	108	12	25	SAT	
2021-06-22 10:57:00,287 [main] N.0.log 73	41	6	11	SAT	
2021-06-22 10:57:00,409 [main] N.0.log 121	84	9	19	SAT	
2021-06-22 10:57:00,462 [main] N.0.log 53	17	5	22	SAT	
2021-06-22 10:57:00,711 [main] N.0.log 249	207	14	18	SAT	
2021-06-22 10:57:00,894 [main] N.0.log 182	133	10	30	SAT	
2021-06-22 10:57:00,967 [main] N.0.log 72	38	6	20	SAT	
2021-06-22 10:57:01,058 [main] N.0.log 91	56	8	18	SAT	
2021-06-22 10:57:01,201 [main] N.0.log 142	106	11	16	SAT	
2021-06-22 10:57:01,240 [main] N.0.log 39	12	3	15	SAT	
2021-06-22 10:57:01,350 [main] N.0.log 110	75	11	16	SAT	
2021-06-22 10:57:01,620 [main] N.0.log 270	221	21	15	SAT	
2021-06-22 10:57:01,689 [main] N.0.log 68	18	7	32	SAT	
2021-06-22 10:57:01,764 [main] N.0.log 75	40	9	17	SAT	
2021-06-22 10:57:01,881 [main] N.0.log 117	82	9	15	SAT	
2021-06-22 10:57:01,951 [main] N.0.log 70	41	6	13	SAT	
2021-06-22 10:57:02,082 [main] N.0.log 131	94	9	15	SAT	
2021-06-22 10:57:02,161 [main] N.0.log 78	33	6	29	SAT	
2021-06-24 10:34:35,937 [main] N.0.log 391	77	27	95	SAT	
2021-06-24 10:34:36,345 [main] N.0.log 403	268	34	71	SAT	
2021-06-24 10:34:36,560 [main] N.0.log 215	123	20	50	SAT	
2021-06-24 10:34:36,681 [main] N.0.log 121	56	23	23	SAT	
2021-06-24 10:34:36,869 [main] N.0.log 188	145	14	11	SAT	
2021-06-24 10:34:36,971 [main] N.0.log 101	56	8	19	SAT	
2021-06-24 10:34:37,105 [main] N.0.log 134	84	11	24	SAT	
2021-06-24 10:34:37,252 [main] N.0.log 147	100	12	26	SAT	
2021-06-24 10:34:37,316 [main] N.0.log 64	30	8	17	SAT	
2021-06-24 10:34:37,515 [main] N.0.log 198	152	13	19	SAT	
2021-06-24 10:34:37,693 [main] N.0.log 178	136	10	21	SAT	
2021-06-24 10:34:37,773 [main] N.0.log 79	42	7	21	SAT	
2021-06-24 10:34:37,912 [main] N.0.log 139	96	14	20	SAT	
2021-06-24 10:34:37,979 [main] N.0.log 67	39	8	11	SAT	
2021-06-24 10:34:38,099 [main] N.0.log 120	86	8	17	SAT	
2021-06-24 10:34:38,153 [main] N.0.log 54	13	4	28	SAT	
2021-06-24 10:34:38,345 [main] N.0.log 192	151	16	16	SAT	
2021-06-24 10:34:38,584 [main] N.0.log 239	189	15	24	SAT	
2021-06-24 10:34:38,692 [main] N.0.log 108	64	11	21	SAT	
2021-06-24 10:34:38,779 [main] N.0.log 87	55	7	16	SAT	
