2021-06-22 12:11:32,573 [main] N.0.log 478	344	25	86	SAT	
2021-06-22 12:11:32,890 [main] N.0.log 317	273	19	11	UNSAT	
2021-06-22 12:11:34,360 [main] N.0.log 1469	362	23	1070	SAT	
2021-06-22 12:11:35,280 [main] N.0.log 919	348	22	535	SAT	
2021-06-22 12:11:35,671 [main] N.0.log 390	305	18	53	SAT	
2021-06-22 12:11:41,066 [main] N.0.log 5395	181	16	5184	SAT	
2021-06-22 12:11:42,184 [main] N.0.log 1117	338	26	739	SAT	
2021-06-22 12:11:43,240 [main] N.0.log 1056	328	22	692	SAT	
2021-06-22 12:11:44,676 [main] N.0.log 1436	328	19	1075	SAT	
2021-06-22 12:11:45,122 [main] N.0.log 443	285	17	128	SAT	
2021-06-22 12:11:45,574 [main] N.0.log 452	378	23	38	SAT	
2021-06-22 12:11:45,988 [main] N.0.log 414	363	18	18	SAT	
2021-06-22 12:11:46,583 [main] N.0.log 595	354	22	204	SAT	
2021-06-22 12:11:47,126 [main] N.0.log 542	366	22	139	SAT	
2021-06-22 12:11:47,826 [main] N.0.log 699	344	25	317	SAT	
2021-06-22 12:11:48,219 [main] N.0.log 393	282	17	80	SAT	
2021-06-22 12:11:48,786 [main] N.0.log 567	351	24	163	SAT	
2021-06-22 12:11:49,220 [main] N.0.log 434	312	23	85	SAT	
2021-06-22 12:11:49,566 [main] N.0.log 346	302	20	10	UNSAT	
2021-06-22 12:11:50,320 [main] N.0.log 754	242	17	481	SAT	
2021-06-22 12:11:50,779 [main] N.0.log 459	365	24	56	SAT	
2021-06-22 12:11:51,188 [main] N.0.log 409	341	22	32	SAT	
2021-06-22 12:11:51,663 [main] N.0.log 475	377	26	59	SAT	
2021-06-22 12:11:52,122 [main] N.0.log 459	369	27	49	SAT	
2021-06-22 12:11:52,656 [main] N.0.log 533	354	22	143	SAT	
2021-06-22 12:11:53,061 [main] N.0.log 405	360	24	8	UNSAT	
2021-06-22 12:11:53,440 [main] N.0.log 379	240	24	101	SAT	
2021-06-22 12:11:54,292 [main] N.0.log 851	306	23	509	SAT	
2021-06-22 12:11:54,689 [main] N.0.log 396	310	26	45	SAT	
2021-06-22 12:11:55,078 [main] N.0.log 388	294	18	62	SAT	
