2021-06-23 20:53:05,543 [main] N.1.log 43847	5341	912	37594	SAT	
2021-06-23 20:58:16,654 [main] N.1.log 311111	9712	1492	299891	SAT	
2021-06-23 21:03:17,133 [main] N.1.log 300479	9505	1519	289439	SAT	
2021-06-23 21:04:42,111 [main] N.1.log 84978	12506	2001	70471	SAT	
2021-06-23 21:06:18,564 [main] N.1.log 96453	7313	1350	87790	SAT	
2021-06-23 21:13:19,606 [main] N.1.log 421042	9167	1515	410344	SAT	
2021-06-23 21:17:04,821 [main] N.1.log 225215	9591	1367	214225	SAT	
2021-06-23 21:47:16,571 [main] N.1.log 1811750	9304	1629	1800801	UNSAT	
2021-06-23 21:53:07,669 [main] N.1.log 351098	8796	1215	341072	SAT	
2021-06-23 22:05:03,374 [main] N.1.log 715705	7038	1432	707219	SAT	
2021-06-23 22:16:12,700 [main] N.1.log 669326	9362	1586	658378	SAT	
2021-06-23 22:29:21,546 [main] N.1.log 788846	12584	2252	773979	SAT	
2021-06-23 22:31:07,260 [main] N.1.log 105714	12311	1192	92195	SAT	
2021-06-23 22:35:39,810 [main] N.1.log 272550	8315	1420	262799	SAT	
2021-06-23 22:47:37,658 [main] N.1.log 717848	8086	1476	708270	SAT	
2021-06-23 23:17:56,365 [main] N.1.log 1818706	13150	1843	1803699	UNSAT	
2021-06-23 23:48:07,735 [main] N.1.log 1811370	8873	1586	1800896	UNSAT	
2021-06-24 00:18:19,252 [main] N.1.log 1811516	9302	1048	1801165	UNSAT	
2021-06-24 00:23:59,849 [main] N.1.log 340597	10978	1847	327755	SAT	
2021-06-24 00:54:13,251 [main] N.1.log 1813402	10931	1759	1800697	UNSAT	
2021-06-24 01:06:13,408 [main] N.1.log 720156	12559	2042	705554	SAT	
2021-06-24 01:11:37,765 [main] N.1.log 324357	8388	1494	314459	SAT	
2021-06-24 01:42:01,195 [main] N.1.log 1823430	8814	1498	1813103	UNSAT	
2021-06-24 01:45:08,422 [main] N.1.log 187227	8875	1021	177315	SAT	
2021-06-24 01:50:09,373 [main] N.1.log 300951	9330	1592	290014	SAT	
2021-06-24 02:20:20,022 [main] N.1.log 1810649	8551	1314	1800768	UNSAT	
2021-06-24 02:50:30,380 [main] N.1.log 1810358	8546	976	1800821	UNSAT	
2021-06-24 02:51:55,096 [main] N.1.log 84716	11789	1858	71068	SAT	
2021-06-24 02:55:03,555 [main] N.1.log 188459	9686	1455	177302	SAT	
2021-06-24 03:25:28,072 [main] N.1.log 1824517	9726	1915	1812861	UNSAT	
