2021-06-22 18:48:03,785 [main] N.1.log 3075	2654	343	32	UNSAT	
2021-06-22 18:48:09,505 [main] N.1.log 5720	3611	344	1734	SAT	
2021-06-22 18:48:12,618 [main] N.1.log 3113	2147	250	685	SAT	
2021-06-22 18:48:18,340 [main] N.1.log 5722	4862	470	359	SAT	
2021-06-22 18:48:21,346 [main] N.1.log 3006	2647	297	31	UNSAT	
2021-06-22 18:48:24,159 [main] N.1.log 2813	1317	245	1220	SAT	
2021-06-22 18:48:27,780 [main] N.1.log 3606	3168	390	32	UNSAT	
2021-06-22 18:48:28,627 [main] N.1.log 847	676	140	16	UNSAT	
2021-06-22 18:48:31,252 [main] N.1.log 2625	2313	250	31	UNSAT	
2021-06-22 18:48:34,115 [main] N.1.log 2847	1986	204	625	SAT	
2021-06-22 18:48:37,179 [main] N.1.log 3064	2705	328	16	UNSAT	
2021-06-22 18:48:40,006 [main] N.1.log 2827	2171	281	328	SAT	
2021-06-22 18:48:41,977 [main] N.1.log 1971	1675	187	78	SAT	
2021-06-22 18:48:44,880 [main] N.1.log 2903	2560	297	15	UNSAT	
2021-06-22 18:48:49,502 [main] N.1.log 4622	4012	469	109	SAT	
2021-06-22 18:48:52,278 [main] N.1.log 2776	2291	281	188	SAT	
2021-06-22 18:48:55,738 [main] N.1.log 3460	2561	297	571	SAT	
2021-06-22 18:49:03,081 [main] N.1.log 7343	6644	635	33	UNSAT	
2021-06-22 18:49:12,852 [main] N.1.log 9771	8578	728	450	SAT	
2021-06-22 18:49:16,629 [main] N.1.log 3777	3059	344	343	SAT	
2021-06-22 18:49:19,977 [main] N.1.log 3348	2691	328	297	SAT	
2021-06-22 18:49:22,887 [main] N.1.log 2907	2500	343	32	UNSAT	
2021-06-22 18:49:27,918 [main] N.1.log 5031	4484	406	110	SAT	
2021-06-22 18:49:32,180 [main] N.1.log 4262	3762	438	31	UNSAT	
2021-06-22 18:49:36,019 [main] N.1.log 3839	3418	359	31	UNSAT	
2021-06-22 18:49:38,243 [main] N.1.log 2224	1888	273	31	UNSAT	
2021-06-22 18:49:41,267 [main] N.1.log 3024	2634	328	31	UNSAT	
2021-06-22 18:49:42,463 [main] N.1.log 1196	790	125	250	SAT	
2021-06-22 18:49:44,711 [main] N.1.log 2248	1804	265	148	SAT	
2021-06-22 18:49:47,136 [main] N.1.log 2425	2019	344	31	UNSAT	
