2021-06-22 12:31:28,630 [main] N.1.log 381	69	20	104	SAT	
2021-06-22 12:31:28,999 [main] N.1.log 366	240	33	63	SAT	
2021-06-22 12:31:29,155 [main] N.1.log 155	68	16	44	SAT	
2021-06-22 12:31:29,241 [main] N.1.log 85	21	19	32	SAT	
2021-06-22 12:31:29,420 [main] N.1.log 179	130	25	12	SAT	
2021-06-22 12:31:29,554 [main] N.1.log 134	83	14	19	SAT	
2021-06-22 12:31:29,686 [main] N.1.log 131	81	13	27	SAT	
2021-06-22 12:31:29,850 [main] N.1.log 164	111	11	26	SAT	
2021-06-22 12:31:29,917 [main] N.1.log 67	33	7	19	SAT	
2021-06-22 12:31:30,119 [main] N.1.log 200	157	13	21	SAT	
2021-06-22 12:31:30,278 [main] N.1.log 159	113	11	25	SAT	
2021-06-22 12:31:30,356 [main] N.1.log 78	38	7	22	SAT	
2021-06-22 12:31:30,501 [main] N.1.log 144	99	13	20	SAT	
2021-06-22 12:31:30,572 [main] N.1.log 71	36	10	16	SAT	
2021-06-22 12:31:30,690 [main] N.1.log 118	81	10	16	SAT	
2021-06-22 12:31:30,748 [main] N.1.log 58	17	4	28	SAT	
2021-06-22 12:31:30,947 [main] N.1.log 199	160	15	15	SAT	
2021-06-22 12:31:31,191 [main] N.1.log 243	193	17	23	SAT	
2021-06-22 12:31:31,300 [main] N.1.log 108	63	13	23	SAT	
2021-06-22 12:31:31,385 [main] N.1.log 84	53	7	16	SAT	
2021-06-22 12:31:31,486 [main] N.1.log 101	69	8	14	SAT	
2021-06-22 12:31:31,528 [main] N.1.log 41	12	4	16	SAT	
2021-06-22 12:31:31,637 [main] N.1.log 109	71	11	16	SAT	
2021-06-22 12:31:31,815 [main] N.1.log 178	143	14	12	SAT	
2021-06-22 12:31:31,890 [main] N.1.log 75	24	12	30	SAT	
2021-06-22 12:31:31,964 [main] N.1.log 74	36	8	17	SAT	
2021-06-22 12:31:32,076 [main] N.1.log 111	77	10	15	SAT	
2021-06-22 12:31:32,141 [main] N.1.log 65	37	6	13	SAT	
2021-06-22 12:31:32,258 [main] N.1.log 117	85	8	13	SAT	
2021-06-22 12:31:32,331 [main] N.1.log 72	28	6	29	SAT	
