2021-06-22 10:58:58,175 [main] N.0.log 1201	172	15	998	SAT	
2021-06-22 10:58:59,159 [main] N.0.log 984	187	16	750	SAT	
2021-06-22 10:59:00,064 [main] N.0.log 898	241	31	610	SAT	
2021-06-22 10:59:10,412 [main] N.0.log 10348	252	15	10066	SAT	
2021-06-22 10:59:11,436 [main] N.0.log 1024	203	47	742	SAT	
2021-06-22 10:59:12,076 [main] N.0.log 640	266	15	328	SAT	
2021-06-22 10:59:13,333 [main] N.0.log 1257	234	32	975	SAT	
2021-06-22 10:59:14,176 [main] N.0.log 843	187	32	593	SAT	
2021-06-22 10:59:15,337 [main] N.0.log 1161	192	16	937	SAT	
2021-06-22 10:59:15,998 [main] N.0.log 656	234	31	375	SAT	
2021-06-22 10:59:20,166 [main] N.0.log 4168	172	31	3934	SAT	
2021-06-22 10:59:21,277 [main] N.0.log 1111	188	31	877	SAT	
2021-06-22 10:59:22,364 [main] N.0.log 1087	219	15	822	SAT	
2021-06-22 10:59:23,458 [main] N.0.log 1094	265	31	782	SAT	
2021-06-22 10:59:24,348 [main] N.0.log 890	250	46	578	SAT	
2021-06-22 10:59:25,305 [main] N.0.log 957	222	16	687	SAT	
2021-06-22 10:59:25,949 [main] N.0.log 644	128	16	469	SAT	
2021-06-22 10:59:26,509 [main] N.0.log 560	156	16	357	SAT	
2021-06-22 10:59:27,446 [main] N.0.log 937	266	31	609	SAT	
2021-06-22 10:59:28,245 [main] N.0.log 799	252	31	500	SAT	
2021-06-22 10:59:29,638 [main] N.0.log 1393	286	47	1029	SAT	
2021-06-22 10:59:30,434 [main] N.0.log 796	125	16	640	SAT	
2021-06-22 11:00:16,089 [main] N.0.log 45655	239	15	45385	SAT	
2021-06-22 11:00:17,253 [main] N.0.log 1164	265	32	836	SAT	
2021-06-22 11:00:36,659 [main] N.0.log 19406	203	31	19140	SAT	
2021-06-22 11:00:38,002 [main] N.0.log 1343	172	16	1124	SAT	
2021-06-22 11:00:39,204 [main] N.0.log 1202	279	31	877	SAT	
2021-06-22 11:00:42,060 [main] N.0.log 2856	203	31	2607	SAT	
2021-06-22 11:00:44,140 [main] N.0.log 2080	281	32	1736	SAT	
2021-06-22 11:00:44,954 [main] N.0.log 814	298	32	453	SAT	
