2021-06-22 11:36:44,942 [main] N.0.log 1800437	334	31	1800056	UNSAT	
2021-06-22 11:36:45,583 [main] N.0.log 641	453	32	140	SAT	
2021-06-22 11:36:46,372 [main] N.0.log 789	297	47	445	SAT	
2021-06-22 11:36:47,091 [main] N.0.log 719	344	47	328	SAT	
2021-06-22 12:06:47,508 [main] N.0.log 1800417	363	47	1800007	UNSAT	
2021-06-22 12:11:22,503 [main] N.0.log 904	509	63	148	SAT	
2021-06-22 12:11:23,028 [main] N.0.log 522	420	21	50	SAT	
2021-06-22 12:11:23,338 [main] N.0.log 309	217	27	43	SAT	
2021-06-22 12:11:23,613 [main] N.0.log 275	207	21	31	SAT	
2021-06-22 12:11:23,924 [main] N.0.log 309	245	17	31	SAT	
2021-06-22 12:11:24,293 [main] N.0.log 369	249	20	85	SAT	
2021-06-22 12:11:24,789 [main] N.0.log 495	440	20	19	SAT	
2021-06-22 12:11:25,026 [main] N.0.log 236	186	16	19	SAT	
2021-06-22 12:11:25,345 [main] N.0.log 318	256	24	22	SAT	
2021-06-22 12:11:25,669 [main] N.0.log 324	275	22	14	SAT	
2021-06-22 12:11:25,962 [main] N.0.log 292	221	27	31	SAT	
2021-06-22 12:11:26,542 [main] N.0.log 579	512	28	22	SAT	
2021-06-22 12:11:27,065 [main] N.0.log 522	452	19	36	SAT	
2021-06-22 12:11:27,379 [main] N.0.log 314	253	18	29	SAT	
2021-06-22 12:11:27,563 [main] N.0.log 184	140	11	21	SAT	
2021-06-22 12:11:27,849 [main] N.0.log 285	222	17	31	SAT	
2021-06-22 12:11:28,080 [main] N.0.log 231	163	11	44	SAT	
2021-06-22 12:11:28,312 [main] N.0.log 231	170	13	35	SAT	
2021-06-22 12:11:28,561 [main] N.0.log 249	197	16	23	SAT	
2021-06-22 12:11:28,880 [main] N.0.log 319	245	18	33	SAT	
2021-06-22 12:11:29,292 [main] N.0.log 411	345	25	27	SAT	
2021-06-22 12:11:29,681 [main] N.0.log 388	328	13	33	SAT	
2021-06-22 12:11:29,955 [main] N.0.log 274	205	16	39	SAT	
2021-06-22 12:11:30,171 [main] N.0.log 216	159	12	32	SAT	
2021-06-22 12:11:30,465 [main] N.0.log 294	250	16	16	SAT	
2021-06-22 12:11:30,833 [main] N.0.log 367	320	18	17	SAT	
2021-06-22 12:11:31,068 [main] N.0.log 235	168	14	39	SAT	
2021-06-22 12:11:31,360 [main] N.0.log 291	249	15	14	SAT	
2021-06-22 12:11:31,691 [main] N.0.log 330	281	18	19	SAT	
2021-06-22 12:11:32,011 [main] N.0.log 319	275	15	14	SAT	
