2021-06-24 10:34:40,560 [main] N.1.log 95	53	6	18	SAT	
2021-06-24 10:34:40,681 [main] N.1.log 120	70	15	17	SAT	
2021-06-24 10:34:40,760 [main] N.1.log 79	48	6	14	SAT	
2021-06-24 10:34:40,831 [main] N.1.log 71	39	5	15	SAT	
2021-06-24 10:34:40,874 [main] N.1.log 42	15	3	13	SAT	
2021-06-24 10:34:40,922 [main] N.1.log 48	20	4	13	SAT	
2021-06-24 10:34:40,997 [main] N.1.log 75	43	5	16	SAT	
2021-06-24 10:34:41,064 [main] N.1.log 67	36	6	11	SAT	
2021-06-24 10:34:41,174 [main] N.1.log 110	77	8	12	SAT	
2021-06-24 10:34:41,255 [main] N.1.log 81	51	8	11	SAT	
2021-06-24 10:34:41,339 [main] N.1.log 82	48	6	16	SAT	
2021-06-24 10:34:41,403 [main] N.1.log 64	35	5	10	SAT	
2021-06-24 10:34:41,479 [main] N.1.log 76	43	6	13	SAT	
2021-06-24 10:34:41,570 [main] N.1.log 91	44	6	19	SAT	
2021-06-24 10:34:41,679 [main] N.1.log 108	71	10	14	SAT	
2021-06-24 10:34:41,720 [main] N.1.log 40	8	3	17	SAT	
2021-06-24 10:34:41,759 [main] N.1.log 39	10	3	14	SAT	
2021-06-24 10:34:41,824 [main] N.1.log 65	34	5	13	SAT	
2021-06-24 10:34:41,874 [main] N.1.log 50	21	4	14	SAT	
2021-06-24 10:34:41,938 [main] N.1.log 64	34	5	13	SAT	
