2021-06-22 11:01:08,372 [main] N.0.log 1803	531	78	1178	SAT	
2021-06-22 11:01:09,712 [main] N.0.log 1340	703	78	544	SAT	
2021-06-22 11:01:10,618 [main] N.0.log 906	453	47	390	SAT	
2021-06-22 11:01:12,716 [main] N.0.log 2098	550	63	1469	SAT	
2021-06-22 11:01:14,174 [main] N.0.log 1458	656	78	708	SAT	
2021-06-22 11:01:15,506 [main] N.0.log 1332	546	63	707	SAT	
2021-06-22 11:01:17,523 [main] N.0.log 2017	562	78	1361	SAT	
2021-06-22 11:01:18,836 [main] N.0.log 1313	547	62	688	SAT	
2021-06-22 11:01:19,885 [main] N.0.log 1049	625	78	331	SAT	
2021-06-22 11:01:21,064 [main] N.0.log 1179	547	62	554	SAT	
2021-06-22 11:01:23,214 [main] N.0.log 2150	646	78	1410	SAT	
2021-06-22 11:01:24,599 [main] N.0.log 1385	578	47	744	SAT	
2021-06-22 11:01:25,669 [main] N.0.log 1070	640	63	351	SAT	
2021-06-22 11:01:26,912 [main] N.0.log 1243	682	78	467	SAT	
2021-06-22 11:01:27,693 [main] N.0.log 781	531	63	172	SAT	
2021-06-22 11:01:30,982 [main] N.0.log 3289	632	78	2564	SAT	
2021-06-22 11:01:32,163 [main] N.0.log 1181	574	63	529	SAT	
2021-06-22 11:01:33,090 [main] N.0.log 927	646	78	187	SAT	
2021-06-22 11:01:34,327 [main] N.0.log 1237	471	78	672	SAT	
2021-06-22 11:01:35,076 [main] N.0.log 749	406	78	250	SAT	
2021-06-22 11:01:36,338 [main] N.0.log 1262	648	63	535	SAT	
2021-06-22 11:01:37,503 [main] N.0.log 1157	672	78	406	SAT	
2021-06-22 11:01:38,839 [main] N.0.log 1336	469	63	789	SAT	
2021-06-22 11:01:42,686 [main] N.0.log 3847	515	63	3253	SAT	
2021-06-22 11:01:43,482 [main] N.0.log 796	546	79	171	SAT	
2021-06-22 11:01:44,573 [main] N.0.log 1091	544	62	469	SAT	
2021-06-22 11:01:45,404 [main] N.0.log 831	518	63	234	SAT	
2021-06-22 11:01:47,043 [main] N.0.log 1639	788	93	758	SAT	
2021-06-22 11:01:49,440 [main] N.0.log 2397	688	62	1632	SAT	
2021-06-22 11:01:53,958 [main] N.0.log 4518	625	63	3815	SAT	
