2021-07-02 08:41:16,126 [main] N.5.log 172	125	16	31	SAT	
2021-07-02 08:41:16,251 [main] N.5.log 110	63	16	31	SAT	
2021-07-02 08:41:16,298 [main] N.5.log 47	31	0	16	SAT	
2021-07-02 08:41:16,391 [main] N.5.log 93	32	0	46	SAT	
2021-07-02 08:41:16,454 [main] N.5.log 63	32	0	31	SAT	
2021-07-02 08:41:16,501 [main] N.5.log 47	31	0	16	SAT	
2021-07-02 08:41:16,595 [main] N.5.log 94	16	0	63	SAT	
2021-07-02 08:41:16,657 [main] N.5.log 62	16	0	31	SAT	
2021-07-02 08:41:16,738 [main] N.5.log 81	34	15	16	SAT	
2021-07-02 08:41:16,800 [main] N.5.log 62	31	0	31	SAT	
2021-07-02 08:41:16,919 [main] N.5.log 119	78	18	7	SAT	
2021-07-02 08:41:17,060 [main] N.5.log 141	78	15	32	SAT	
2021-07-02 08:41:17,107 [main] N.5.log 47	15	16	16	SAT	
2021-07-02 08:41:17,153 [main] N.5.log 46	0	16	15	SAT	
2021-07-02 08:41:17,254 [main] N.5.log 101	63	0	38	SAT	
2021-07-02 08:41:17,338 [main] N.5.log 84	31	0	47	SAT	
2021-07-02 08:41:17,416 [main] N.5.log 78	62	0	16	SAT	
2021-07-02 08:41:17,478 [main] N.5.log 47	16	16	15	SAT	
2021-07-02 08:41:17,572 [main] N.5.log 94	31	16	31	SAT	
2021-07-02 08:41:17,650 [main] N.5.log 78	47	15	16	SAT	
2021-07-02 08:41:17,706 [main] N.5.log 56	15	0	25	SAT	
2021-07-02 08:41:17,784 [main] N.5.log 78	47	16	15	SAT	
2021-07-02 08:41:17,878 [main] N.5.log 94	47	0	31	SAT	
2021-07-02 08:41:17,956 [main] N.5.log 78	63	0	15	SAT	
2021-07-02 08:41:18,159 [main] N.5.log 203	156	16	15	SAT	
2021-07-02 08:41:18,253 [main] N.5.log 94	47	0	31	SAT	
2021-07-02 08:41:18,347 [main] N.5.log 94	62	0	16	SAT	
2021-07-02 08:41:18,456 [main] N.5.log 109	63	0	31	SAT	
2021-07-02 08:41:18,519 [main] N.5.log 63	15	0	32	SAT	
2021-07-02 08:41:18,612 [main] N.5.log 93	47	16	15	SAT	
