2021-06-22 20:14:03,919 [main] N.1.log 2504	2097	297	94	UNSAT	
2021-06-22 20:14:05,833 [main] N.1.log 1914	1602	235	62	UNSAT	
2021-06-22 20:19:34,346 [main] N.1.log 328513	1190	203	327104	SAT	
2021-06-22 20:19:36,468 [main] N.1.log 2122	1721	293	93	UNSAT	
2021-06-22 20:19:38,378 [main] N.1.log 1910	1582	250	62	UNSAT	
2021-06-22 20:19:39,430 [main] N.1.log 1052	864	125	47	UNSAT	
2021-06-22 20:19:45,767 [main] N.1.log 6325	1008	172	5143	SAT	
2021-06-22 20:19:46,811 [main] N.1.log 1044	844	136	48	UNSAT	
2021-06-22 20:49:48,253 [main] N.1.log 1801442	1027	188	1800211	UNSAT	
2021-06-22 21:19:50,060 [main] N.1.log 1801805	1476	250	1800079	UNSAT	
2021-06-22 21:19:52,119 [main] N.1.log 2059	1714	282	62	UNSAT	
2021-06-22 21:20:00,968 [main] N.1.log 8839	1682	265	6891	SAT	
2021-06-22 21:20:03,477 [main] N.1.log 2509	2088	297	109	UNSAT	
2021-06-22 21:20:10,945 [main] N.1.log 7468	1631	235	5586	SAT	
2021-06-22 21:20:46,682 [main] N.1.log 35737	1862	290	33569	SAT	
2021-06-22 21:21:00,640 [main] N.1.log 13958	2318	265	11375	SAT	
2021-06-22 21:21:02,376 [main] N.1.log 1736	1378	250	93	UNSAT	
2021-06-22 21:21:04,369 [main] N.1.log 1993	1649	250	78	UNSAT	
2021-06-22 21:51:06,556 [main] N.1.log 1802187	1801	281	1800074	UNSAT	
2021-06-22 21:51:30,049 [main] N.1.log 23493	2438	328	20726	SAT	
2021-06-22 21:51:32,357 [main] N.1.log 2308	1964	281	63	UNSAT	
2021-06-22 21:51:37,227 [main] N.1.log 4870	1089	172	3594	SAT	
2021-06-22 22:21:39,760 [main] N.1.log 1802533	2038	359	1800120	UNSAT	
2021-06-22 22:21:47,182 [main] N.1.log 7422	2360	328	4733	SAT	
2021-06-22 22:22:01,687 [main] N.1.log 14505	1987	287	12199	SAT	
2021-06-22 22:22:11,819 [main] N.1.log 10132	1647	249	8220	SAT	
2021-06-22 22:52:14,243 [main] N.1.log 1802424	2045	281	1800082	UNSAT	
2021-06-22 22:55:55,394 [main] N.1.log 221151	1592	250	219308	SAT	
2021-06-22 22:56:03,872 [main] N.1.log 8478	1180	171	7111	SAT	
2021-06-22 22:56:15,598 [main] N.1.log 11726	1821	282	9623	SAT	
