2021-06-22 18:16:11,403 [main] N.1.log 3151	2255	297	583	SAT	
2021-06-22 18:16:15,241 [main] N.1.log 3838	3057	344	406	SAT	
2021-06-22 18:46:17,932 [main] N.1.log 1802691	2326	312	1800037	UNSAT	
2021-06-22 18:46:22,961 [main] N.1.log 5029	4512	484	16	UNSAT	
2021-06-22 18:46:26,560 [main] N.1.log 3599	3201	321	46	UNSAT	
2021-06-22 18:46:30,833 [main] N.1.log 4273	3819	407	31	UNSAT	
2021-06-22 18:46:36,214 [main] N.1.log 5381	4819	500	31	UNSAT	
2021-06-22 18:46:38,940 [main] N.1.log 2726	2336	328	31	UNSAT	
2021-06-22 18:46:45,600 [main] N.1.log 6660	5887	515	226	SAT	
2021-06-22 18:46:47,030 [main] N.1.log 1430	1227	157	31	UNSAT	
2021-06-22 18:46:51,631 [main] N.1.log 4601	3652	438	495	SAT	
2021-06-22 18:46:56,359 [main] N.1.log 4727	2728	347	1635	SAT	
2021-06-22 18:46:59,422 [main] N.1.log 3063	2657	328	47	UNSAT	
2021-06-22 18:47:00,080 [main] N.1.log 658	531	94	16	UNSAT	
2021-06-22 18:47:03,040 [main] N.1.log 2960	2554	360	31	UNSAT	
2021-06-22 18:47:04,944 [main] N.1.log 1904	1608	249	32	UNSAT	
2021-06-22 18:47:09,211 [main] N.1.log 4267	3829	375	32	UNSAT	
2021-06-22 18:47:12,204 [main] N.1.log 2993	2681	250	31	UNSAT	
2021-06-22 18:47:16,579 [main] N.1.log 4375	3886	422	51	UNSAT	
2021-06-22 18:47:22,876 [main] N.1.log 6297	4558	536	1194	SAT	
2021-06-22 18:47:26,220 [main] N.1.log 3344	2911	361	41	UNSAT	
2021-06-22 18:47:31,024 [main] N.1.log 4804	3134	359	1296	SAT	
2021-06-22 18:47:36,272 [main] N.1.log 5248	4689	527	16	UNSAT	
2021-06-22 18:47:42,324 [main] N.1.log 6052	4856	569	596	SAT	
2021-06-22 18:47:45,379 [main] N.1.log 3055	2632	360	47	UNSAT	
2021-06-22 18:47:48,940 [main] N.1.log 3561	3121	376	33	UNSAT	
2021-06-22 18:47:50,339 [main] N.1.log 1399	1150	203	15	UNSAT	
2021-06-22 18:47:51,940 [main] N.1.log 1601	1335	203	32	UNSAT	
2021-06-22 18:47:56,718 [main] N.1.log 4777	4225	487	47	UNSAT	
2021-06-22 18:48:00,663 [main] N.1.log 3945	3047	380	487	SAT	
