2021-07-02 08:41:12,183 [main] N.0.log 46	16	0	15	SAT	
2021-07-02 08:41:12,230 [main] N.0.log 47	16	15	0	SAT	
2021-07-02 08:41:12,262 [main] N.0.log 32	16	0	0	SAT	
2021-07-02 08:41:12,293 [main] N.0.log 16	0	16	0	SAT	
2021-07-02 08:41:12,324 [main] N.0.log 31	0	0	16	SAT	
2021-07-02 08:41:12,355 [main] N.0.log 31	16	0	15	SAT	
2021-07-02 08:41:12,387 [main] N.0.log 32	16	0	16	SAT	
2021-07-02 08:41:12,418 [main] N.0.log 31	0	0	16	SAT	
2021-07-02 08:41:12,449 [main] N.0.log 31	15	0	16	SAT	
2021-07-02 08:41:12,465 [main] N.0.log 16	16	0	0	SAT	
2021-07-02 08:41:12,496 [main] N.0.log 16	16	0	0	SAT	
2021-07-02 08:41:12,527 [main] N.0.log 31	15	0	0	SAT	
2021-07-02 08:41:12,558 [main] N.0.log 31	0	0	15	SAT	
2021-07-02 08:41:12,590 [main] N.0.log 32	16	0	16	SAT	
2021-07-02 08:41:12,621 [main] N.0.log 31	15	0	16	SAT	
2021-07-02 08:41:12,652 [main] N.0.log 31	16	0	15	SAT	
2021-07-02 08:41:12,677 [main] N.0.log 25	0	0	25	SAT	
2021-07-02 08:41:12,709 [main] N.0.log 32	16	0	16	SAT	
2021-07-02 08:41:12,724 [main] N.0.log 15	0	0	15	SAT	
2021-07-02 08:41:12,756 [main] N.0.log 32	0	0	16	SAT	
2021-07-02 08:41:12,771 [main] N.0.log 15	15	0	0	SAT	
2021-07-02 08:41:12,802 [main] N.0.log 31	0	0	15	SAT	
2021-07-02 08:41:12,834 [main] N.0.log 32	16	0	16	SAT	
2021-07-02 08:41:12,849 [main] N.0.log 15	0	15	0	SAT	
2021-07-02 08:41:12,880 [main] N.0.log 31	0	0	15	SAT	
2021-07-02 08:41:12,927 [main] N.0.log 47	32	0	15	SAT	
2021-07-02 08:41:12,943 [main] N.0.log 16	16	0	0	SAT	
2021-07-02 08:41:12,990 [main] N.0.log 31	15	0	16	SAT	
2021-07-02 08:41:13,005 [main] N.0.log 15	0	15	0	SAT	
2021-07-02 08:41:13,037 [main] N.0.log 32	0	16	0	SAT	
