2021-07-02 08:41:18,851 [main] N.0.log 207	176	16	0	SAT	
2021-07-02 08:41:18,976 [main] N.0.log 125	94	0	16	SAT	
2021-07-02 08:41:19,054 [main] N.0.log 78	47	16	0	SAT	
2021-07-02 08:41:19,132 [main] N.0.log 78	46	0	16	SAT	
2021-07-02 08:41:19,194 [main] N.0.log 62	47	0	15	SAT	
2021-07-02 08:41:19,288 [main] N.0.log 94	47	16	15	SAT	
2021-07-02 08:41:19,476 [main] N.0.log 188	156	16	16	SAT	
2021-07-02 08:41:19,616 [main] N.0.log 140	109	16	15	SAT	
2021-07-02 08:41:19,731 [main] N.0.log 115	100	15	0	SAT	
2021-07-02 08:41:19,809 [main] N.0.log 62	47	15	0	SAT	
2021-07-02 08:41:19,950 [main] N.0.log 141	109	16	0	SAT	
2021-07-02 08:41:20,106 [main] N.0.log 156	109	15	16	SAT	
2021-07-02 08:41:20,184 [main] N.0.log 78	47	16	15	SAT	
2021-07-02 08:41:20,420 [main] N.0.log 236	205	31	0	SAT	
2021-07-02 08:41:20,576 [main] N.0.log 156	125	16	0	SAT	
2021-07-02 08:41:20,685 [main] N.0.log 109	62	16	15	SAT	
2021-07-02 08:41:20,786 [main] N.0.log 101	85	0	16	SAT	
2021-07-02 08:41:20,864 [main] N.0.log 78	47	16	0	SAT	
2021-07-02 08:41:20,926 [main] N.0.log 62	32	15	0	SAT	
2021-07-02 08:41:21,082 [main] N.0.log 156	125	15	0	SAT	
2021-07-02 08:41:21,207 [main] N.0.log 125	94	15	0	SAT	
2021-07-02 08:41:21,442 [main] N.0.log 235	188	15	16	SAT	
2021-07-02 08:41:21,645 [main] N.0.log 203	172	15	16	SAT	
2021-07-02 08:41:21,707 [main] N.0.log 62	32	0	15	SAT	
2021-07-02 08:41:21,914 [main] N.0.log 207	160	31	0	SAT	
2021-07-02 08:41:22,007 [main] N.0.log 93	63	0	15	SAT	
2021-07-02 08:41:22,086 [main] N.0.log 79	47	0	16	SAT	
2021-07-02 08:41:22,164 [main] N.0.log 78	47	16	0	SAT	
2021-07-02 08:41:22,257 [main] N.0.log 93	47	16	15	SAT	
2021-07-02 08:41:22,320 [main] N.0.log 63	32	15	16	SAT	
