2021-06-22 12:12:31,049 [main] N.0.log 35905	400	19	35463	SAT	
2021-06-22 12:12:31,865 [main] N.0.log 815	354	39	407	SAT	
2021-06-22 12:12:32,364 [main] N.0.log 499	382	22	80	SAT	
2021-06-22 12:16:15,427 [main] N.0.log 223062	312	19	222716	SAT	
2021-06-22 12:17:06,252 [main] N.0.log 50824	375	15	50434	SAT	
2021-06-22 12:18:14,048 [main] N.0.log 67796	562	32	67186	SAT	
2021-06-22 12:18:14,626 [main] N.0.log 578	469	31	63	SAT	
2021-06-22 12:18:15,078 [main] N.0.log 452	297	32	108	SAT	
2021-06-22 12:21:19,674 [main] N.0.log 184596	312	16	184252	SAT	
2021-06-22 12:21:20,435 [main] N.0.log 761	374	32	339	SAT	
2021-06-22 12:21:21,671 [main] N.0.log 1236	377	15	828	SAT	
2021-06-22 12:21:22,722 [main] N.0.log 1051	364	31	640	SAT	
2021-06-22 12:21:30,886 [main] N.0.log 8163	344	31	7786	SAT	
2021-06-22 12:21:31,339 [main] N.0.log 453	390	16	31	SAT	
2021-06-22 12:21:31,792 [main] N.0.log 453	406	15	16	UNSAT	
2021-06-22 12:21:36,821 [main] N.0.log 5029	394	31	4588	SAT	
2021-06-22 12:22:11,121 [main] N.0.log 34300	344	15	33925	SAT	
2021-06-22 12:22:11,824 [main] N.0.log 703	344	31	313	SAT	
2021-06-22 12:22:12,811 [main] N.0.log 987	378	32	562	SAT	
2021-06-22 12:22:16,479 [main] N.0.log 3668	346	32	3274	SAT	
2021-06-22 12:22:22,635 [main] N.0.log 6156	375	31	5734	SAT	
2021-06-22 12:22:23,088 [main] N.0.log 453	312	16	109	SAT	
2021-06-22 12:22:23,525 [main] N.0.log 437	390	31	0	UNSAT	
2021-06-22 12:22:25,411 [main] N.0.log 1886	330	16	1524	SAT	
2021-06-22 12:22:54,806 [main] N.0.log 29395	328	32	29020	SAT	
2021-06-22 12:24:40,033 [main] N.0.log 105227	344	31	104837	SAT	
2021-06-22 12:24:40,861 [main] N.0.log 828	359	31	422	SAT	
2021-06-22 12:24:42,290 [main] N.0.log 1429	369	15	1030	SAT	
2021-06-22 12:25:38,463 [main] N.0.log 56173	391	15	55752	SAT	
2021-06-22 12:25:38,884 [main] N.0.log 421	360	31	15	UNSAT	
