2021-06-22 10:57:27,761 [main] N.0.log 345	251	31	47	SAT	
2021-06-22 10:57:28,198 [main] N.0.log 437	297	31	94	SAT	
2021-06-22 10:57:28,580 [main] N.0.log 382	319	31	16	UNSAT	
2021-06-22 10:57:29,048 [main] N.0.log 468	406	32	15	UNSAT	
2021-06-22 10:57:29,775 [main] N.0.log 727	617	62	32	SAT	
2021-06-22 10:57:30,415 [main] N.0.log 640	531	47	47	SAT	
2021-06-22 10:57:30,932 [main] N.0.log 517	423	47	31	SAT	
2021-06-22 10:57:31,229 [main] N.0.log 297	187	32	62	SAT	
2021-06-22 10:57:31,495 [main] N.0.log 266	234	16	16	UNSAT	
2021-06-22 10:57:32,089 [main] N.0.log 594	486	46	47	SAT	
2021-06-22 10:57:32,638 [main] N.0.log 549	487	46	16	UNSAT	
2021-06-22 10:57:33,060 [main] N.0.log 422	359	32	31	SAT	
2021-06-22 10:57:33,341 [main] N.0.log 281	187	31	47	SAT	
2021-06-22 10:57:33,675 [main] N.0.log 334	271	31	16	UNSAT	
2021-06-22 10:57:33,940 [main] N.0.log 265	203	15	31	SAT	
2021-06-22 10:57:34,378 [main] N.0.log 438	375	31	16	UNSAT	
2021-06-22 10:57:34,895 [main] N.0.log 517	423	47	47	SAT	
2021-06-22 10:57:35,295 [main] N.0.log 400	306	32	47	SAT	
2021-06-22 10:57:35,673 [main] N.0.log 378	332	31	0	UNSAT	
2021-06-22 10:57:35,923 [main] N.0.log 250	203	15	16	UNSAT	
2021-06-22 10:57:36,454 [main] N.0.log 531	453	46	16	UNSAT	
2021-06-22 10:57:36,832 [main] N.0.log 378	268	31	63	SAT	
2021-06-22 10:57:37,379 [main] N.0.log 547	484	63	0	UNSAT	
2021-06-22 10:57:37,834 [main] N.0.log 455	377	32	31	SAT	
2021-06-22 10:57:38,256 [main] N.0.log 422	359	31	16	UNSAT	
2021-06-22 10:57:38,743 [main] N.0.log 487	425	47	0	UNSAT	
2021-06-22 10:57:39,008 [main] N.0.log 265	187	16	46	SAT	
2021-06-22 10:57:39,656 [main] N.0.log 648	539	47	46	SAT	
2021-06-22 10:57:40,031 [main] N.0.log 375	313	31	15	UNSAT	
2021-06-22 10:57:40,660 [main] N.0.log 629	567	46	16	UNSAT	
