2021-06-22 10:58:34,768 [main] N.0.log 594	234	31	313	SAT	
2021-06-22 10:58:35,006 [main] N.0.log 238	188	34	1	UNSAT	
2021-06-22 10:58:35,355 [main] N.0.log 349	208	16	109	SAT	
2021-06-22 10:58:35,793 [main] N.0.log 438	265	32	125	SAT	
2021-06-22 10:58:36,011 [main] N.0.log 218	172	16	15	UNSAT	
2021-06-22 10:58:36,274 [main] N.0.log 262	230	31	0	UNSAT	
2021-06-22 10:58:36,727 [main] N.0.log 453	266	15	156	SAT	
2021-06-22 10:58:36,899 [main] N.0.log 172	141	16	15	UNSAT	
2021-06-22 10:58:37,275 [main] N.0.log 376	235	16	109	SAT	
2021-06-22 10:58:37,791 [main] N.0.log 516	156	16	328	SAT	
2021-06-22 10:58:38,107 [main] N.0.log 316	270	15	16	UNSAT	
2021-06-22 10:58:38,388 [main] N.0.log 281	234	16	15	UNSAT	
2021-06-22 10:58:38,623 [main] N.0.log 235	187	16	16	UNSAT	
2021-06-22 10:58:39,170 [main] N.0.log 547	250	31	251	SAT	
2021-06-22 10:58:39,748 [main] N.0.log 578	235	15	313	SAT	
2021-06-22 10:58:40,193 [main] N.0.log 445	188	16	226	SAT	
2021-06-22 10:58:40,364 [main] N.0.log 171	140	16	15	UNSAT	
2021-06-22 10:58:40,927 [main] N.0.log 563	250	31	266	SAT	
2021-06-22 10:58:41,317 [main] N.0.log 390	203	16	156	SAT	
2021-06-22 10:58:41,973 [main] N.0.log 656	312	32	296	SAT	
2021-06-22 10:58:42,255 [main] N.0.log 282	250	16	16	UNSAT	
2021-06-22 10:58:42,741 [main] N.0.log 486	190	16	265	SAT	
2021-06-22 10:58:43,602 [main] N.0.log 861	312	31	502	SAT	
2021-06-22 10:58:43,946 [main] N.0.log 344	187	16	125	SAT	
2021-06-22 10:58:44,571 [main] N.0.log 625	282	31	297	SAT	
2021-06-22 10:58:44,916 [main] N.0.log 345	174	15	156	SAT	
2021-06-22 10:58:45,479 [main] N.0.log 563	187	32	328	SAT	
2021-06-22 10:58:45,824 [main] N.0.log 345	205	16	109	SAT	
2021-06-22 10:58:46,183 [main] N.0.log 359	218	32	93	SAT	
2021-06-22 10:58:46,620 [main] N.0.log 437	280	32	109	SAT	
