2021-06-24 10:34:51,344 [main] N.1.log 329	221	22	64	SAT	
2021-06-24 10:34:51,714 [main] N.1.log 369	260	38	52	SAT	
2021-06-24 10:34:52,661 [main] N.1.log 946	824	53	50	SAT	
2021-06-24 10:34:52,875 [main] N.1.log 212	124	14	54	SAT	
2021-06-24 10:34:53,345 [main] N.1.log 470	376	28	45	SAT	
2021-06-24 10:34:53,630 [main] N.1.log 284	196	17	50	SAT	
2021-06-24 10:34:53,863 [main] N.1.log 232	133	15	61	SAT	
2021-06-24 10:34:54,487 [main] N.1.log 623	526	36	41	SAT	
2021-06-24 10:34:54,759 [main] N.1.log 271	199	18	35	SAT	
2021-06-24 10:34:55,117 [main] N.1.log 356	216	19	95	SAT	
2021-06-24 10:34:55,436 [main] N.1.log 319	219	19	60	SAT	
2021-06-24 10:34:55,695 [main] N.1.log 258	194	21	23	SAT	
2021-06-24 10:34:56,180 [main] N.1.log 485	388	25	51	SAT	
2021-06-24 10:34:56,838 [main] N.1.log 657	565	40	32	SAT	
2021-06-24 10:34:57,252 [main] N.1.log 414	329	27	36	SAT	
2021-06-24 10:34:57,703 [main] N.1.log 450	321	30	79	SAT	
2021-06-24 10:34:57,840 [main] N.1.log 137	75	10	27	SAT	
2021-06-24 10:34:58,385 [main] N.1.log 544	401	31	86	SAT	
2021-06-24 10:34:59,004 [main] N.1.log 619	496	35	63	SAT	
2021-06-24 10:34:59,540 [main] N.1.log 536	444	39	31	SAT	
