2021-06-24 16:21:15,366 [main] N.2.log 1287	631	108	518	SAT	
2021-06-24 16:21:16,247 [main] N.2.log 880	414	69	376	SAT	
2021-06-24 16:21:18,366 [main] N.2.log 2118	1439	114	540	SAT	
2021-06-24 16:21:20,517 [main] N.2.log 2150	694	87	1345	SAT	
2021-06-24 16:21:21,837 [main] N.2.log 1319	1027	98	172	SAT	
2021-06-24 16:21:22,970 [main] N.2.log 1132	890	90	132	SAT	
2021-06-24 16:21:24,435 [main] N.2.log 1464	675	86	682	SAT	
2021-06-24 16:21:25,548 [main] N.2.log 1113	770	86	235	SAT	
2021-06-24 16:21:26,377 [main] N.2.log 828	620	82	104	SAT	
2021-06-24 16:21:29,148 [main] N.2.log 2769	1905	180	662	SAT	
2021-06-24 16:21:30,821 [main] N.2.log 1672	1274	125	252	SAT	
2021-06-24 16:21:32,135 [main] N.2.log 1314	735	78	480	SAT	
2021-06-24 16:21:34,161 [main] N.2.log 2026	1384	138	483	SAT	
2021-06-24 16:21:34,618 [main] N.2.log 457	206	25	206	SAT	
2021-06-24 16:21:36,181 [main] N.2.log 1563	1119	141	282	SAT	
2021-06-24 16:21:37,390 [main] N.2.log 1208	947	94	144	SAT	
2021-06-24 16:21:38,022 [main] N.2.log 631	470	55	85	SAT	
2021-06-24 16:21:40,035 [main] N.2.log 2012	1515	141	333	SAT	
2021-06-24 16:21:43,292 [main] N.2.log 3256	1929	162	1144	SAT	
2021-06-24 16:21:44,053 [main] N.2.log 760	445	59	237	SAT	
