2021-07-02 08:39:58,348 [main] N.1.log 99	36	15	16	SAT	
2021-07-02 08:39:58,411 [main] N.1.log 63	15	0	32	SAT	
2021-07-02 08:39:58,457 [main] N.1.log 46	16	0	15	SAT	
2021-07-02 08:39:58,551 [main] N.1.log 94	47	0	31	SAT	
2021-07-02 08:39:58,598 [main] N.1.log 47	15	0	16	SAT	
2021-07-02 08:39:58,692 [main] N.1.log 94	46	0	32	SAT	
2021-07-02 08:39:58,801 [main] N.1.log 109	78	0	16	SAT	
2021-07-02 08:39:58,895 [main] N.1.log 94	47	15	16	SAT	
2021-07-02 08:39:59,035 [main] N.1.log 140	94	0	31	SAT	
2021-07-02 08:39:59,098 [main] N.1.log 63	16	0	31	SAT	
2021-07-02 08:39:59,176 [main] N.1.log 78	32	15	16	SAT	
2021-07-02 08:39:59,295 [main] N.1.log 119	62	0	41	SAT	
2021-07-02 08:39:59,373 [main] N.1.log 78	32	15	16	SAT	
2021-07-02 08:39:59,545 [main] N.1.log 172	125	0	32	SAT	
2021-07-02 08:39:59,607 [main] N.1.log 62	31	0	31	SAT	
2021-07-02 08:39:59,779 [main] N.1.log 172	141	15	16	SAT	
2021-07-02 08:39:59,919 [main] N.1.log 140	93	16	15	SAT	
2021-07-02 08:40:00,123 [main] N.1.log 204	156	0	32	SAT	
2021-07-02 08:40:00,201 [main] N.1.log 78	31	16	16	SAT	
2021-07-02 08:40:00,329 [main] N.1.log 128	82	0	31	SAT	
2021-07-02 08:40:00,439 [main] N.1.log 110	47	16	31	SAT	
2021-07-02 08:40:00,501 [main] N.1.log 62	16	0	31	SAT	
2021-07-02 08:40:00,611 [main] N.1.log 110	62	16	16	SAT	
2021-07-02 08:40:00,704 [main] N.1.log 93	47	16	15	SAT	
2021-07-02 08:40:00,845 [main] N.1.log 125	94	15	16	SAT	
2021-07-02 08:40:00,939 [main] N.1.log 94	46	0	32	SAT	
2021-07-02 08:40:00,986 [main] N.1.log 47	16	0	16	SAT	
2021-07-02 08:40:01,079 [main] N.1.log 93	47	16	15	SAT	
2021-07-02 08:40:01,331 [main] N.1.log 252	204	1	31	SAT	
2021-07-02 08:40:01,472 [main] N.1.log 141	78	16	31	SAT	
