2021-07-02 08:39:55,001 [main] N.0.log 94	46	0	32	SAT	
2021-07-02 08:39:55,047 [main] N.0.log 46	16	0	15	SAT	
2021-07-02 08:39:55,141 [main] N.0.log 94	15	32	15	SAT	
2021-07-02 08:39:55,235 [main] N.0.log 94	47	0	31	SAT	
2021-07-02 08:39:55,269 [main] N.0.log 34	17	1	0	SAT	
2021-07-02 08:39:55,363 [main] N.0.log 94	62	0	16	SAT	
2021-07-02 08:39:55,488 [main] N.0.log 125	78	15	16	SAT	
2021-07-02 08:39:55,582 [main] N.0.log 94	47	0	31	SAT	
2021-07-02 08:39:55,722 [main] N.0.log 140	109	0	31	SAT	
2021-07-02 08:39:55,769 [main] N.0.log 47	16	0	15	SAT	
2021-07-02 08:39:55,863 [main] N.0.log 78	31	0	31	SAT	
2021-07-02 08:39:55,988 [main] N.0.log 125	62	16	47	SAT	
2021-07-02 08:39:56,066 [main] N.0.log 78	47	0	31	SAT	
2021-07-02 08:39:56,222 [main] N.0.log 156	109	16	15	SAT	
2021-07-02 08:39:56,287 [main] N.0.log 65	16	16	17	SAT	
2021-07-02 08:39:56,474 [main] N.0.log 187	141	16	15	SAT	
2021-07-02 08:39:56,615 [main] N.0.log 141	94	15	16	SAT	
2021-07-02 08:39:56,802 [main] N.0.log 187	140	16	15	SAT	
2021-07-02 08:39:56,902 [main] N.0.log 100	31	15	32	SAT	
2021-07-02 08:39:57,011 [main] N.0.log 109	78	0	16	SAT	
2021-07-02 08:39:57,120 [main] N.0.log 93	62	0	31	SAT	
2021-07-02 08:39:57,198 [main] N.0.log 78	16	15	31	SAT	
2021-07-02 08:39:57,343 [main] N.0.log 145	98	0	31	SAT	
2021-07-02 08:39:57,453 [main] N.0.log 110	47	16	16	SAT	
2021-07-02 08:39:57,593 [main] N.0.log 140	94	0	31	SAT	
2021-07-02 08:39:57,671 [main] N.0.log 78	47	0	15	SAT	
2021-07-02 08:39:57,734 [main] N.0.log 47	16	15	16	SAT	
2021-07-02 08:39:57,828 [main] N.0.log 94	47	16	16	SAT	
2021-07-02 08:39:58,077 [main] N.0.log 249	188	31	15	SAT	
2021-07-02 08:39:58,218 [main] N.0.log 125	94	0	31	SAT	
