2021-06-24 10:34:42,331 [main] N.0.log 333	229	21	62	SAT	
2021-06-24 10:34:42,794 [main] N.0.log 461	359	28	48	SAT	
2021-06-24 10:34:44,083 [main] N.0.log 1289	1159	54	49	SAT	
2021-06-24 10:34:44,301 [main] N.0.log 218	133	13	51	SAT	
2021-06-24 10:34:44,842 [main] N.0.log 540	425	40	51	SAT	
2021-06-24 10:34:45,138 [main] N.0.log 296	201	22	51	SAT	
2021-06-24 10:34:45,371 [main] N.0.log 232	134	15	62	SAT	
2021-06-24 10:34:45,984 [main] N.0.log 612	517	36	40	SAT	
2021-06-24 10:34:46,275 [main] N.0.log 291	204	18	39	SAT	
2021-06-24 10:34:46,647 [main] N.0.log 371	224	19	104	SAT	
2021-06-24 10:34:46,954 [main] N.0.log 307	207	18	60	SAT	
2021-06-24 10:34:47,197 [main] N.0.log 242	182	16	24	SAT	
2021-06-24 10:34:47,683 [main] N.0.log 485	384	25	56	SAT	
2021-06-24 10:34:48,342 [main] N.0.log 658	568	38	30	SAT	
2021-06-24 10:34:48,772 [main] N.0.log 429	339	25	44	SAT	
2021-06-24 10:34:49,173 [main] N.0.log 400	309	25	46	SAT	
2021-06-24 10:34:49,299 [main] N.0.log 126	69	9	26	SAT	
2021-06-24 10:34:49,829 [main] N.0.log 529	380	28	96	SAT	
2021-06-24 10:34:50,436 [main] N.0.log 607	483	33	71	SAT	
2021-06-24 10:34:50,962 [main] N.0.log 525	441	31	32	SAT	
