2021-07-02 08:40:34,185 [main] N.0.log 1566	1372	147	32	SAT	
2021-07-02 08:40:36,071 [main] N.0.log 1886	1659	187	25	SAT	
2021-07-02 08:40:37,061 [main] N.0.log 990	828	109	37	SAT	
2021-07-02 08:40:40,233 [main] N.0.log 3172	2867	272	17	SAT	
2021-07-02 08:40:41,676 [main] N.0.log 1443	1240	157	31	SAT	
2021-07-02 08:40:42,088 [main] N.0.log 412	333	63	16	SAT	
2021-07-02 08:40:43,063 [main] N.0.log 975	819	110	31	SAT	
2021-07-02 08:40:44,011 [main] N.0.log 948	808	109	15	SAT	
2021-07-02 08:40:44,834 [main] N.0.log 823	682	94	31	SAT	
2021-07-02 08:40:46,569 [main] N.0.log 1735	1516	172	31	SAT	
2021-07-02 08:40:47,557 [main] N.0.log 988	847	109	16	SAT	
2021-07-02 08:40:48,298 [main] N.0.log 741	609	78	38	SAT	
2021-07-02 08:40:51,293 [main] N.0.log 2995	2683	250	47	SAT	
2021-07-02 08:40:52,968 [main] N.0.log 1675	1487	172	16	SAT	
2021-07-02 08:40:54,525 [main] N.0.log 1557	1367	159	16	SAT	
2021-07-02 08:40:55,353 [main] N.0.log 828	703	94	16	SAT	
2021-07-02 08:40:56,267 [main] N.0.log 914	770	113	16	SAT	
2021-07-02 08:40:57,522 [main] N.0.log 1255	1072	137	31	SAT	
2021-07-02 08:40:59,040 [main] N.0.log 1518	1346	141	31	SAT	
2021-07-02 08:41:01,363 [main] N.0.log 2323	2057	218	32	SAT	
2021-07-02 08:41:01,787 [main] N.0.log 424	331	47	31	SAT	
2021-07-02 08:41:02,199 [main] N.0.log 412	319	47	31	SAT	
2021-07-02 08:41:02,495 [main] N.0.log 296	218	46	16	SAT	
2021-07-02 08:41:03,332 [main] N.0.log 837	712	94	15	SAT	
2021-07-02 08:41:04,164 [main] N.0.log 816	691	94	31	SAT	
2021-07-02 08:41:04,573 [main] N.0.log 409	328	50	15	SAT	
2021-07-02 08:41:05,618 [main] N.0.log 1045	894	104	31	SAT	
2021-07-02 08:41:08,743 [main] N.0.log 3125	2851	243	16	SAT	
2021-07-02 08:41:11,170 [main] N.0.log 2427	2161	219	31	SAT	
2021-07-02 08:41:12,074 [main] N.0.log 904	763	110	15	SAT	
