2021-07-02 08:40:01,753 [main] N.2.log 250	156	16	62	SAT	
2021-07-02 08:40:02,019 [main] N.2.log 266	125	15	110	SAT	
2021-07-02 08:40:02,206 [main] N.2.log 187	63	15	94	SAT	
2021-07-02 08:40:02,790 [main] N.2.log 584	475	46	32	SAT	
2021-07-02 08:40:02,962 [main] N.2.log 172	63	15	79	SAT	
2021-07-02 08:40:03,243 [main] N.2.log 281	156	16	94	SAT	
2021-07-02 08:40:03,418 [main] N.2.log 175	51	16	93	SAT	
2021-07-02 08:40:03,653 [main] N.2.log 235	156	16	47	SAT	
2021-07-02 08:40:03,934 [main] N.2.log 281	157	15	94	SAT	
2021-07-02 08:40:04,153 [main] N.2.log 219	124	16	63	SAT	
2021-07-02 08:40:04,547 [main] N.2.log 394	254	16	109	SAT	
2021-07-02 08:40:04,969 [main] N.2.log 422	343	16	47	SAT	
2021-07-02 08:40:05,254 [main] N.2.log 285	218	31	20	SAT	
2021-07-02 08:40:05,678 [main] N.2.log 424	283	16	109	SAT	
2021-07-02 08:40:05,959 [main] N.2.log 281	156	16	93	SAT	
2021-07-02 08:40:06,084 [main] N.2.log 125	62	16	31	SAT	
2021-07-02 08:40:06,464 [main] N.2.log 364	254	32	78	SAT	
2021-07-02 08:40:06,848 [main] N.2.log 384	235	31	103	SAT	
2021-07-02 08:40:07,098 [main] N.2.log 250	172	31	31	SAT	
2021-07-02 08:40:07,419 [main] N.2.log 321	228	15	47	SAT	
2021-07-02 08:40:07,888 [main] N.2.log 469	375	31	47	SAT	
2021-07-02 08:40:08,122 [main] N.2.log 234	141	16	62	SAT	
2021-07-02 08:40:08,399 [main] N.2.log 277	145	31	85	SAT	
2021-07-02 08:40:08,696 [main] N.2.log 297	140	16	109	SAT	
2021-07-02 08:40:09,024 [main] N.2.log 328	234	16	62	SAT	
2021-07-02 08:40:09,563 [main] N.2.log 539	445	31	47	SAT	
2021-07-02 08:40:09,703 [main] N.2.log 140	63	15	47	SAT	
2021-07-02 08:40:10,234 [main] N.2.log 531	422	47	46	SAT	
2021-07-02 08:40:10,692 [main] N.2.log 458	332	32	62	SAT	
2021-07-02 08:40:11,192 [main] N.2.log 500	406	31	47	SAT	
