2021-07-02 08:40:12,564 [main] N.5.log 1325	1098	102	110	SAT	
2021-07-02 08:40:13,283 [main] N.5.log 719	359	47	297	SAT	
2021-07-02 08:40:13,754 [main] N.5.log 471	314	32	125	SAT	
2021-07-02 08:40:15,022 [main] N.5.log 1268	1019	94	140	SAT	
2021-07-02 08:40:15,739 [main] N.5.log 717	545	62	94	SAT	
2021-07-02 08:40:16,733 [main] N.5.log 994	625	62	291	SAT	
2021-07-02 08:40:17,255 [main] N.5.log 522	125	47	335	SAT	
2021-07-02 08:40:17,708 [main] N.5.log 453	141	31	266	SAT	
2021-07-02 08:40:19,091 [main] N.5.log 1383	1055	94	234	SAT	
2021-07-02 08:40:19,875 [main] N.5.log 768	611	64	78	SAT	
2021-07-02 08:40:20,484 [main] N.5.log 609	375	47	172	SAT	
2021-07-02 08:40:20,809 [main] N.5.log 325	140	31	138	SAT	
2021-07-02 08:40:21,544 [main] N.5.log 735	594	62	63	SAT	
2021-07-02 08:40:22,124 [main] N.5.log 580	393	47	125	SAT	
2021-07-02 08:40:22,327 [main] N.5.log 203	94	16	78	SAT	
2021-07-02 08:40:23,439 [main] N.5.log 1112	722	78	297	SAT	
2021-07-02 08:40:24,333 [main] N.5.log 894	597	78	204	SAT	
2021-07-02 08:40:25,108 [main] N.5.log 775	573	63	124	SAT	
2021-07-02 08:40:25,577 [main] N.5.log 469	344	31	78	SAT	
2021-07-02 08:40:25,964 [main] N.5.log 387	140	16	215	SAT	
2021-07-02 08:40:27,054 [main] N.5.log 1090	946	81	47	SAT	
2021-07-02 08:40:27,538 [main] N.5.log 484	344	47	78	SAT	
2021-07-02 08:40:27,772 [main] N.5.log 234	141	15	78	SAT	
2021-07-02 08:40:28,360 [main] N.5.log 588	322	31	219	SAT	
2021-07-02 08:40:28,829 [main] N.5.log 469	281	47	125	SAT	
2021-07-02 08:40:29,711 [main] N.5.log 882	586	62	219	SAT	
2021-07-02 08:40:30,187 [main] N.5.log 476	304	46	110	SAT	
2021-07-02 08:40:30,718 [main] N.5.log 531	360	47	109	SAT	
2021-07-02 08:40:31,777 [main] N.5.log 1059	746	79	218	SAT	
2021-07-02 08:40:32,588 [main] N.5.log 811	393	46	356	SAT	
