2021-06-24 10:35:36,403 [main] N.1.log 3025	2041	494	439	SAT	
2021-06-24 10:35:43,583 [main] N.1.log 7180	3670	643	2827	SAT	
2021-06-24 10:35:56,192 [main] N.1.log 12608	5066	1024	6483	SAT	
2021-06-24 10:36:07,404 [main] N.1.log 11212	4636	449	6096	SAT	
2021-06-24 10:36:17,820 [main] N.1.log 10416	5345	437	4603	SAT	
2021-06-24 10:36:23,931 [main] N.1.log 6111	3184	297	2583	SAT	
2021-06-24 10:36:30,731 [main] N.1.log 6800	5385	453	915	SAT	
2021-06-24 10:36:38,673 [main] N.1.log 7942	4033	360	3503	SAT	
2021-06-24 10:36:48,778 [main] N.1.log 10105	6487	597	2989	SAT	
2021-06-24 10:37:13,376 [main] N.1.log 24598	4048	383	20120	SAT	
2021-06-24 10:37:20,599 [main] N.1.log 7223	2122	266	4804	SAT	
2021-06-24 10:37:33,024 [main] N.1.log 12425	5774	496	6124	SAT	
2021-06-24 10:38:02,204 [main] N.1.log 29180	2369	234	26545	SAT	
2021-06-24 10:38:07,277 [main] N.1.log 5073	2535	266	2241	SAT	
2021-06-24 10:38:23,100 [main] N.1.log 15823	2886	348	12558	SAT	
2021-06-24 10:38:25,686 [main] N.1.log 2586	1521	203	831	SAT	
2021-06-24 10:38:33,153 [main] N.1.log 7467	4268	438	2730	SAT	
2021-06-24 10:38:37,437 [main] N.1.log 4284	1572	219	2446	SAT	
2021-06-24 10:38:44,807 [main] N.1.log 7370	3616	359	3348	SAT	
2021-06-24 10:38:52,415 [main] N.1.log 7608	6746	488	328	SAT	
