2021-07-02 07:37:44,459 [main] N.2.log 1088	707	93	273	SAT	
2021-07-02 07:37:47,462 [main] N.2.log 3003	2223	203	546	SAT	
2021-07-02 07:37:51,200 [main] N.2.log 3738	2954	252	516	SAT	
2021-07-02 07:37:54,068 [main] N.2.log 2868	2478	219	140	SAT	
2021-07-02 07:37:57,258 [main] N.2.log 3190	1676	172	1326	SAT	
2021-07-02 07:37:59,409 [main] N.2.log 2151	1582	171	383	SAT	
2021-07-02 07:38:02,284 [main] N.2.log 2875	1328	125	1390	SAT	
2021-07-02 07:38:04,894 [main] N.2.log 2610	2001	188	390	SAT	
2021-07-02 07:38:08,347 [main] N.2.log 3453	1146	141	2150	SAT	
2021-07-02 07:38:11,341 [main] N.2.log 2994	1781	171	1026	SAT	
2021-07-02 07:38:13,055 [main] N.2.log 1714	1089	125	469	SAT	
2021-07-02 07:38:15,991 [main] N.2.log 2936	2027	204	674	SAT	
2021-07-02 07:38:18,458 [main] N.2.log 2467	1995	175	281	SAT	
2021-07-02 07:38:20,880 [main] N.2.log 2422	1512	144	750	SAT	
2021-07-02 07:38:23,262 [main] N.2.log 2382	1762	188	401	SAT	
2021-07-02 07:38:27,931 [main] N.2.log 4653	1822	213	2602	SAT	
2021-07-02 07:38:31,849 [main] N.2.log 3918	1841	183	1878	SAT	
2021-07-02 07:38:34,394 [main] N.2.log 2545	768	94	1667	SAT	
2021-07-02 07:38:36,327 [main] N.2.log 1933	1527	156	235	SAT	
2021-07-02 07:38:39,765 [main] N.2.log 3438	2007	194	1222	SAT	
2021-07-02 07:38:40,798 [main] N.2.log 1033	312	63	642	SAT	
2021-07-02 07:38:42,267 [main] N.2.log 1469	672	94	688	SAT	
2021-07-02 07:38:44,093 [main] N.2.log 1826	1342	156	312	SAT	
2021-07-02 07:38:46,323 [main] N.2.log 2230	1161	125	912	SAT	
2021-07-02 07:38:50,142 [main] N.2.log 3819	3064	266	474	SAT	
2021-07-02 07:38:55,210 [main] N.2.log 5068	3267	253	1532	SAT	
2021-07-02 07:38:57,498 [main] N.2.log 2288	1749	172	351	SAT	
2021-07-02 07:38:59,811 [main] N.2.log 2313	1806	192	299	SAT	
2021-07-02 07:39:01,741 [main] N.2.log 1930	805	109	981	SAT	
2021-07-02 07:39:06,246 [main] N.2.log 4505	2277	219	1994	SAT	
