2021-06-22 10:57:02,392 [main] N.0.log 129	86	0	31	SAT	
2021-06-22 10:57:02,783 [main] N.0.log 375	266	15	94	SAT	
2021-06-22 10:57:02,908 [main] N.0.log 125	46	16	47	SAT	
2021-06-22 10:57:03,064 [main] N.0.log 156	109	15	16	SAT	
2021-06-22 10:57:03,192 [main] N.0.log 128	81	0	31	SAT	
2021-06-22 10:57:03,426 [main] N.0.log 234	140	32	62	SAT	
2021-06-22 10:57:03,645 [main] N.0.log 219	188	15	16	SAT	
2021-06-22 10:57:04,020 [main] N.0.log 375	266	31	63	SAT	
2021-06-22 10:57:04,461 [main] N.0.log 441	363	31	47	SAT	
2021-06-22 10:57:04,602 [main] N.0.log 141	78	15	32	SAT	
2021-06-22 10:57:04,742 [main] N.0.log 140	93	16	31	SAT	
2021-06-22 10:57:04,851 [main] N.0.log 109	62	16	15	SAT	
2021-06-22 10:57:05,101 [main] N.0.log 250	188	16	46	SAT	
2021-06-22 10:57:05,198 [main] N.0.log 96	62	0	32	SAT	
2021-06-22 10:57:05,354 [main] N.0.log 140	94	16	15	SAT	
2021-06-22 10:57:05,495 [main] N.0.log 141	109	0	32	SAT	
2021-06-22 10:57:05,807 [main] N.0.log 312	203	16	78	SAT	
2021-06-22 10:57:05,948 [main] N.0.log 141	78	15	32	SAT	
2021-06-22 10:57:06,181 [main] N.0.log 233	125	19	74	SAT	
2021-06-22 10:57:06,478 [main] N.0.log 297	250	15	32	SAT	
2021-06-22 10:57:06,618 [main] N.0.log 140	109	0	31	SAT	
2021-06-22 10:57:06,806 [main] N.0.log 188	125	15	32	SAT	
2021-06-22 10:57:06,931 [main] N.0.log 125	93	16	16	SAT	
2021-06-22 10:57:07,171 [main] N.0.log 240	177	16	32	SAT	
2021-06-22 10:57:07,436 [main] N.0.log 265	234	16	15	SAT	
2021-06-22 10:57:07,608 [main] N.0.log 172	125	0	31	SAT	
2021-06-22 10:57:07,936 [main] N.0.log 328	281	16	31	SAT	
2021-06-22 10:57:08,140 [main] N.0.log 204	125	0	63	SAT	
2021-06-22 10:57:08,405 [main] N.0.log 265	203	15	47	SAT	
2021-06-22 10:57:08,499 [main] N.0.log 94	31	16	47	SAT	
