2021-06-24 10:35:00,554 [main] N.0.log 960	774	82	62	SAT	
2021-06-24 10:35:02,615 [main] N.0.log 2060	1290	104	629	SAT	
2021-06-24 10:35:04,051 [main] N.0.log 1436	962	110	328	SAT	
2021-06-24 10:35:06,546 [main] N.0.log 2495	1102	124	1232	SAT	
2021-06-24 10:35:08,672 [main] N.0.log 2126	1653	127	303	SAT	
2021-06-24 10:35:10,857 [main] N.0.log 2184	1848	135	155	SAT	
2021-06-24 10:35:13,416 [main] N.0.log 2559	2224	153	142	SAT	
2021-06-24 10:35:15,835 [main] N.0.log 2418	2020	167	186	SAT	
2021-06-24 10:35:16,189 [main] N.0.log 354	230	28	58	SAT	
2021-06-24 10:35:17,232 [main] N.0.log 1041	787	73	146	SAT	
2021-06-24 10:35:19,004 [main] N.0.log 1771	919	84	732	SAT	
2021-06-24 10:35:21,108 [main] N.0.log 2104	1705	144	220	SAT	
2021-06-24 10:35:22,665 [main] N.0.log 1557	1080	125	316	SAT	
2021-06-24 10:35:23,475 [main] N.0.log 810	612	84	77	SAT	
2021-06-24 10:35:25,698 [main] N.0.log 2223	1407	124	655	SAT	
2021-06-24 10:35:26,303 [main] N.0.log 604	419	57	90	SAT	
2021-06-24 10:35:28,472 [main] N.0.log 2167	1884	135	87	SAT	
2021-06-24 10:35:30,217 [main] N.0.log 1745	1481	112	117	SAT	
2021-06-24 10:35:31,391 [main] N.0.log 1174	868	72	193	SAT	
2021-06-24 10:35:33,328 [main] N.0.log 1937	1701	129	72	SAT	
