2021-07-02 07:37:01,044 [main] N.1.log 1111	765	62	252	SAT	
2021-07-02 07:37:01,763 [main] N.1.log 719	437	47	203	SAT	
2021-07-02 07:37:04,212 [main] N.1.log 2449	2066	140	227	SAT	
2021-07-02 07:37:05,431 [main] N.1.log 1219	913	86	189	SAT	
2021-07-02 07:37:06,470 [main] N.1.log 1039	453	63	508	SAT	
2021-07-02 07:37:07,807 [main] N.1.log 1337	977	79	250	SAT	
2021-07-02 07:37:10,811 [main] N.1.log 3004	2382	171	436	SAT	
2021-07-02 07:37:11,698 [main] N.1.log 887	359	51	446	SAT	
2021-07-02 07:37:15,168 [main] N.1.log 3470	2630	187	622	SAT	
2021-07-02 07:37:15,606 [main] N.1.log 422	172	31	203	SAT	
2021-07-02 07:37:16,257 [main] N.1.log 651	344	47	229	SAT	
2021-07-02 07:37:17,116 [main] N.1.log 859	375	47	406	SAT	
2021-07-02 07:37:18,865 [main] N.1.log 1749	1296	125	297	SAT	
2021-07-02 07:37:21,637 [main] N.1.log 2772	2125	156	460	SAT	
2021-07-02 07:37:22,606 [main] N.1.log 969	703	62	172	SAT	
2021-07-02 07:37:23,598 [main] N.1.log 992	696	78	203	SAT	
2021-07-02 07:37:24,569 [main] N.1.log 971	705	78	156	SAT	
2021-07-02 07:37:25,104 [main] N.1.log 535	379	31	94	SAT	
2021-07-02 07:37:27,288 [main] N.1.log 2184	1292	109	752	SAT	
2021-07-02 07:37:29,102 [main] N.1.log 1814	1190	109	500	SAT	
2021-07-02 07:37:30,261 [main] N.1.log 1159	503	47	578	SAT	
2021-07-02 07:37:32,849 [main] N.1.log 2588	2276	172	109	SAT	
2021-07-02 07:37:33,913 [main] N.1.log 1064	814	78	140	SAT	
2021-07-02 07:37:36,399 [main] N.1.log 2486	2019	156	295	SAT	
2021-07-02 07:37:38,012 [main] N.1.log 1613	1160	109	313	SAT	
2021-07-02 07:37:39,009 [main] N.1.log 997	747	78	141	SAT	
2021-07-02 07:37:40,062 [main] N.1.log 1053	467	63	492	SAT	
2021-07-02 07:37:41,334 [main] N.1.log 1272	820	78	359	SAT	
2021-07-02 07:37:42,369 [main] N.1.log 1035	707	78	219	SAT	
2021-07-02 07:37:43,324 [main] N.1.log 955	424	47	469	SAT	
