2021-07-02 07:39:13,719 [main] N.5.log 7427	3278	386	3731	SAT	
2021-07-02 07:39:19,292 [main] N.5.log 5573	3968	394	1195	SAT	
2021-07-02 07:39:24,633 [main] N.5.log 5341	4542	453	315	SAT	
2021-07-02 07:39:30,609 [main] N.5.log 5976	4105	375	1464	SAT	
2021-07-02 08:03:48,431 [main] N.5.log 1457822	1726	252	1455829	SAT	
2021-07-02 08:03:51,848 [main] N.5.log 3417	1448	219	1718	SAT	
2021-07-02 08:03:54,724 [main] N.5.log 2876	1425	203	1217	SAT	
2021-07-02 08:03:59,482 [main] N.5.log 4758	2790	261	1691	SAT	
2021-07-02 08:04:09,245 [main] N.5.log 9763	5897	536	3315	SAT	
2021-07-02 08:04:14,992 [main] N.5.log 5747	2885	240	2607	SAT	
2021-07-02 08:04:16,649 [main] N.5.log 1657	617	141	868	SAT	
2021-07-02 08:04:20,439 [main] N.5.log 3790	2440	281	1054	SAT	
2021-07-02 08:04:31,379 [main] N.5.log 10940	7378	625	2906	SAT	
2021-07-02 08:04:38,457 [main] N.5.log 7078	6304	587	172	SAT	
2021-07-02 08:04:48,917 [main] N.5.log 10460	9138	752	554	SAT	
2021-07-02 08:04:57,642 [main] N.5.log 8725	5554	515	2625	SAT	
2021-07-02 08:05:02,645 [main] N.5.log 5003	4269	437	266	SAT	
2021-07-02 08:05:08,188 [main] N.5.log 5543	2857	350	2320	SAT	
2021-07-02 08:05:13,761 [main] N.5.log 5573	4078	407	1073	SAT	
2021-07-02 08:05:21,786 [main] N.5.log 8025	5688	532	1789	SAT	
2021-07-02 08:05:25,485 [main] N.5.log 3699	1463	203	2017	SAT	
2021-07-02 08:05:27,467 [main] N.5.log 1982	1543	235	172	SAT	
2021-07-02 08:05:31,976 [main] N.5.log 4509	2855	287	1336	SAT	
2021-07-02 08:35:36,445 [main] N.5.log 1804469	3980	424	1800034	UNSAT	
2021-07-02 08:35:42,383 [main] N.5.log 5937	5139	469	312	SAT	
2021-07-02 08:35:44,517 [main] N.5.log 2134	1551	219	348	SAT	
2021-07-02 08:35:49,642 [main] N.5.log 5125	4083	433	578	SAT	
2021-07-02 08:35:52,781 [main] N.5.log 3139	1219	203	1685	SAT	
2021-07-02 08:35:57,034 [main] N.5.log 4253	2950	356	931	SAT	
2021-07-02 08:36:05,148 [main] N.5.log 8114	7208	594	296	SAT	
