2021-07-02 07:36:45,155 [main] N.0.log 566	489	16	46	SAT	
2021-07-02 07:36:46,066 [main] N.0.log 911	676	47	156	SAT	
2021-07-02 07:36:46,740 [main] N.0.log 674	565	31	47	SAT	
2021-07-02 07:36:47,193 [main] N.0.log 453	281	31	109	SAT	
2021-07-02 07:36:47,885 [main] N.0.log 692	551	47	78	SAT	
2021-07-02 07:36:48,010 [main] N.0.log 125	63	0	31	SAT	
2021-07-02 07:36:48,671 [main] N.0.log 661	469	47	114	SAT	
2021-07-02 07:36:49,156 [main] N.0.log 485	390	32	47	SAT	
2021-07-02 07:36:49,821 [main] N.0.log 665	541	47	46	SAT	
2021-07-02 07:36:50,243 [main] N.0.log 422	297	31	62	SAT	
2021-07-02 07:36:50,781 [main] N.0.log 538	297	31	194	SAT	
2021-07-02 07:36:51,031 [main] N.0.log 250	156	31	47	SAT	
2021-07-02 07:36:51,687 [main] N.0.log 656	531	62	47	SAT	
2021-07-02 07:36:51,925 [main] N.0.log 238	161	15	31	SAT	
2021-07-02 07:36:52,397 [main] N.0.log 472	378	31	31	SAT	
2021-07-02 07:36:52,864 [main] N.0.log 467	344	43	64	SAT	
2021-07-02 07:36:53,223 [main] N.0.log 359	250	32	46	SAT	
2021-07-02 07:36:53,729 [main] N.0.log 506	412	31	47	SAT	
2021-07-02 07:36:54,311 [main] N.0.log 582	489	47	31	SAT	
2021-07-02 07:36:54,764 [main] N.0.log 453	328	31	63	SAT	
2021-07-02 07:36:55,188 [main] N.0.log 424	315	15	63	SAT	
2021-07-02 07:36:55,422 [main] N.0.log 234	140	16	62	SAT	
2021-07-02 07:36:56,085 [main] N.0.log 663	569	31	47	SAT	
2021-07-02 07:36:56,819 [main] N.0.log 734	609	47	47	SAT	
2021-07-02 07:36:57,292 [main] N.0.log 471	391	31	31	SAT	
2021-07-02 07:36:58,096 [main] N.0.log 804	710	46	32	SAT	
2021-07-02 07:36:58,736 [main] N.0.log 640	547	47	15	SAT	
2021-07-02 07:36:59,129 [main] N.0.log 393	299	32	31	SAT	
2021-07-02 07:36:59,718 [main] N.0.log 589	489	31	38	SAT	
2021-07-02 07:36:59,886 [main] N.0.log 153	63	0	74	SAT	
