2021-06-24 16:21:49,666 [main] N.2.log 5556	4136	583	796	SAT	
2021-06-24 16:22:00,567 [main] N.2.log 10900	6109	773	3983	SAT	
2021-06-24 16:36:49,173 [main] N.2.log 8032	5601	1159	1019	SAT	
2021-06-24 16:37:00,810 [main] N.2.log 11633	6874	811	3898	SAT	
2021-06-24 16:42:12,021 [main] N.2.log 311210	10048	983	300128	UNSAT	
2021-06-24 16:47:25,459 [main] N.2.log 313437	12319	807	300264	UNSAT	
2021-06-24 16:48:28,349 [main] N.2.log 62889	15677	1295	45886	SAT	
2021-06-24 16:50:09,273 [main] N.2.log 100924	8611	870	91412	SAT	
2021-06-24 16:55:23,693 [main] N.2.log 314420	13073	1175	300125	UNSAT	
2021-06-24 16:55:38,142 [main] N.2.log 14449	7799	666	5951	SAT	
2021-06-24 17:00:49,787 [main] N.2.log 311645	10796	641	300161	UNSAT	
2021-06-24 17:06:00,620 [main] N.2.log 310832	9584	988	300227	UNSAT	
2021-06-24 17:09:04,640 [main] N.2.log 184019	5478	671	177839	SAT	
2021-06-24 17:14:13,445 [main] N.2.log 308803	7698	885	300183	UNSAT	
2021-06-24 17:19:26,476 [main] N.2.log 313030	11756	1109	300128	UNSAT	
2021-06-24 17:24:37,072 [main] N.2.log 310595	9389	990	300180	UNSAT	
2021-06-24 17:29:45,586 [main] N.2.log 308513	7444	826	300201	UNSAT	
2021-06-24 17:30:04,109 [main] N.2.log 18523	7137	819	10530	SAT	
2021-06-24 17:30:37,638 [main] N.2.log 33528	10832	859	21799	SAT	
2021-06-24 17:30:48,638 [main] N.2.log 10999	9310	914	739	SAT	
2021-06-24 17:35:55,648 [main] N.2.log 307009	6077	740	300155	UNSAT	
2021-06-24 17:36:15,861 [main] N.2.log 20213	11607	1081	7481	SAT	
