2021-06-22 12:31:33,957 [main] N.1.log 1532	958	183	380	SAT	
2021-06-22 12:31:35,129 [main] N.1.log 1171	810	64	289	SAT	
2021-06-22 12:31:35,481 [main] N.1.log 352	173	39	132	SAT	
2021-06-22 12:31:36,131 [main] N.1.log 649	505	59	74	SAT	
2021-06-22 12:31:36,883 [main] N.1.log 750	483	60	198	SAT	
2021-06-22 12:31:38,004 [main] N.1.log 1120	594	48	469	SAT	
2021-06-22 12:31:38,615 [main] N.1.log 611	403	45	155	SAT	
2021-06-22 12:31:39,161 [main] N.1.log 545	365	43	129	SAT	
2021-06-22 12:31:40,246 [main] N.1.log 1085	573	56	446	SAT	
2021-06-22 12:31:40,561 [main] N.1.log 312	217	25	62	SAT	
2021-06-22 12:31:41,586 [main] N.1.log 1025	696	73	248	SAT	
2021-06-22 12:31:41,927 [main] N.1.log 341	185	23	125	SAT	
2021-06-22 12:31:42,582 [main] N.1.log 655	410	53	183	SAT	
2021-06-22 12:31:43,070 [main] N.1.log 487	282	35	163	SAT	
2021-06-22 12:31:43,476 [main] N.1.log 406	234	44	119	SAT	
2021-06-22 12:31:43,889 [main] N.1.log 412	169	24	211	SAT	
2021-06-22 12:31:44,882 [main] N.1.log 993	637	74	273	SAT	
2021-06-22 12:31:45,287 [main] N.1.log 404	256	32	108	SAT	
2021-06-22 12:31:46,099 [main] N.1.log 810	417	54	331	SAT	
2021-06-22 12:31:46,954 [main] N.1.log 855	353	46	446	SAT	
2021-06-22 12:31:47,623 [main] N.1.log 668	390	50	220	SAT	
2021-06-22 12:31:48,257 [main] N.1.log 633	485	55	84	SAT	
2021-06-22 12:31:48,703 [main] N.1.log 446	342	40	55	SAT	
2021-06-22 12:31:49,519 [main] N.1.log 816	503	60	244	SAT	
2021-06-22 12:31:49,879 [main] N.1.log 360	175	26	151	SAT	
2021-06-22 12:31:50,429 [main] N.1.log 550	449	48	44	SAT	
2021-06-22 12:31:51,496 [main] N.1.log 1066	652	66	338	SAT	
2021-06-22 12:31:52,251 [main] N.1.log 755	415	52	279	SAT	
2021-06-22 12:31:53,241 [main] N.1.log 989	681	71	228	SAT	
2021-06-22 12:31:54,104 [main] N.1.log 862	593	70	191	SAT	
