2021-07-02 08:36:06,816 [main] N.0.log 1621	1300	243	62	SAT	
2021-07-02 08:36:16,132 [main] N.0.log 9316	8371	898	31	SAT	
2021-07-02 08:36:22,135 [main] N.0.log 6003	5284	654	49	SAT	
2021-07-02 08:36:31,057 [main] N.0.log 8922	8056	789	62	SAT	
2021-07-02 08:36:37,156 [main] N.0.log 6099	5426	610	47	SAT	
2021-07-02 08:36:38,732 [main] N.0.log 1576	1240	242	79	SAT	
2021-07-02 08:36:49,153 [main] N.0.log 10421	9398	968	40	SAT	
2021-07-02 08:36:56,289 [main] N.0.log 7136	6340	734	47	SAT	
2021-07-02 08:37:05,781 [main] N.0.log 9492	8433	918	110	SAT	
2021-07-02 08:37:15,496 [main] N.0.log 9700	8657	921	106	SAT	
2021-07-02 08:37:18,669 [main] N.0.log 3173	2680	414	64	SAT	
2021-07-02 08:37:21,841 [main] N.0.log 3172	2706	375	75	SAT	
2021-07-02 08:37:31,519 [main] N.0.log 9678	8676	922	49	SAT	
2021-07-02 08:37:37,816 [main] N.0.log 6297	5563	656	63	SAT	
2021-07-02 08:37:43,838 [main] N.0.log 6022	5207	612	188	SAT	
2021-07-02 08:37:55,375 [main] N.0.log 11537	10694	781	47	SAT	
2021-07-02 08:37:57,043 [main] N.0.log 1668	1356	234	47	SAT	
2021-07-02 08:38:03,630 [main] N.0.log 6587	5821	687	47	SAT	
2021-07-02 08:38:09,977 [main] N.0.log 6347	5425	671	235	SAT	
2021-07-02 08:38:23,601 [main] N.0.log 13624	11725	1091	793	SAT	
2021-07-02 08:38:30,885 [main] N.0.log 7284	6518	703	31	SAT	
2021-07-02 08:38:40,440 [main] N.0.log 9555	8615	876	49	SAT	
2021-07-02 08:38:52,484 [main] N.0.log 12044	10917	1016	96	SAT	
2021-07-02 08:39:01,958 [main] N.0.log 9474	8822	604	33	SAT	
2021-07-02 08:39:10,901 [main] N.0.log 8943	8005	845	62	SAT	
2021-07-02 08:39:19,536 [main] N.0.log 8635	7759	813	31	SAT	
2021-07-02 08:39:26,357 [main] N.0.log 6821	6012	731	47	SAT	
2021-07-02 08:39:38,508 [main] N.0.log 12151	11061	1028	47	SAT	
2021-07-02 08:39:49,475 [main] N.0.log 10967	9887	1002	47	SAT	
2021-07-02 08:39:54,860 [main] N.0.log 5385	4719	573	62	SAT	
