2021-07-02 03:12:14,718 [main] N.5.log 1806687	5930	663	1800063	UNSAT	
2021-07-02 03:12:40,741 [main] N.5.log 26023	20003	1467	4520	SAT	
2021-07-02 03:13:07,326 [main] N.5.log 26585	21150	1678	3725	SAT	
2021-07-02 03:13:39,463 [main] N.5.log 32137	17833	1506	12767	SAT	
2021-07-02 03:13:53,687 [main] N.5.log 14224	6125	796	7272	SAT	
2021-07-02 03:44:04,318 [main] N.5.log 1810631	9563	912	1800124	UNSAT	
2021-07-02 04:14:49,666 [main] N.5.log 1845348	10249	1037	1834029	UNSAT	
2021-07-02 04:15:47,824 [main] N.5.log 58158	10392	1022	46711	SAT	
2021-07-02 04:16:24,296 [main] N.5.log 36456	19805	1603	15017	SAT	
2021-07-02 04:16:38,998 [main] N.5.log 14702	10791	1086	2794	SAT	
2021-07-02 04:17:21,992 [main] N.5.log 42994	20088	1666	21209	SAT	
2021-07-02 04:18:21,670 [main] N.5.log 59678	17864	1307	40460	SAT	
2021-07-02 04:48:31,817 [main] N.5.log 1810147	9113	953	1800050	UNSAT	
2021-07-02 05:18:33,835 [main] N.5.log 1802018	1620	312	1800054	UNSAT	
2021-07-02 05:19:04,250 [main] N.5.log 30415	6432	812	23139	SAT	
2021-07-02 05:19:28,207 [main] N.5.log 23957	15433	1546	6931	SAT	
2021-07-02 05:49:40,974 [main] N.5.log 1812767	11210	1084	1800442	UNSAT	
2021-07-02 05:49:53,016 [main] N.5.log 12042	8999	952	2059	SAT	
2021-07-02 05:50:11,355 [main] N.5.log 18339	3772	561	13959	SAT	
2021-07-02 05:50:39,176 [main] N.5.log 27821	22719	1731	3324	SAT	
2021-07-02 05:50:44,776 [main] N.5.log 5600	3661	549	1359	SAT	
2021-07-02 05:51:03,245 [main] N.5.log 18469	12209	1110	5103	SAT	
2021-07-02 05:51:39,404 [main] N.5.log 36159	15312	812	20004	SAT	
2021-07-02 06:21:54,969 [main] N.5.log 1815565	14084	1322	1800128	UNSAT	
2021-07-02 06:22:05,633 [main] N.5.log 10664	6684	814	3134	SAT	
2021-07-02 06:22:43,652 [main] N.5.log 38019	13483	1043	23462	SAT	
2021-07-02 06:23:12,696 [main] N.5.log 29044	20851	1637	6525	SAT	
2021-07-02 06:53:20,980 [main] N.5.log 1808284	7291	822	1800140	UNSAT	
2021-07-02 06:53:34,371 [main] N.5.log 13391	10615	1063	1681	SAT	
2021-07-02 06:54:46,087 [main] N.5.log 71716	13571	1252	56846	SAT	
