2021-07-02 00:46:04,661 [main] N.1.log 4542	2502	640	1333	SAT	
2021-07-02 00:46:09,848 [main] N.1.log 5186	3229	289	1628	SAT	
2021-07-02 00:46:17,661 [main] N.1.log 7813	5415	385	1975	SAT	
2021-07-02 00:46:23,555 [main] N.1.log 5894	4748	355	753	SAT	
2021-07-02 00:46:27,959 [main] N.1.log 4403	2762	264	1341	SAT	
2021-07-02 00:46:34,030 [main] N.1.log 6070	3444	303	2284	SAT	
2021-07-02 00:46:40,163 [main] N.1.log 6132	4742	378	972	SAT	
2021-07-02 00:46:45,902 [main] N.1.log 5738	2893	259	2544	SAT	
2021-07-02 00:46:50,330 [main] N.1.log 4428	3509	305	578	SAT	
2021-07-02 00:46:52,649 [main] N.1.log 2316	1001	124	1153	SAT	
2021-07-02 00:47:00,283 [main] N.1.log 7634	5595	417	1584	SAT	
2021-07-02 00:47:08,641 [main] N.1.log 8358	3959	355	3996	SAT	
2021-07-02 00:47:10,618 [main] N.1.log 1977	875	115	949	SAT	
2021-07-02 00:47:12,285 [main] N.1.log 1666	851	110	666	SAT	
2021-07-02 00:47:17,819 [main] N.1.log 5533	2920	265	2313	SAT	
2021-07-02 00:47:18,719 [main] N.1.log 900	356	56	448	SAT	
2021-07-02 00:47:21,229 [main] N.1.log 2510	2197	133	142	SAT	
2021-07-02 00:47:30,247 [main] N.1.log 9017	5752	425	2803	SAT	
2021-07-02 00:47:40,204 [main] N.1.log 9956	7917	492	1503	SAT	
2021-07-02 00:47:51,189 [main] N.1.log 10984	5022	387	5531	SAT	
2021-07-02 00:47:56,979 [main] N.1.log 5790	5060	379	308	SAT	
2021-07-02 00:48:03,736 [main] N.1.log 6757	1823	196	4700	SAT	
2021-07-02 00:48:07,811 [main] N.1.log 4074	3161	242	625	SAT	
2021-07-02 00:48:10,457 [main] N.1.log 2645	2263	220	116	SAT	
2021-07-02 00:48:14,138 [main] N.1.log 3681	2728	249	658	SAT	
2021-07-02 00:48:26,927 [main] N.1.log 12789	3569	306	8876	SAT	
2021-07-02 00:48:29,634 [main] N.1.log 2706	1742	175	751	SAT	
2021-07-02 00:48:31,251 [main] N.1.log 1616	1036	114	430	SAT	
2021-07-02 00:48:34,845 [main] N.1.log 3594	2331	235	990	SAT	
2021-07-02 00:48:41,619 [main] N.1.log 6774	5335	424	977	SAT	
