2021-07-02 00:45:15,918 [main] N.0.log 2186	1569	132	244	SAT	
2021-07-02 00:45:17,538 [main] N.0.log 1616	1279	127	138	SAT	
2021-07-02 00:45:20,501 [main] N.0.log 2961	2315	339	241	SAT	
2021-07-02 00:45:21,503 [main] N.0.log 1001	727	84	138	SAT	
2021-07-02 00:45:23,027 [main] N.0.log 1523	1293	73	112	SAT	
2021-07-02 00:45:25,046 [main] N.0.log 2018	1665	124	190	SAT	
2021-07-02 00:45:27,402 [main] N.0.log 2355	2033	129	145	SAT	
2021-07-02 00:45:28,330 [main] N.0.log 927	666	55	167	SAT	
2021-07-02 00:45:29,859 [main] N.0.log 1529	1166	89	234	SAT	
2021-07-02 00:45:31,017 [main] N.0.log 1156	922	75	112	SAT	
2021-07-02 00:45:32,221 [main] N.0.log 1203	954	71	137	SAT	
2021-07-02 00:45:33,939 [main] N.0.log 1717	1457	109	80	SAT	
2021-07-02 00:45:34,964 [main] N.0.log 1024	683	67	226	SAT	
2021-07-02 00:45:35,475 [main] N.0.log 511	357	37	73	SAT	
2021-07-02 00:45:36,998 [main] N.0.log 1522	1296	91	93	SAT	
2021-07-02 00:45:38,862 [main] N.0.log 1863	1343	94	385	SAT	
2021-07-02 00:45:40,114 [main] N.0.log 1252	992	107	112	SAT	
2021-07-02 00:45:41,693 [main] N.0.log 1578	1322	110	106	SAT	
2021-07-02 00:45:44,908 [main] N.0.log 3213	2718	163	290	SAT	
2021-07-02 00:45:46,025 [main] N.0.log 1116	908	87	82	SAT	
2021-07-02 00:45:47,858 [main] N.0.log 1832	1578	102	110	SAT	
2021-07-02 00:45:49,160 [main] N.0.log 1300	666	58	538	SAT	
2021-07-02 00:45:51,652 [main] N.0.log 2492	2205	136	111	SAT	
2021-07-02 00:45:52,883 [main] N.0.log 1231	960	74	156	SAT	
2021-07-02 00:45:53,659 [main] N.0.log 775	589	69	77	SAT	
2021-07-02 00:45:55,152 [main] N.0.log 1492	1241	99	113	SAT	
2021-07-02 00:45:56,799 [main] N.0.log 1647	1294	98	216	SAT	
2021-07-02 00:45:57,875 [main] N.0.log 1076	654	53	330	SAT	
2021-07-02 00:45:59,261 [main] N.0.log 1386	1189	81	78	SAT	
2021-07-02 00:46:00,038 [main] N.0.log 777	356	32	341	SAT	
