2021-06-24 10:40:41,082 [main] N.1.log 6524	3290	421	2751	SAT	
2021-06-24 10:41:00,377 [main] N.1.log 19295	9517	858	8858	SAT	
2021-06-24 10:41:25,096 [main] N.1.log 24719	13851	1271	9551	SAT	
2021-06-24 10:42:04,242 [main] N.1.log 39146	10516	836	27747	SAT	
2021-06-24 10:42:47,546 [main] N.1.log 43289	14172	1289	27781	SAT	
2021-06-24 10:43:40,791 [main] N.1.log 53245	5839	585	46774	SAT	
2021-06-24 10:44:06,555 [main] N.1.log 25764	7466	697	17554	SAT	
2021-06-24 10:44:19,827 [main] N.1.log 13272	8248	710	4267	SAT	
2021-06-24 10:44:55,906 [main] N.1.log 36079	8545	745	26727	SAT	
2021-06-24 10:45:23,495 [main] N.1.log 27589	14214	1274	12054	SAT	
2021-06-24 10:45:41,692 [main] N.1.log 18197	9304	860	7987	SAT	
2021-06-24 10:45:58,820 [main] N.1.log 17128	12666	919	3497	SAT	
2021-06-24 10:47:03,701 [main] N.1.log 64881	14908	1284	48642	SAT	
2021-06-24 10:47:19,350 [main] N.1.log 15649	9099	910	5578	SAT	
2021-06-24 11:17:28,440 [main] N.1.log 1809090	8253	718	1800072	UNSAT	
2021-06-24 11:17:53,471 [main] N.1.log 25031	11341	1018	12609	SAT	
2021-06-24 11:18:15,950 [main] N.1.log 22479	9942	872	11618	SAT	
2021-06-24 11:18:52,791 [main] N.1.log 36841	12285	750	23759	SAT	
2021-06-24 11:19:29,731 [main] N.1.log 36940	12187	1030	23660	SAT	
2021-06-24 11:19:49,763 [main] N.1.log 20032	12680	1138	6167	SAT	
