2021-07-02 06:55:00,418 [main] N.0.log 14284	12539	1540	158	SAT	
2021-07-02 06:55:21,242 [main] N.0.log 20809	18648	1988	141	SAT	
2021-07-02 06:56:03,266 [main] N.0.log 42024	38154	3759	80	SAT	
2021-07-02 06:56:25,685 [main] N.0.log 22419	19586	2023	763	SAT	
2021-07-02 06:56:34,441 [main] N.0.log 8756	7551	1049	109	SAT	
2021-07-02 06:57:20,267 [main] N.0.log 45826	41439	3886	470	SAT	
2021-07-02 06:57:58,061 [main] N.0.log 37794	34354	3052	357	SAT	
2021-07-02 06:58:20,334 [main] N.0.log 22273	19511	2380	351	SAT	
2021-07-02 06:58:59,191 [main] N.0.log 38857	36461	2238	127	SAT	
2021-07-02 06:59:12,378 [main] N.0.log 13187	11442	1416	298	SAT	
2021-07-02 06:59:26,626 [main] N.0.log 14248	12593	1530	78	SAT	
2021-07-02 06:59:44,341 [main] N.0.log 17715	15578	1825	281	SAT	
2021-07-02 06:59:59,476 [main] N.0.log 15135	13325	1591	188	SAT	
2021-07-02 07:00:03,948 [main] N.0.log 4471	3139	609	690	SAT	
2021-07-02 07:00:37,474 [main] N.0.log 33526	31328	2133	34	SAT	
2021-07-02 07:01:02,575 [main] N.0.log 25101	22158	2644	268	SAT	
2021-07-02 07:01:29,476 [main] N.0.log 26901	24360	2353	142	SAT	
2021-07-02 07:02:09,934 [main] N.0.log 40458	36643	3641	143	SAT	
2021-07-02 07:32:44,160 [main] N.0.log 1834226	31370	2794	1800031	UNSAT	
2021-07-02 07:32:58,441 [main] N.0.log 14281	13031	1091	127	SAT	
2021-07-02 07:33:20,680 [main] N.0.log 22239	20652	1461	95	SAT	
2021-07-02 07:33:43,772 [main] N.0.log 23092	20149	2082	814	SAT	
2021-07-02 07:34:24,160 [main] N.0.log 40388	36708	3147	486	SAT	
2021-07-02 07:34:54,965 [main] N.0.log 30805	27662	3048	63	SAT	
2021-07-02 07:35:02,891 [main] N.0.log 7926	6805	997	93	SAT	
2021-07-02 07:35:29,655 [main] N.0.log 26764	25065	1556	96	SAT	
2021-07-02 07:35:52,097 [main] N.0.log 22442	19214	1453	1728	SAT	
2021-07-02 07:36:08,890 [main] N.0.log 16793	14826	1732	188	SAT	
2021-07-02 07:36:30,811 [main] N.0.log 21921	19857	1968	65	SAT	
2021-07-02 07:36:44,526 [main] N.0.log 13715	12007	1506	156	SAT	
