2021-06-24 17:36:54,887 [main] N.2.log 38951	15880	1662	21351	SAT		
2021-06-24 18:00:03,314 [main] N.2.log 28985	16734	1782	10192	SAT	
2021-06-24 18:10:17,290 [main] N.2.log 27541	16540	1734	8999	SAT	

2021-06-24 19:17:38,187 [main] N.2.log 30224	16921	1847	11191	SAT	
2021-06-24 19:48:10,029 [main] N.2.log 1831842	26313	4725	1800741	UNSAT	
2021-06-24 20:19:25,037 [main] N.2.log 1875008	68607	5596	1800743	UNSAT	
2021-06-24 20:50:33,702 [main] N.2.log 1868665	63497	4333	1800788	UNSAT	
2021-06-24 21:21:21,847 [main] N.2.log 1848145	43450	4032	1800601	UNSAT	
2021-06-24 21:39:43,408 [main] N.2.log 1101560	48630	5170	1047697	SAT	
2021-06-24 22:10:31,512 [main] N.2.log 1848104	44436	2873	1800732	UNSAT	
2021-06-24 22:13:59,823 [main] N.2.log 208311	42516	2476	163257	SAT	
2021-06-24 22:44:59,525 [main] N.2.log 1859702	54097	5156	1800386	UNSAT	
2021-06-24 23:15:56,931 [main] N.2.log 1857405	52386	4686	1800270	UNSAT	
2021-06-24 23:46:30,374 [main] N.2.log 1833442	30005	2831	1800559	UNSAT	
2021-06-25 00:16:56,759 [main] N.2.log 1826384	23377	2568	1800375	UNSAT	
2021-06-25 00:40:50,984 [main] N.2.log 1434224	45977	4833	1383351	SAT	
2021-06-25 01:11:53,418 [main] N.2.log 1862434	32796	2149	1827442	UNSAT	
2021-06-25 01:42:20,729 [main] N.2.log 1827311	24198	2857	1800207	UNSAT	
2021-06-25 02:13:19,694 [main] N.2.log 1858964	53483	4909	1800525	UNSAT	
2021-06-25 02:19:52,479 [main] N.2.log 392784	37142	2252	353342	SAT	
2021-06-25 02:50:26,963 [main] N.2.log 1834484	31279	2426	1800717	UNSAT	
2021-06-25 02:56:53,023 [main] N.2.log 386060	60668	4113	321201	SAT	
2021-06-25 03:27:40,693 [main] N.2.log 1847670	43128	4331	1800165	UNSAT	
