2021-06-24 10:38:55,346 [main] N.0.log 2884	2495	187	156	SAT	
2021-06-24 10:38:59,631 [main] N.0.log 4285	3575	252	395	SAT	
2021-06-24 10:39:05,911 [main] N.0.log 6280	4735	343	1155	SAT	
2021-06-24 10:39:10,553 [main] N.0.log 4642	3455	266	874	SAT	
2021-06-24 10:39:13,918 [main] N.0.log 3365	2700	219	399	SAT	
2021-06-24 10:39:18,655 [main] N.0.log 4737	3711	281	682	SAT	
2021-06-24 10:39:22,150 [main] N.0.log 3495	2098	188	1147	SAT	
2021-06-24 10:39:25,054 [main] N.0.log 2904	1886	175	797	SAT	
2021-06-24 10:39:31,881 [main] N.0.log 6827	4291	312	2162	SAT	
2021-06-24 10:39:37,241 [main] N.0.log 5360	4432	328	553	SAT	
2021-06-24 10:39:42,137 [main] N.0.log 4896	3301	265	1283	SAT	
2021-06-24 10:39:45,772 [main] N.0.log 3635	2582	219	787	SAT	
2021-06-24 10:39:51,632 [main] N.0.log 5860	3329	265	2219	SAT	
2021-06-24 10:39:56,943 [main] N.0.log 5311	4413	313	538	SAT	
2021-06-24 10:40:04,241 [main] N.0.log 7283	4274	297	2665	SAT	
2021-06-24 10:40:07,197 [main] N.0.log 2956	2316	203	390	SAT	
2021-06-24 10:40:12,389 [main] N.0.log 5192	2621	218	2306	SAT	
2021-06-24 10:40:23,985 [main] N.0.log 11596	4594	344	6611	SAT	
2021-06-24 10:40:28,959 [main] N.0.log 4974	3248	234	1445	SAT	
2021-06-24 10:40:34,511 [main] N.0.log 5536	4661	312	516	SAT	
