2021-07-02 00:48:55,018 [main] N.2.log 13332	4572	436	8276	SAT	
2021-07-02 00:49:12,242 [main] N.2.log 17223	9291	871	7013	SAT	
2021-07-02 01:16:07,053 [main] N.2.log 1614810	4230	485	1610046	SAT	
2021-07-02 01:16:16,822 [main] N.2.log 9769	7938	694	1106	SAT	
2021-07-02 01:16:34,883 [main] N.2.log 18061	7516	717	9781	SAT	
2021-07-02 01:16:46,722 [main] N.2.log 11839	7560	695	3553	SAT	
2021-07-02 01:16:56,531 [main] N.2.log 9809	7443	641	1694	SAT	
2021-07-02 01:47:01,004 [main] N.2.log 1804473	3974	413	1800055	UNSAT	
2021-07-02 01:47:12,882 [main] N.2.log 11877	5492	531	5822	SAT	
2021-07-02 01:47:17,022 [main] N.2.log 4140	2055	265	1774	SAT	
2021-07-02 01:47:28,364 [main] N.2.log 11342	6766	608	3936	SAT	
2021-07-02 01:47:40,843 [main] N.2.log 12479	2397	281	9770	SAT	
2021-07-02 01:47:50,919 [main] N.2.log 10076	6035	602	3408	SAT	
2021-07-02 01:47:55,946 [main] N.2.log 5027	3717	404	875	SAT	
2021-07-02 01:48:09,576 [main] N.2.log 13630	6251	593	6739	SAT	
2021-07-02 02:18:13,645 [main] N.2.log 1804068	3575	406	1800055	UNSAT	
2021-07-02 02:18:29,780 [main] N.2.log 16135	7306	672	8124	SAT	
2021-07-02 02:38:50,486 [main] N.2.log 1220706	11695	872	1208107	SAT	
2021-07-02 02:39:09,252 [main] N.2.log 18766	16547	1135	1037	SAT	
2021-07-02 02:39:19,253 [main] N.2.log 10001	3651	441	5878	SAT	
2021-07-02 02:39:38,883 [main] N.2.log 19630	7793	708	11083	SAT	
2021-07-02 02:40:00,411 [main] N.2.log 21528	9866	839	10792	SAT	
2021-07-02 02:40:15,933 [main] N.2.log 15522	12081	847	2547	SAT	
2021-07-02 02:40:24,704 [main] N.2.log 8771	1973	265	6486	SAT	
2021-07-02 02:40:37,372 [main] N.2.log 12668	9027	817	2778	SAT	
2021-07-02 02:41:27,991 [main] N.2.log 50619	9392	742	40454	SAT	
2021-07-02 02:41:35,115 [main] N.2.log 7124	6007	586	500	SAT	
2021-07-02 02:41:39,850 [main] N.2.log 4720	3947	444	297	SAT	
2021-07-02 02:42:01,205 [main] N.2.log 21355	5240	514	15570	SAT	
2021-07-02 02:42:07,968 [main] N.2.log 6763	3893	444	2379	SAT	
