2021-06-17 16:37:08,485 [main] N.0.log 5740	391	156	5193	SAT	
2021-06-17 16:37:11,666 [main] N.0.log 3181	390	156	2619	SAT	
2021-06-17 16:37:16,275 [main] N.0.log 4609	375	156	4062	SAT	
2021-06-17 16:37:37,820 [main] N.0.log 21545	375	140	21014	SAT	
2021-06-17 16:37:41,295 [main] N.0.log 3475	375	141	2944	SAT	
2021-06-17 16:37:44,473 [main] N.0.log 3178	375	140	2647	SAT	
2021-06-17 16:37:46,821 [main] N.0.log 2348	391	140	1802	SAT	
2021-06-17 16:37:50,145 [main] N.0.log 3324	390	141	2777	SAT	
2021-06-17 16:37:53,472 [main] N.0.log 3327	391	140	2796	SAT	
2021-06-17 16:37:56,956 [main] N.0.log 3484	375	156	2953	SAT	
2021-06-17 16:38:09,237 [main] N.0.log 12281	406	156	11703	SAT	
2021-06-17 16:38:12,914 [main] N.0.log 3677	375	172	3115	SAT	
2021-06-17 16:38:16,281 [main] N.0.log 3367	360	156	2851	SAT	
2021-06-17 16:38:18,300 [main] N.0.log 2019	343	156	1504	SAT	
2021-06-17 16:38:21,282 [main] N.0.log 2982	359	156	2451	SAT	
2021-06-17 16:38:25,726 [main] N.0.log 4444	391	140	3897	SAT	
2021-06-17 16:38:28,388 [main] N.0.log 2662	375	141	2131	SAT	
2021-06-17 16:38:31,647 [main] N.0.log 3259	375	156	2712	SAT	
2021-06-17 16:38:34,085 [main] N.0.log 2438	359	156	1907	SAT	
2021-06-17 16:38:36,635 [main] N.0.log 2550	391	156	1988	SAT	
2021-06-17 16:38:41,858 [main] N.0.log 5223	390	172	4645	SAT	
2021-06-17 16:38:47,218 [main] N.0.log 5360	375	156	4814	SAT	
2021-06-17 16:38:47,796 [main] N.0.log 578	375	141	47	UNSAT	
2021-06-17 16:38:53,062 [main] N.0.log 5266	376	126	4749	SAT	
2021-06-17 16:38:56,292 [main] N.0.log 3230	375	140	2699	SAT	
2021-06-17 16:39:00,267 [main] N.0.log 3975	375	156	3428	SAT	
2021-06-17 16:39:04,253 [main] N.0.log 3986	390	156	3424	SAT	
2021-06-17 16:39:08,789 [main] N.0.log 4536	359	141	4021	SAT	
2021-06-17 16:39:44,207 [main] N.0.log 35418	391	140	34872	SAT	
2021-06-17 16:39:47,058 [main] N.0.log 2851	360	156	2320	SAT	
