2021-07-01 11:53:57,590 [main] N.5.log 43471	31325	2921	8963	SAT	
2021-07-01 11:59:57,139 [main] N.5.log 120419	25055	2834	92256	SAT	
2021-07-01 12:05:50,156 [main] N.5.log 353014	41261	3487	308206	SAT	
2021-07-01 12:11:28,297 [main] N.5.log 338141	66491	3460	268143	SAT	
2021-07-01 12:12:46,133 [main] N.5.log 77821	29038	2996	45740	SAT	
2021-07-01 12:43:34,050 [main] N.5.log 1847917	44059	3713	1800098	UNSAT	
2021-07-01 12:46:12,063 [main] N.5.log 158011	29557	2642	125753	SAT	
2021-07-01 14:55:59,168 [main] N.5.log 70756	30837	3101	36556	SAT	
2021-07-01 14:57:34,980 [main] N.5.log 95797	26321	3070	66359	SAT	
2021-07-01 15:28:01,373 [main] N.5.log 1826393	23631	2340	1800297	UNSAT	
2021-07-01 15:29:26,319 [main] N.5.log 84945	55617	3588	25693	SAT	
2021-07-01 16:00:17,220 [main] N.5.log 1850886	47183	3256	1800400	UNSAT	
2021-07-01 16:30:41,726 [main] N.5.log 1824506	21782	2443	1800234	UNSAT	
2021-07-01 16:32:46,882 [main] N.5.log 125155	9214	1157	114720	SAT	
2021-07-01 17:03:11,772 [main] N.5.log 1824890	22481	2178	1800168	UNSAT	
2021-07-01 17:05:05,409 [main] N.5.log 113636	51041	4144	58404	SAT	
2021-07-01 17:06:52,936 [main] N.5.log 107527	57314	3986	46180	SAT	
2021-07-01 17:08:43,563 [main] N.5.log 110611	35909	2208	72447	SAT	
2021-07-01 17:39:25,627 [main] N.5.log 1842063	39694	2018	1800305	UNSAT	
2021-07-01 18:09:50,662 [main] N.5.log 1825034	22649	2142	1800180	UNSAT	
2021-07-01 18:12:00,622 [main] N.5.log 129960	25235	2109	102568	SAT	
2021-07-01 18:15:09,216 [main] N.5.log 188594	38890	3884	145774	SAT	
2021-07-01 18:45:26,349 [main] N.5.log 1817133	15537	1364	1800185	UNSAT	
2021-07-01 18:48:02,706 [main] N.5.log 156357	58888	4389	93031	SAT	
2021-07-01 18:51:16,134 [main] N.5.log 193428	46722	3736	142923	SAT	
2021-07-01 18:52:51,006 [main] N.5.log 94872	43498	3780	47547	SAT	
2021-07-01 18:56:54,379 [main] N.5.log 243373	31110	2202	210014	SAT	
