2021-07-01 21:25:16,242 [main] N.2.log 42380	20110	1703	20505	SAT	
2021-07-01 21:25:44,487 [main] N.2.log 28245	10871	1009	16318	SAT	
2021-07-01 21:26:18,768 [main] N.2.log 34281	20856	1483	11880	SAT	
2021-07-01 21:26:47,868 [main] N.2.log 29100	19207	1409	8437	SAT	
2021-07-01 21:56:53,069 [main] N.2.log 1805201	4484	532	1800139	UNSAT	
2021-07-01 21:57:31,252 [main] N.2.log 38183	13131	1080	23923	SAT	
2021-07-01 22:18:01,185 [main] N.2.log 1229933	25365	1698	1202824	SAT	
2021-07-01 22:48:16,970 [main] N.2.log 1815785	14413	1187	1800138	UNSAT	
2021-07-01 22:48:41,319 [main] N.2.log 24348	18090	1334	4877	SAT	
2021-07-01 22:49:29,491 [main] N.2.log 48172	31009	1550	15535	SAT	
2021-07-01 22:50:35,028 [main] N.2.log 65521	23918	1819	39737	SAT	
2021-07-01 22:51:00,528 [main] N.2.log 25500	19918	1465	4070	SAT	
2021-07-01 22:51:36,408 [main] N.2.log 35880	21552	1807	12458	SAT	
2021-07-01 22:51:48,364 [main] N.2.log 11956	11205	641	47	UNSAT	
2021-07-01 23:22:11,753 [main] N.2.log 1823389	22240	1041	1800061	UNSAT	
2021-07-01 23:22:45,685 [main] N.2.log 33932	14363	1278	18243	SAT	
2021-07-01 23:53:00,359 [main] N.2.log 1814674	13449	1082	1800096	UNSAT	
2021-07-01 23:55:02,699 [main] N.2.log 122339	26410	1726	94156	SAT	
2021-07-01 23:55:36,914 [main] N.2.log 34215	22631	1610	9927	SAT	
2021-07-02 00:16:02,400 [main] N.2.log 1225486	19459	1382	1204583	SAT	
2021-07-02 00:16:32,191 [main] N.2.log 29791	21285	1781	6678	SAT	
2021-07-02 00:16:53,226 [main] N.2.log 21035	11454	979	8555	SAT	
2021-07-02 00:17:52,373 [main] N.2.log 59147	14962	1257	42881	SAT	
2021-07-02 00:18:10,581 [main] N.2.log 18208	10450	929	6766	SAT	
2021-07-02 00:18:34,846 [main] N.2.log 24265	19314	1392	3512	SAT	
2021-07-02 00:19:41,037 [main] N.2.log 66191	16497	1227	48420	SAT	
2021-07-02 00:20:10,579 [main] N.2.log 29542	15158	1210	13127	SAT	
2021-07-02 00:20:35,788 [main] N.2.log 25209	19151	1428	4583	SAT	
2021-07-02 00:20:56,807 [main] N.2.log 21019	13512	1097	6363	SAT	
2021-07-02 00:21:35,098 [main] N.2.log 38291	23652	1003	13589	SAT	
