2021-06-24 11:54:05,689 [main] N.1.log 1832823	30110	2371	1800264	UNSAT	
2021-06-24 11:55:38,982 [main] N.1.log 93292	11252	1068	80894	SAT	
2021-06-24 11:56:37,713 [main] N.1.log 58731	38181	2776	17696	SAT	
2021-06-24 11:57:28,011 [main] N.1.log 50298	32326	2801	15093	SAT	
2021-06-24 11:58:19,452 [main] N.1.log 51441	20260	1824	29279	SAT	
2021-06-24 12:28:40,422 [main] N.1.log 1820970	19208	1532	1800152	UNSAT	
2021-06-24 12:29:31,765 [main] N.1.log 51342	30945	2395	17924	SAT	
2021-06-24 12:30:23,588 [main] N.1.log 51823	11732	1077	38936	SAT	
2021-06-24 12:31:56,840 [main] N.1.log 93252	22760	1793	68464	SAT	
2021-06-24 12:33:17,645 [main] N.1.log 80805	25260	1769	53698	SAT	
2021-06-24 13:03:41,306 [main] N.1.log 1823661	21322	1921	1800324	UNSAT	
2021-06-24 13:04:23,936 [main] N.1.log 42628	33453	2928	6169	SAT	
2021-06-24 13:04:59,364 [main] N.1.log 35428	19915	1631	13804	SAT	
2021-06-24 13:06:06,155 [main] N.1.log 66791	14541	1321	50851	SAT	
2021-06-24 13:06:36,040 [main] N.1.log 29885	25086	1863	2858	SAT	
2021-06-24 13:36:52,627 [main] N.1.log 1816587	15492	769	1800248	UNSAT	
2021-06-24 14:07:19,338 [main] N.1.log 1826710	24368	2079	1800185	UNSAT	
2021-06-24 14:07:55,761 [main] N.1.log 36421	14665	1344	20334	SAT	
2021-06-24 14:08:53,745 [main] N.1.log 57968	24752	1865	31289	SAT	
2021-06-24 14:10:55,294 [main] N.1.log 121549	24900	1860	94711	SAT	
