2021-07-01 12:52:38,178 [main] N.0.log 117780	107844	8907	766	SAT	
2021-07-01 12:53:13,092 [main] N.0.log 34899	30590	3616	626	SAT	
2021-07-01 12:53:33,930 [main] N.0.log 20838	18271	1855	650	SAT	
2021-07-01 12:55:11,099 [main] N.0.log 97169	90601	6099	422	SAT	
2021-07-01 12:57:32,310 [main] N.0.log 141211	131982	8777	406	SAT	
2021-07-01 13:00:08,047 [main] N.0.log 155737	102638	5683	47369	SAT	
2021-07-01 13:00:44,576 [main] N.0.log 36529	32312	3860	310	SAT	
2021-07-01 13:03:11,921 [main] N.0.log 147344	139397	7611	282	SAT	
2021-07-01 13:04:21,901 [main] N.0.log 69980	63364	5405	1164	SAT	
2021-07-01 13:06:10,969 [main] N.0.log 109068	102713	6018	290	SAT	
2021-07-01 13:09:00,925 [main] N.0.log 117746	107951	7529	2000	SAT	
2021-07-01 13:10:05,920 [main] N.0.log 64995	58644	5233	1055	SAT	
2021-07-01 13:11:14,945 [main] N.0.log 69009	56077	4696	8189	SAT	
2021-07-01 13:13:46,950 [main] N.0.log 151989	145338	6400	204	SAT	
2021-07-01 13:14:51,528 [main] N.0.log 64578	58514	5618	383	SAT	
2021-07-01 13:16:47,465 [main] N.0.log 115937	107803	7118	969	SAT	
2021-07-01 13:18:10,835 [main] N.0.log 83370	77358	5558	407	SAT	
2021-07-01 13:19:54,177 [main] N.0.log 103342	96298	6699	298	SAT	
2021-07-01 13:21:18,988 [main] N.0.log 84811	79527	4799	438	SAT	
2021-07-01 13:22:40,262 [main] N.0.log 81274	74510	5294	1423	SAT	
2021-07-01 13:24:09,575 [main] N.0.log 89313	82893	5405	968	SAT	
2021-07-01 13:25:30,641 [main] N.0.log 81066	74928	5716	375	SAT	
2021-07-01 13:26:46,608 [main] N.0.log 75967	70918	4736	266	SAT	
2021-07-01 13:27:32,853 [main] N.0.log 46245	41453	3806	923	SAT	
2021-07-01 13:28:52,152 [main] N.0.log 79299	73110	6000	126	SAT	
2021-07-01 13:30:16,324 [main] N.0.log 84172	77721	5965	440	SAT	
2021-07-01 13:31:40,454 [main] N.0.log 84130	77609	6082	393	SAT	
2021-07-01 13:33:06,605 [main] N.0.log 86151	80116	5814	174	SAT	
2021-07-01 13:34:35,832 [main] N.0.log 89212	83024	5905	236	SAT	
2021-07-01 13:35:42,816 [main] N.0.log 66984	60321	6302	314	SAT	
