2021-07-01 21:18:57,974 [main] N.1.log 12078	8090	721	2996	SAT	
2021-07-01 21:19:20,451 [main] N.1.log 22472	7727	705	13945	SAT	
2021-07-01 21:19:31,692 [main] N.1.log 11241	4795	490	5894	SAT	
2021-07-01 21:19:43,995 [main] N.1.log 12303	6945	461	4804	SAT	
2021-07-01 21:19:54,049 [main] N.1.log 10054	6486	575	2930	SAT	
2021-07-01 21:20:02,383 [main] N.1.log 8334	4342	422	3507	SAT	
2021-07-01 21:20:14,506 [main] N.1.log 12123	8591	597	2888	SAT	
2021-07-01 21:20:31,627 [main] N.1.log 17121	10032	426	6616	SAT	
2021-07-01 21:20:37,361 [main] N.1.log 5719	2983	281	2408	SAT	
2021-07-01 21:20:49,212 [main] N.1.log 11851	9051	616	2122	SAT	
2021-07-01 21:21:00,776 [main] N.1.log 11548	3092	312	8097	SAT	
2021-07-01 21:21:09,671 [main] N.1.log 8895	5708	507	2618	SAT	
2021-07-01 21:21:20,314 [main] N.1.log 10643	4653	447	5496	SAT	
2021-07-01 21:21:24,735 [main] N.1.log 4421	2985	309	1080	SAT	
2021-07-01 21:21:38,353 [main] N.1.log 13618	10494	671	2406	SAT	
2021-07-01 21:21:49,159 [main] N.1.log 10806	7781	636	2342	SAT	
2021-07-01 21:21:59,674 [main] N.1.log 10515	7941	547	1981	SAT	
2021-07-01 21:22:20,731 [main] N.1.log 21042	11454	719	8822	SAT	
2021-07-01 21:22:32,454 [main] N.1.log 11723	6314	531	4831	SAT	
2021-07-01 21:22:45,053 [main] N.1.log 12599	10700	851	1001	SAT	
2021-07-01 21:22:56,804 [main] N.1.log 11748	3408	344	7948	SAT	
2021-07-01 21:23:07,657 [main] N.1.log 10853	7474	531	2786	SAT	
2021-07-01 21:23:22,428 [main] N.1.log 14771	6229	547	7948	SAT	
2021-07-01 21:23:38,675 [main] N.1.log 16247	7100	531	8569	SAT	
2021-07-01 21:23:42,388 [main] N.1.log 3713	1710	240	1716	SAT	
2021-07-01 21:23:52,474 [main] N.1.log 10086	7025	543	2471	SAT	
2021-07-01 21:24:09,877 [main] N.1.log 17403	12587	869	3900	SAT	
2021-07-01 21:24:19,841 [main] N.1.log 9949	3126	328	6448	SAT	
2021-07-01 21:24:24,239 [main] N.1.log 4398	3287	328	736	SAT	
2021-07-01 21:24:33,784 [main] N.1.log 9545	6227	484	2771	SAT	
