2021-06-24 11:20:00,024 [main] N.0.log 10214	6947	539	2650	SAT	
2021-06-24 11:20:12,757 [main] N.0.log 12717	4596	409	7634	SAT	
2021-06-24 11:20:24,000 [main] N.0.log 11243	9686	694	785	SAT	
2021-06-24 11:20:34,275 [main] N.0.log 10275	7629	548	2020	SAT	
2021-06-24 11:20:47,789 [main] N.0.log 13514	7081	546	5808	SAT	
2021-06-24 11:20:57,811 [main] N.0.log 10022	7062	547	2335	SAT	
2021-06-24 11:21:07,507 [main] N.0.log 9696	7651	526	1441	SAT	
2021-06-24 11:21:19,509 [main] N.0.log 12002	8591	597	2736	SAT	
2021-06-24 11:21:32,848 [main] N.0.log 13339	7718	581	4962	SAT	
2021-06-24 11:21:43,369 [main] N.0.log 10521	7633	566	2228	SAT	
2021-06-24 11:21:56,358 [main] N.0.log 12989	5595	466	6850	SAT	
2021-06-24 11:22:04,642 [main] N.0.log 8269	7074	547	570	SAT	
2021-06-24 11:22:13,829 [main] N.0.log 9187	6497	535	2077	SAT	
2021-06-24 11:22:29,868 [main] N.0.log 16039	7093	563	8305	SAT	
2021-06-24 11:22:38,288 [main] N.0.log 8405	7587	567	173	SAT	
2021-06-24 11:22:52,484 [main] N.0.log 14196	6414	519	7169	SAT	
2021-06-24 11:23:02,887 [main] N.0.log 10403	8241	609	1459	SAT	
2021-06-24 11:23:14,668 [main] N.0.log 11781	7157	546	4000	SAT	
2021-06-24 11:23:22,896 [main] N.0.log 8228	7101	531	518	SAT	
2021-06-24 11:23:32,819 [main] N.0.log 9923	8289	594	962	SAT	
