2021-06-22 12:31:55,571 [main] N.1.log 1404	692	83	620	SAT	
2021-06-22 12:31:57,039 [main] N.1.log 1468	859	94	500	SAT	
2021-06-22 12:31:59,065 [main] N.1.log 2026	640	63	1323	SAT	
2021-06-22 12:31:59,978 [main] N.1.log 913	382	63	468	SAT	
2021-06-22 12:32:01,190 [main] N.1.log 1212	516	63	617	SAT	
2021-06-22 12:32:02,302 [main] N.1.log 1112	594	78	425	SAT	
2021-06-22 12:32:04,058 [main] N.1.log 1756	812	94	850	SAT	
2021-06-22 12:32:04,636 [main] N.1.log 578	312	47	219	SAT	
2021-06-22 12:32:06,130 [main] N.1.log 1494	899	109	471	SAT	
2021-06-22 12:32:07,114 [main] N.1.log 984	688	93	203	SAT	
2021-06-22 12:32:07,904 [main] N.1.log 783	547	47	187	SAT	
2021-06-22 12:32:09,519 [main] N.1.log 1599	1020	109	470	SAT	
2021-06-22 12:32:10,783 [main] N.1.log 1264	562	62	640	SAT	
2021-06-22 12:32:12,590 [main] N.1.log 1807	798	109	884	SAT	
2021-06-22 12:32:13,230 [main] N.1.log 640	437	47	156	SAT	
2021-06-22 12:32:13,992 [main] N.1.log 762	481	62	219	SAT	
2021-06-22 12:32:14,782 [main] N.1.log 790	500	62	212	SAT	
2021-06-22 12:32:15,785 [main] N.1.log 1003	441	62	484	SAT	
2021-06-22 12:32:16,552 [main] N.1.log 752	516	78	156	SAT	
2021-06-22 12:32:17,610 [main] N.1.log 1058	510	63	469	SAT	
2021-06-22 12:32:18,173 [main] N.1.log 563	361	47	140	SAT	
2021-06-22 12:32:19,487 [main] N.1.log 1314	799	94	421	SAT	
2021-06-22 12:32:20,366 [main] N.1.log 879	234	32	597	SAT	
2021-06-22 12:32:21,361 [main] N.1.log 995	656	78	261	SAT	
2021-06-22 12:32:22,111 [main] N.1.log 750	453	47	234	SAT	
2021-06-22 12:32:22,989 [main] N.1.log 878	612	62	188	SAT	
2021-06-22 12:32:24,025 [main] N.1.log 1036	614	78	344	SAT	
2021-06-22 12:32:25,562 [main] N.1.log 1537	772	125	640	SAT	
2021-06-22 12:32:26,899 [main] N.1.log 1337	875	118	344	SAT	
2021-06-22 12:32:27,321 [main] N.1.log 422	282	46	94	SAT	
