2021-06-22 10:57:08,843 [main] N.0.log 282	203	31	32	SAT	
2021-06-22 10:57:09,216 [main] N.0.log 373	234	31	108	SAT	
2021-06-22 10:57:09,528 [main] N.0.log 312	219	16	62	SAT	
2021-06-22 10:57:09,840 [main] N.0.log 312	171	32	93	SAT	
2021-06-22 10:57:10,200 [main] N.0.log 360	234	32	78	SAT	
2021-06-22 10:57:10,358 [main] N.0.log 158	111	15	32	SAT	
2021-06-22 10:57:10,670 [main] N.0.log 312	219	31	47	SAT	
2021-06-22 10:57:10,967 [main] N.0.log 297	203	15	63	SAT	
2021-06-22 10:57:11,219 [main] N.0.log 252	187	32	33	SAT	
2021-06-22 10:57:11,440 [main] N.0.log 219	172	16	31	SAT	
2021-06-22 10:57:11,784 [main] N.0.log 344	250	16	63	SAT	
2021-06-22 10:57:12,033 [main] N.0.log 249	141	15	78	SAT	
2021-06-22 10:57:12,303 [main] N.0.log 270	191	17	62	SAT	
2021-06-22 10:57:12,600 [main] N.0.log 297	219	31	47	SAT	
2021-06-22 10:57:12,912 [main] N.0.log 312	203	31	62	SAT	
2021-06-22 10:57:13,241 [main] N.0.log 329	219	16	94	SAT	
2021-06-22 10:57:13,506 [main] N.0.log 265	187	31	47	SAT	
2021-06-22 10:57:13,678 [main] N.0.log 172	94	0	62	SAT	
2021-06-22 10:57:13,928 [main] N.0.log 250	172	15	47	SAT	
2021-06-22 10:57:14,250 [main] N.0.log 322	218	16	72	SAT	
2021-06-22 10:57:14,531 [main] N.0.log 281	203	16	62	SAT	
2021-06-22 10:57:14,718 [main] N.0.log 187	93	16	62	SAT	
2021-06-22 10:57:15,031 [main] N.0.log 313	219	15	63	SAT	
2021-06-22 10:57:15,261 [main] N.0.log 230	124	0	90	SAT	
2021-06-22 10:57:15,511 [main] N.0.log 250	203	31	16	SAT	
2021-06-22 10:57:15,823 [main] N.0.log 312	218	16	62	SAT	
2021-06-22 10:57:16,167 [main] N.0.log 344	250	16	62	SAT	
2021-06-22 10:57:16,357 [main] N.0.log 190	78	18	94	SAT	
2021-06-22 10:57:16,778 [main] N.0.log 421	235	31	140	SAT	
2021-06-22 10:57:16,997 [main] N.0.log 219	125	16	62	SAT	
