2021-06-22 10:57:17,487 [main] N.0.log 427	241	15	156	SAT	
2021-06-22 10:57:17,753 [main] N.0.log 266	172	16	62	SAT	
2021-06-22 10:57:18,128 [main] N.0.log 375	266	31	78	SAT	
2021-06-22 10:57:18,508 [main] N.0.log 380	271	31	78	SAT	
2021-06-22 10:57:18,852 [main] N.0.log 344	219	31	94	SAT	
2021-06-22 10:57:19,164 [main] N.0.log 312	203	31	78	SAT	
2021-06-22 10:57:19,387 [main] N.0.log 223	144	16	47	SAT	
2021-06-22 10:57:19,668 [main] N.0.log 281	203	16	47	SAT	
2021-06-22 10:57:20,027 [main] N.0.log 359	250	16	78	SAT	
2021-06-22 10:57:20,344 [main] N.0.log 317	206	16	95	SAT	
2021-06-22 10:57:20,672 [main] N.0.log 328	203	31	94	SAT	
2021-06-22 10:57:21,140 [main] N.0.log 468	297	46	125	SAT	
2021-06-22 10:57:21,613 [main] N.0.log 473	269	32	156	SAT	
2021-06-22 10:57:22,003 [main] N.0.log 390	281	16	93	SAT	
2021-06-22 10:57:22,343 [main] N.0.log 340	172	15	137	SAT	
2021-06-22 10:57:22,624 [main] N.0.log 281	172	15	94	SAT	
2021-06-22 10:57:22,952 [main] N.0.log 328	234	16	62	SAT	
2021-06-22 10:57:23,392 [main] N.0.log 440	203	39	182	SAT	
2021-06-22 10:57:23,689 [main] N.0.log 297	157	31	94	SAT	
2021-06-22 10:57:23,954 [main] N.0.log 265	156	15	94	SAT	
2021-06-22 10:57:24,235 [main] N.0.log 281	188	31	62	SAT	
2021-06-22 10:57:24,504 [main] N.0.log 269	144	31	78	SAT	
2021-06-22 10:57:24,801 [main] N.0.log 297	203	16	62	SAT	
2021-06-22 10:57:25,098 [main] N.0.log 297	203	15	63	SAT	
2021-06-22 10:57:25,502 [main] N.0.log 404	234	31	123	SAT	
2021-06-22 10:57:25,939 [main] N.0.log 437	297	31	94	SAT	
2021-06-22 10:57:26,333 [main] N.0.log 394	316	15	63	SAT	
2021-06-22 10:57:26,651 [main] N.0.log 318	208	16	94	SAT	
2021-06-22 10:57:27,025 [main] N.0.log 374	312	31	31	SAT	
2021-06-22 10:57:27,369 [main] N.0.log 344	188	15	125	SAT	
