2021-06-22 12:32:30,006 [main] N.1.log 2622	1230	203	1189	SAT	
2021-06-22 12:32:33,614 [main] N.1.log 3608	1581	234	1778	SAT	
2021-06-22 12:32:37,620 [main] N.1.log 4006	1311	204	2491	SAT	
2021-06-22 12:32:40,683 [main] N.1.log 3063	1947	272	844	SAT	
2021-06-22 12:32:47,097 [main] N.1.log 6414	1863	274	4262	SAT	
2021-06-22 12:32:50,428 [main] N.1.log 3331	1277	219	1819	SAT	
2021-06-22 13:02:52,182 [main] N.1.log 1801754	1443	250	1800046	UNSAT	
2021-06-22 13:02:57,863 [main] N.1.log 5681	1972	271	3436	SAT	
2021-06-22 13:03:02,871 [main] N.1.log 5008	2166	281	2545	SAT	
2021-06-22 13:03:22,964 [main] N.1.log 20093	1520	234	18339	SAT	
2021-06-22 13:03:27,193 [main] N.1.log 4229	1632	250	2331	SAT	
2021-06-22 13:03:33,202 [main] N.1.log 6009	1804	244	3945	SAT	
2021-06-22 13:03:37,935 [main] N.1.log 4733	2174	297	2262	SAT	
2021-06-22 13:13:07,556 [main] N.1.log 569621	1100	141	568380	SAT	
2021-06-22 13:13:17,110 [main] N.1.log 9554	2015	235	7288	SAT	
2021-06-22 13:43:20,094 [main] N.1.log 1802984	2586	344	1800054	UNSAT	
2021-06-22 14:13:21,613 [main] N.1.log 1801519	1250	219	1800048	UNSAT	
2021-06-22 14:13:27,453 [main] N.1.log 5840	1562	203	4073	SAT	
2021-06-22 14:13:30,060 [main] N.1.log 2607	1158	188	1261	SAT	
2021-06-22 14:43:31,910 [main] N.1.log 1801850	1580	203	1800051	UNSAT	
2021-06-22 15:13:35,822 [main] N.1.log 1803912	1194	188	1802528	UNSAT	
2021-06-22 15:13:38,465 [main] N.1.log 2643	1493	203	946	SAT	
2021-06-22 15:13:43,057 [main] N.1.log 4592	1879	265	2448	SAT	
2021-06-22 15:13:50,862 [main] N.1.log 7805	750	141	6914	SAT	
2021-06-22 15:43:52,895 [main] N.1.log 1802033	1714	262	1800057	UNSAT	
2021-06-22 15:43:57,801 [main] N.1.log 4906	1683	234	2988	SAT	
2021-06-22 16:13:59,876 [main] N.1.log 1802075	1774	244	1800041	UNSAT	
2021-06-22 16:44:01,187 [main] N.1.log 1801311	1096	172	1800041	UNSAT	
2021-06-22 16:44:04,341 [main] N.1.log 3154	1232	156	1764	SAT	
2021-06-22 16:44:11,272 [main] N.1.log 6931	1900	274	4757	SAT	
