2021-06-17 16:39:47,918 [main] N.0.log 797	391	281	110	UNSAT	
2021-06-17 16:39:57,282 [main] N.0.log 9364	393	296	8675	SAT	
2021-06-17 16:40:03,993 [main] N.0.log 6711	390	312	5993	SAT	
2021-06-17 16:40:18,014 [main] N.0.log 14021	422	296	13287	SAT	
2021-06-17 16:40:28,640 [main] N.0.log 10626	437	281	9892	SAT	
2021-06-17 16:40:37,225 [main] N.0.log 8569	390	313	7866	SAT	
2021-06-17 16:40:47,429 [main] N.0.log 10204	407	265	9532	SAT	
2021-06-17 16:40:58,261 [main] N.0.log 10817	391	250	10176	SAT	
2021-06-17 16:41:09,430 [main] N.0.log 11154	391	281	10482	SAT	
2021-06-17 16:41:17,056 [main] N.0.log 7626	390	297	6939	SAT	
2021-06-17 16:41:27,082 [main] N.0.log 10026	406	282	9338	SAT	
2021-06-17 16:41:27,916 [main] N.0.log 818	397	312	109	UNSAT	
2021-06-17 16:41:37,823 [main] N.0.log 9907	396	312	9199	SAT	
2021-06-17 16:41:38,651 [main] N.0.log 813	391	328	94	UNSAT	
2021-06-17 16:41:46,143 [main] N.0.log 7492	410	281	6786	SAT	
2021-06-17 16:41:46,940 [main] N.0.log 797	406	281	110	UNSAT	
2021-06-17 16:41:55,480 [main] N.0.log 8540	380	328	7817	SAT	
2021-06-17 16:41:56,261 [main] N.0.log 781	390	281	110	UNSAT	
2021-06-17 16:42:03,303 [main] N.0.log 7042	378	266	6383	SAT	
2021-06-17 16:42:12,210 [main] N.0.log 8907	391	281	8235	SAT	
2021-06-17 16:42:23,347 [main] N.0.log 11135	391	312	10424	SAT	
2021-06-17 16:42:33,828 [main] N.0.log 10465	391	297	9777	SAT	
2021-06-17 16:42:40,212 [main] N.0.log 6384	391	250	5743	SAT	
2021-06-17 16:42:47,213 [main] N.0.log 7001	390	266	6329	SAT	
2021-06-17 16:42:57,693 [main] N.0.log 10464	390	297	9777	SAT	
2021-06-17 16:43:17,557 [main] N.0.log 19864	406	266	19176	SAT	
2021-06-17 16:43:18,400 [main] N.0.log 843	391	343	94	UNSAT	
2021-06-17 16:43:24,449 [main] N.0.log 6049	393	281	5359	SAT	
2021-06-17 16:43:34,473 [main] N.0.log 10024	390	266	9352	SAT	
2021-06-17 16:43:41,622 [main] N.0.log 7149	406	297	6446	SAT	
