2021-06-17 16:36:26,419 [main] N.0.log 1097	452	177	279	SAT	
2021-06-17 16:36:27,019 [main] N.0.log 596	356	55	164	SAT	
2021-06-17 16:36:27,424 [main] N.0.log 404	248	34	103	SAT	
2021-06-17 16:36:27,947 [main] N.0.log 523	274	43	194	SAT	
2021-06-17 16:36:28,578 [main] N.0.log 630	447	42	132	SAT	
2021-06-17 16:36:29,302 [main] N.0.log 723	528	44	135	SAT	
2021-06-17 16:36:29,770 [main] N.0.log 467	310	47	100	SAT	
2021-06-17 16:36:30,418 [main] N.0.log 647	439	68	129	SAT	
2021-06-17 16:36:30,932 [main] N.0.log 514	362	49	89	SAT	
2021-06-17 16:36:31,410 [main] N.0.log 476	275	48	144	SAT	
2021-06-17 16:36:31,932 [main] N.0.log 520	321	53	137	SAT	
2021-06-17 16:36:32,421 [main] N.0.log 489	309	57	107	SAT	
2021-06-17 16:36:33,149 [main] N.0.log 728	482	40	196	SAT	
2021-06-17 16:36:33,861 [main] N.0.log 712	341	55	307	SAT	
2021-06-17 16:36:34,403 [main] N.0.log 541	356	74	102	SAT	
2021-06-17 16:36:34,900 [main] N.0.log 496	304	47	135	SAT	
2021-06-17 16:36:35,414 [main] N.0.log 513	325	47	132	SAT	
2021-06-17 16:36:35,793 [main] N.0.log 378	224	30	113	SAT	
2021-06-17 16:36:36,196 [main] N.0.log 402	217	29	147	SAT	
2021-06-17 16:36:36,650 [main] N.0.log 454	237	33	176	SAT	
2021-06-17 16:36:37,039 [main] N.0.log 388	212	31	137	SAT	
2021-06-17 16:36:37,451 [main] N.0.log 411	246	33	123	SAT	
2021-06-17 16:36:37,903 [main] N.0.log 452	335	40	68	SAT	
2021-06-17 16:36:38,319 [main] N.0.log 416	204	28	174	SAT	
2021-06-17 16:36:38,768 [main] N.0.log 449	324	35	80	SAT	
2021-06-17 16:36:39,281 [main] N.0.log 511	291	38	171	SAT	
2021-06-17 16:36:39,707 [main] N.0.log 426	243	35	140	SAT	
2021-06-17 16:36:40,090 [main] N.0.log 382	260	35	78	SAT	
2021-06-17 16:36:40,475 [main] N.0.log 384	196	33	147	SAT	
2021-06-17 16:36:40,869 [main] N.0.log 393	273	31	79	SAT	
