2021-06-17 16:43:50,289 [main] N.0.log 8605	406	422	7761	SAT	
2021-06-17 16:43:51,287 [main] N.0.log 984	421	407	156	UNSAT	
2021-06-17 16:44:04,628 [main] N.0.log 13339	391	437	12511	SAT	
2021-06-17 16:44:22,817 [main] N.0.log 18189	408	438	17343	SAT	
2021-06-17 16:44:39,067 [main] N.0.log 16234	390	438	15406	SAT	
2021-06-17 16:44:59,496 [main] N.0.log 20429	399	391	19624	SAT	
2021-06-17 16:45:22,417 [main] N.0.log 22921	390	453	22062	SAT	
2021-06-17 16:45:31,106 [main] N.0.log 8689	391	437	7846	SAT	
2021-06-17 16:45:44,494 [main] N.0.log 13388	391	390	12592	SAT	
2021-06-17 16:45:59,503 [main] N.0.log 15009	390	497	14106	SAT	
2021-06-17 16:46:23,112 [main] N.0.log 23609	390	438	22781	SAT	
2021-06-17 16:46:39,980 [main] N.0.log 16868	406	391	16071	SAT	
2021-06-17 16:46:53,892 [main] N.0.log 13912	375	422	13100	SAT	
2021-06-17 16:47:24,019 [main] N.0.log 30127	374	438	29315	SAT	
2021-06-17 16:47:38,292 [main] N.0.log 14258	385	422	13451	SAT	
2021-06-17 16:47:55,004 [main] N.0.log 16712	422	375	15915	SAT	
2021-06-17 16:47:55,995 [main] N.0.log 976	391	422	163	UNSAT	
2021-06-17 16:48:10,356 [main] N.0.log 14359	375	406	13578	SAT	
2021-06-17 16:48:25,238 [main] N.0.log 14882	376	391	14099	SAT	
2021-06-17 16:48:41,860 [main] N.0.log 16622	375	406	15826	SAT	
2021-06-17 16:49:02,384 [main] N.0.log 20524	391	484	19649	SAT	
2021-06-17 16:49:03,367 [main] N.0.log 983	375	421	171	UNSAT	
2021-06-17 16:49:04,306 [main] N.0.log 938	391	375	172	UNSAT	
2021-06-17 16:49:21,292 [main] N.0.log 16986	377	428	16181	SAT	
2021-06-17 16:49:49,583 [main] N.0.log 28291	375	421	27495	SAT	
2021-06-17 16:50:04,046 [main] N.0.log 14463	391	375	13697	SAT	
2021-06-17 16:50:16,507 [main] N.0.log 12461	375	468	11602	SAT	
2021-06-17 16:50:35,761 [main] N.0.log 19238	375	422	18441	SAT	
2021-06-17 16:50:36,767 [main] N.0.log 990	375	437	178	UNSAT	
2021-06-17 16:50:53,794 [main] N.0.log 17025	391	374	16260	SAT	
